<?xml version="1.0" encoding="UTF-8"?>
<robot generator="Robot 7.4.1 (Python 3.14.2 on win32)" generated="2026-02-18T12:11:34.151934" rpa="false" schemaversion="5">
<suite id="s1" name="Test Complete Journey" source="C:\Users\Rohith\PycharmProjects\pythonProjectwipro\UI_ecommerce_automation\Robot\tests\test_complete_journey.robot">
<kw name="Open Browser To Demo Store" owner="common_keywords" type="SETUP">
<kw name="Open Browser" owner="SeleniumLibrary">
<msg time="2026-02-18T12:11:34.847169" level="INFO">Opening browser 'chrome' to base url 'https://demowebshop.tricentis.com'.</msg>
<arg>${BASE_URL}</arg>
<arg>${BROWSER}</arg>
<doc>Opens a new browser instance to the optional ``url``.</doc>
<status status="PASS" start="2026-02-18T12:11:34.846507" elapsed="5.844018"/>
</kw>
<kw name="Maximize Browser Window" owner="SeleniumLibrary">
<doc>Maximizes current browser window.</doc>
<status status="PASS" start="2026-02-18T12:11:40.691591" elapsed="0.072312"/>
</kw>
<status status="PASS" start="2026-02-18T12:11:34.844194" elapsed="5.920013"/>
</kw>
<test id="s1-t1" name="Register Users From CSV" line="12">
<status status="FAIL" start="2026-02-18T12:11:40.764364" elapsed="0.001812">Test cannot be empty.</status>
</test>
<kw name="Close Demo Browser" owner="common_keywords" type="TEARDOWN">
<kw name="Close Browser" owner="SeleniumLibrary">
<doc>Closes the current browser.</doc>
<status status="PASS" start="2026-02-18T12:11:40.768286" elapsed="2.434306"/>
</kw>
<status status="PASS" start="2026-02-18T12:11:40.767928" elapsed="2.434843"/>
</kw>
<status status="FAIL" start="2026-02-18T12:11:34.155639" elapsed="9.047200"/>
</suite>
<statistics>
<total>
<stat pass="0" fail="1" skip="0">All Tests</stat>
</total>
<tag>
</tag>
<suite>
<stat name="Test Complete Journey" id="s1" pass="0" fail="1" skip="0">Test Complete Journey</stat>
</suite>
</statistics>
<errors>
<msg time="2026-02-18T12:11:34.834084" level="ERROR">[ DataDriver ] Error in robot file:
  File "C:\Users\Rohith\PycharmProjects\pythonProjectwipro\UI_ecommerce_automation\Robot\tests\test_complete_journey.robot", line 0</msg>
<msg time="2026-02-18T12:11:34.834454" level="ERROR">In source file:
  File "../variables/users.csv", line 0</msg>
<msg time="2026-02-18T12:11:34.840509" level="ERROR">Calling method '_start_suite' of listener 'DataDriver' failed: ValueError: Unassigned requiered argument detected: ${first_name}.</msg>
</errors>
</robot>
