<?xml version="1.0" encoding="UTF-8"?>
<robot generator="Robot 7.4.1 (Python 3.14.2 on win32)" generated="2026-02-18T16:16:36.394657" rpa="false" schemaversion="5">
<suite id="s1" name="Tests" source="C:\Users\Rohith\PycharmProjects\pythonProjectwipro\Robot_New\tests">
<suite id="s1-s1" name="Test Flow" source="C:\Users\Rohith\PycharmProjects\pythonProjectwipro\Robot_New\tests\test_flow.robot">
<kw name="Open Browser To Demo Store" type="SETUP">
<kw name="Open Browser" owner="SeleniumLibrary">
<msg time="2026-02-18T16:16:37.227702" level="INFO">Opening browser 'chrome' to base url 'https://demowebshop.tricentis.com'.</msg>
<arg>${BASE_URL}</arg>
<arg>${BROWSER}</arg>
<doc>Opens a new browser instance to the optional ``url``.</doc>
<status status="PASS" start="2026-02-18T16:16:37.226947" elapsed="6.392173"/>
</kw>
<kw name="Maximize Browser Window" owner="SeleniumLibrary">
<doc>Maximizes current browser window.</doc>
<status status="PASS" start="2026-02-18T16:16:43.621054" elapsed="0.138125"/>
</kw>
<status status="PASS" start="2026-02-18T16:16:37.223590" elapsed="6.536029"/>
</kw>
<test id="s1-s1-t1" name="Full End To End Flow" line="12">
<tag>datadriven</tag>
<status status="FAIL" start="2026-02-18T16:16:43.759882" elapsed="0.005890">Test cannot be empty.</status>
</test>
<kw name="Close Browser" owner="SeleniumLibrary" type="TEARDOWN">
<doc>Closes the current browser.</doc>
<status status="PASS" start="2026-02-18T16:16:43.771095" elapsed="3.161479"/>
</kw>
<status status="FAIL" start="2026-02-18T16:16:36.502013" elapsed="10.430920"/>
</suite>
<status status="FAIL" start="2026-02-18T16:16:36.398223" elapsed="10.537279"/>
</suite>
<statistics>
<total>
<stat pass="0" fail="1" skip="0">All Tests</stat>
</total>
<tag>
<stat pass="0" fail="1" skip="0">datadriven</stat>
</tag>
<suite>
<stat name="Tests" id="s1" pass="0" fail="1" skip="0">Tests</stat>
<stat name="Test Flow" id="s1-s1" pass="0" fail="1" skip="0">Tests.Test Flow</stat>
</suite>
</statistics>
<errors>
<msg time="2026-02-18T16:16:37.213675" level="ERROR">[ DataDriver ] Error in robot file:
  File "C:\Users\Rohith\PycharmProjects\pythonProjectwipro\Robot_New\tests\test_flow.robot", line 0</msg>
<msg time="2026-02-18T16:16:37.214043" level="ERROR">In source file:
  File "C:\Users\Rohith\PycharmProjects\pythonProjectwipro\Robot_New\tests\variables\user.csv", line 0</msg>
<msg time="2026-02-18T16:16:37.221433" level="ERROR">Calling method '_start_suite' of listener 'DataDriver' failed: ValueError: Unassigned requiered argument detected: ${first_name}.</msg>
</errors>
</robot>
