<?xml version="1.0" encoding="UTF-8"?>
<robot generator="Robot 7.4.1 (Python 3.14.2 on win32)" generated="2026-02-16T12:55:32.755254" rpa="false" schemaversion="5">
<suite id="s1" name="Foodie" source="C:\Users\Rohith\PycharmProjects\pythonProjectwipro\Foodie_app\robot_tests\foodie.robot">
<test id="s1-t1" name="End To End Flow" line="10">
<kw name="Create Session" owner="RequestsLibrary">
<msg time="2026-02-16T12:55:33.252424" level="INFO">Creating Session using : alias=foodie, url=http://127.0.0.1:5000, headers={},                     cookies={}, auth=None, timeout=None, proxies=None, verify=False,                     debug=0 </msg>
<arg>foodie</arg>
<arg>${BASE}</arg>
<doc>Create Session: create a HTTP session to a server</doc>
<status status="PASS" start="2026-02-16T12:55:33.251577" elapsed="0.001242"/>
</kw>
<kw name="Evaluate" owner="BuiltIn">
<msg time="2026-02-16T12:55:33.255037" level="INFO">${rand} = 4943</msg>
<var>${rand}</var>
<arg>random.randint(1000,9999)</arg>
<arg>modules=random</arg>
<doc>Evaluates the given expression in Python and returns the result.</doc>
<status status="PASS" start="2026-02-16T12:55:33.253820" elapsed="0.001304"/>
</kw>
<kw name="Set Variable" owner="BuiltIn">
<msg time="2026-02-16T12:55:33.256398" level="INFO">${rname} = Hotel4943</msg>
<var>${rname}</var>
<arg>Hotel${rand}</arg>
<doc>Returns the given values which can then be assigned to a variables.</doc>
<status status="PASS" start="2026-02-16T12:55:33.255717" elapsed="0.000728"/>
</kw>
<kw name="Create Dictionary" owner="BuiltIn">
<msg time="2026-02-16T12:55:33.258778" level="INFO">${rdata} = {'name': 'Hotel4943', 'category': 'Indian', 'location': 'City', 'contact': '999'}</msg>
<var>${rdata}</var>
<arg>name=${rname}</arg>
<arg>category=Indian</arg>
<arg>location=City</arg>
<arg>contact=999</arg>
<doc>Creates and returns a dictionary based on the given ``items``.</doc>
<status status="PASS" start="2026-02-16T12:55:33.256951" elapsed="0.001922"/>
</kw>
<kw name="POST On Session" owner="RequestsLibrary">
<msg time="2026-02-16T12:55:33.298139" level="INFO">POST Request : url=http://127.0.0.1:5000/api/v1/restaurants 
 path_url=/api/v1/restaurants 
 headers={'User-Agent': 'python-requests/2.32.5', 'Accept-Encoding': 'gzip, deflate, zstd', 'Accept': '*/*', 'Connection': 'keep-alive', 'Content-Length': '81', 'Content-Type': 'application/json'} 
 body=b'{"name": "Hotel4943", "category": "Indian", "location": "City", "contact": "999"}' 
 </msg>
<msg time="2026-02-16T12:55:33.298348" level="INFO">POST Response : url=http://127.0.0.1:5000/api/v1/restaurants 
 status=201, reason=CREATED 
 headers={'Server': 'Werkzeug/3.1.5 Python/3.12.5', 'Date': 'Mon, 16 Feb 2026 07:25:33 GMT', 'Content-Type': 'application/json', 'Content-Length': '142', 'Connection': 'close'} 
 body={
  "active": true,
  "approved": false,
  "category": "Indian",
  "contact": "999",
  "id": 7,
  "location": "City",
  "name": "Hotel4943"
}
 
 </msg>
<msg time="2026-02-16T12:55:33.298673" level="INFO">${res} = &lt;Response [201]&gt;</msg>
<var>${res}</var>
<arg>foodie</arg>
<arg>/api/v1/restaurants</arg>
<arg>json=${rdata}</arg>
<doc>Sends a POST request on a previously created HTTP Session.</doc>
<status status="PASS" start="2026-02-16T12:55:33.260089" elapsed="0.038629"/>
</kw>
<kw name="Status Should Be" owner="RequestsLibrary">
<arg>201</arg>
<arg>${res}</arg>
<doc>Fails if response status code is different than the expected.</doc>
<status status="PASS" start="2026-02-16T12:55:33.299739" elapsed="0.001375"/>
</kw>
<kw name="Set Variable" owner="BuiltIn">
<msg time="2026-02-16T12:55:33.304929" level="INFO">${body} = {'active': True, 'approved': False, 'category': 'Indian', 'contact': '999', 'id': 7, 'location': 'City', 'name': 'Hotel4943'}</msg>
<var>${body}</var>
<arg>${res.json()}</arg>
<doc>Returns the given values which can then be assigned to a variables.</doc>
<status status="PASS" start="2026-02-16T12:55:33.303014" elapsed="0.002008"/>
</kw>
<kw name="Set Variable" owner="BuiltIn">
<msg time="2026-02-16T12:55:33.307734" level="INFO">${RID} = 7</msg>
<var>${RID}</var>
<arg>${body["id"]}</arg>
<doc>Returns the given values which can then be assigned to a variables.</doc>
<status status="PASS" start="2026-02-16T12:55:33.305901" elapsed="0.001940"/>
</kw>
<kw name="Create Dictionary" owner="BuiltIn">
<msg time="2026-02-16T12:55:33.309695" level="INFO">${ddata} = {'name': 'Pizza', 'price': '200'}</msg>
<var>${ddata}</var>
<arg>name=Pizza</arg>
<arg>price=200</arg>
<doc>Creates and returns a dictionary based on the given ``items``.</doc>
<status status="PASS" start="2026-02-16T12:55:33.308954" elapsed="0.000789"/>
</kw>
<kw name="POST On Session" owner="RequestsLibrary">
<msg time="2026-02-16T12:55:33.327528" level="INFO">POST Request : url=http://127.0.0.1:5000/api/v1/restaurants/7/dishes 
 path_url=/api/v1/restaurants/7/dishes 
 headers={'User-Agent': 'python-requests/2.32.5', 'Accept-Encoding': 'gzip, deflate, zstd', 'Accept': '*/*', 'Connection': 'keep-alive', 'Content-Length': '33', 'Content-Type': 'application/json'} 
 body=b'{"name": "Pizza", "price": "200"}' 
 </msg>
<msg time="2026-02-16T12:55:33.327809" level="INFO">POST Response : url=http://127.0.0.1:5000/api/v1/restaurants/7/dishes 
 status=201, reason=CREATED 
 headers={'Server': 'Werkzeug/3.1.5 Python/3.12.5', 'Date': 'Mon, 16 Feb 2026 07:25:33 GMT', 'Content-Type': 'application/json', 'Content-Length': '117', 'Connection': 'close'} 
 body={
  "enabled": true,
  "id_dishes": 10,
  "name": "Pizza",
  "price": "200",
  "restaurant_id": 7,
  "type": "veg"
}
 
 </msg>
<msg time="2026-02-16T12:55:33.328286" level="INFO">${res} = &lt;Response [201]&gt;</msg>
<var>${res}</var>
<arg>foodie</arg>
<arg>/api/v1/restaurants/${RID}/dishes</arg>
<arg>json=${ddata}</arg>
<doc>Sends a POST request on a previously created HTTP Session.</doc>
<status status="PASS" start="2026-02-16T12:55:33.311470" elapsed="0.016964"/>
</kw>
<kw name="Status Should Be" owner="RequestsLibrary">
<arg>201</arg>
<arg>${res}</arg>
<doc>Fails if response status code is different than the expected.</doc>
<status status="PASS" start="2026-02-16T12:55:33.329442" elapsed="0.000916"/>
</kw>
<kw name="Set Variable" owner="BuiltIn">
<msg time="2026-02-16T12:55:33.332307" level="INFO">${email} = user4943@mail.com</msg>
<var>${email}</var>
<arg>user${rand}@mail.com</arg>
<doc>Returns the given values which can then be assigned to a variables.</doc>
<status status="PASS" start="2026-02-16T12:55:33.331215" elapsed="0.001158"/>
</kw>
<kw name="Create Dictionary" owner="BuiltIn">
<msg time="2026-02-16T12:55:33.334246" level="INFO">${udata} = {'name': 'User4943', 'email': 'user4943@mail.com', 'password': '123'}</msg>
<var>${udata}</var>
<arg>name=User${rand}</arg>
<arg>email=${email}</arg>
<arg>password=123</arg>
<doc>Creates and returns a dictionary based on the given ``items``.</doc>
<status status="PASS" start="2026-02-16T12:55:33.333141" elapsed="0.001169"/>
</kw>
<kw name="POST On Session" owner="RequestsLibrary">
<msg time="2026-02-16T12:55:33.371586" level="INFO">POST Request : url=http://127.0.0.1:5000/api/v1/users/register 
 path_url=/api/v1/users/register 
 headers={'User-Agent': 'python-requests/2.32.5', 'Accept-Encoding': 'gzip, deflate, zstd', 'Accept': '*/*', 'Connection': 'keep-alive', 'Content-Length': '69', 'Content-Type': 'application/json'} 
 body=b'{"name": "User4943", "email": "user4943@mail.com", "password": "123"}' 
 </msg>
<msg time="2026-02-16T12:55:33.371775" level="INFO">POST Response : url=http://127.0.0.1:5000/api/v1/users/register 
 status=201, reason=CREATED 
 headers={'Server': 'Werkzeug/3.1.5 Python/3.12.5', 'Date': 'Mon, 16 Feb 2026 07:25:33 GMT', 'Content-Type': 'application/json', 'Content-Length': '89', 'Connection': 'close'} 
 body={
  "email": "user4943@mail.com",
  "id": 8,
  "name": "User4943",
  "password": "123"
}
 
 </msg>
<msg time="2026-02-16T12:55:33.372188" level="INFO">${res} = &lt;Response [201]&gt;</msg>
<var>${res}</var>
<arg>foodie</arg>
<arg>/api/v1/users/register</arg>
<arg>json=${udata}</arg>
<doc>Sends a POST request on a previously created HTTP Session.</doc>
<status status="PASS" start="2026-02-16T12:55:33.334990" elapsed="0.037241"/>
</kw>
<kw name="Status Should Be" owner="RequestsLibrary">
<arg>201</arg>
<arg>${res}</arg>
<doc>Fails if response status code is different than the expected.</doc>
<status status="PASS" start="2026-02-16T12:55:33.373408" elapsed="0.000673"/>
</kw>
<kw name="Set Variable" owner="BuiltIn">
<msg time="2026-02-16T12:55:33.376784" level="INFO">${body} = {'email': 'user4943@mail.com', 'id': 8, 'name': 'User4943', 'password': '123'}</msg>
<var>${body}</var>
<arg>${res.json()}</arg>
<doc>Returns the given values which can then be assigned to a variables.</doc>
<status status="PASS" start="2026-02-16T12:55:33.374630" elapsed="0.002276"/>
</kw>
<kw name="Set Variable" owner="BuiltIn">
<msg time="2026-02-16T12:55:33.378698" level="INFO">${UID} = 8</msg>
<var>${UID}</var>
<arg>${body["id"]}</arg>
<doc>Returns the given values which can then be assigned to a variables.</doc>
<status status="PASS" start="2026-02-16T12:55:33.377554" elapsed="0.001193"/>
</kw>
<kw name="Create Dictionary" owner="BuiltIn">
<msg time="2026-02-16T12:55:33.381342" level="INFO">${item} = {'name': 'Pizza', 'qty': '2'}</msg>
<var>${item}</var>
<arg>name=Pizza</arg>
<arg>qty=2</arg>
<doc>Creates and returns a dictionary based on the given ``items``.</doc>
<status status="PASS" start="2026-02-16T12:55:33.380010" elapsed="0.001469"/>
</kw>
<kw name="Create List" owner="BuiltIn">
<msg time="2026-02-16T12:55:33.383271" level="INFO">${items} = [{'name': 'Pizza', 'qty': '2'}]</msg>
<var>${items}</var>
<arg>${item}</arg>
<doc>Returns a list containing given items.</doc>
<status status="PASS" start="2026-02-16T12:55:33.382511" elapsed="0.000816"/>
</kw>
<kw name="Create Dictionary" owner="BuiltIn">
<msg time="2026-02-16T12:55:33.385346" level="INFO">${odata} = {'user_id': 8, 'restaurant_id': 7, 'items': [{'name': 'Pizza', 'qty': '2'}]}</msg>
<var>${odata}</var>
<arg>user_id=${UID}</arg>
<arg>restaurant_id=${RID}</arg>
<arg>items=${items}</arg>
<doc>Creates and returns a dictionary based on the given ``items``.</doc>
<status status="PASS" start="2026-02-16T12:55:33.384076" elapsed="0.001401"/>
</kw>
<kw name="POST On Session" owner="RequestsLibrary">
<msg time="2026-02-16T12:55:33.504952" level="INFO">POST Request : url=http://127.0.0.1:5000/api/v1/orders 
 path_url=/api/v1/orders 
 headers={'User-Agent': 'python-requests/2.32.5', 'Accept-Encoding': 'gzip, deflate, zstd', 'Accept': '*/*', 'Connection': 'keep-alive', 'Content-Length': '76', 'Content-Type': 'application/json'} 
 body=b'{"user_id": 8, "restaurant_id": 7, "items": [{"name": "Pizza", "qty": "2"}]}' 
 </msg>
<msg time="2026-02-16T12:55:33.505081" level="INFO">POST Response : url=http://127.0.0.1:5000/api/v1/orders 
 status=201, reason=CREATED 
 headers={'Server': 'Werkzeug/3.1.5 Python/3.12.5', 'Date': 'Mon, 16 Feb 2026 07:25:33 GMT', 'Content-Type': 'application/json', 'Content-Length': '169', 'Connection': 'close'} 
 body={
  "id": 3,
  "items": [
    {
      "name": "Pizza",
      "price": 200,
      "qty": 2
    }
  ],
  "restaurant": "Hotel4943",
  "total": 400,
  "user": "User4943"
}
 
 </msg>
<msg time="2026-02-16T12:55:33.505283" level="INFO">${res} = &lt;Response [201]&gt;</msg>
<var>${res}</var>
<arg>foodie</arg>
<arg>/api/v1/orders</arg>
<arg>json=${odata}</arg>
<doc>Sends a POST request on a previously created HTTP Session.</doc>
<status status="PASS" start="2026-02-16T12:55:33.386572" elapsed="0.118747"/>
</kw>
<kw name="Status Should Be" owner="RequestsLibrary">
<arg>201</arg>
<arg>${res}</arg>
<doc>Fails if response status code is different than the expected.</doc>
<status status="PASS" start="2026-02-16T12:55:33.505878" elapsed="0.000451"/>
</kw>
<kw name="Set Variable" owner="BuiltIn">
<msg time="2026-02-16T12:55:33.508749" level="INFO">${body} = {'id': 3, 'items': [{'name': 'Pizza', 'price': 200, 'qty': 2}], 'restaurant': 'Hotel4943', 'total': 400, 'user': 'User4943'}</msg>
<var>${body}</var>
<arg>${res.json()}</arg>
<doc>Returns the given values which can then be assigned to a variables.</doc>
<status status="PASS" start="2026-02-16T12:55:33.507080" elapsed="0.001726"/>
</kw>
<kw name="Set Variable" owner="BuiltIn">
<msg time="2026-02-16T12:55:33.511148" level="INFO">${OID} = 3</msg>
<var>${OID}</var>
<arg>${body["id"]}</arg>
<doc>Returns the given values which can then be assigned to a variables.</doc>
<status status="PASS" start="2026-02-16T12:55:33.509414" elapsed="0.001824"/>
</kw>
<kw name="GET On Session" owner="RequestsLibrary">
<msg time="2026-02-16T12:55:33.547692" level="INFO">GET Request : url=http://127.0.0.1:5000/api/v1/users/8/orders 
 path_url=/api/v1/users/8/orders 
 headers={'User-Agent': 'python-requests/2.32.5', 'Accept-Encoding': 'gzip, deflate, zstd', 'Accept': '*/*', 'Connection': 'keep-alive'} 
 body=None 
 </msg>
<msg time="2026-02-16T12:55:33.547817" level="INFO">GET Response : url=http://127.0.0.1:5000/api/v1/users/8/orders 
 status=200, reason=OK 
 headers={'Server': 'Werkzeug/3.1.5 Python/3.12.5', 'Date': 'Mon, 16 Feb 2026 07:25:33 GMT', 'Content-Type': 'application/json', 'Content-Length': '175', 'Connection': 'close'} 
 body=[
  {
    "id": 3,
    "items": [
      {
        "name": "Pizza",
        "price": 200,
        "qty": 2
      }
    ],
    "restaurant": "Hotel4943",
    "total": 400
  }
]
 
 </msg>
<msg time="2026-02-16T12:55:33.548075" level="INFO">${res} = &lt;Response [200]&gt;</msg>
<var>${res}</var>
<arg>foodie</arg>
<arg>/api/v1/users/${UID}/orders</arg>
<doc>Sends a GET request on a previously created HTTP Session.</doc>
<status status="PASS" start="2026-02-16T12:55:33.511911" elapsed="0.036204"/>
</kw>
<kw name="Status Should Be" owner="RequestsLibrary">
<arg>200</arg>
<arg>${res}</arg>
<doc>Fails if response status code is different than the expected.</doc>
<status status="PASS" start="2026-02-16T12:55:33.548972" elapsed="0.000663"/>
</kw>
<kw name="GET On Session" owner="RequestsLibrary">
<msg time="2026-02-16T12:55:33.559128" level="INFO">GET Request : url=http://127.0.0.1:5000/api/v1/restaurants/7/orders 
 path_url=/api/v1/restaurants/7/orders 
 headers={'User-Agent': 'python-requests/2.32.5', 'Accept-Encoding': 'gzip, deflate, zstd', 'Accept': '*/*', 'Connection': 'keep-alive'} 
 body=None 
 </msg>
<msg time="2026-02-16T12:55:33.559485" level="INFO">GET Response : url=http://127.0.0.1:5000/api/v1/restaurants/7/orders 
 status=200, reason=OK 
 headers={'Server': 'Werkzeug/3.1.5 Python/3.12.5', 'Date': 'Mon, 16 Feb 2026 07:25:33 GMT', 'Content-Type': 'application/json', 'Content-Length': '168', 'Connection': 'close'} 
 body=[
  {
    "id": 3,
    "items": [
      {
        "name": "Pizza",
        "price": 200,
        "qty": 2
      }
    ],
    "total": 400,
    "user": "User4943"
  }
]
 
 </msg>
<msg time="2026-02-16T12:55:33.559809" level="INFO">${res} = &lt;Response [200]&gt;</msg>
<var>${res}</var>
<arg>foodie</arg>
<arg>/api/v1/restaurants/${RID}/orders</arg>
<doc>Sends a GET request on a previously created HTTP Session.</doc>
<status status="PASS" start="2026-02-16T12:55:33.550268" elapsed="0.009583"/>
</kw>
<kw name="Status Should Be" owner="RequestsLibrary">
<arg>200</arg>
<arg>${res}</arg>
<doc>Fails if response status code is different than the expected.</doc>
<status status="PASS" start="2026-02-16T12:55:33.561256" elapsed="0.000824"/>
</kw>
<kw name="Create Dictionary" owner="BuiltIn">
<msg time="2026-02-16T12:55:33.566725" level="INFO">${rating} = {'order_id': 3, 'rating': '5', 'comment': 'Good'}</msg>
<var>${rating}</var>
<arg>order_id=${OID}</arg>
<arg>rating=5</arg>
<arg>comment=Good</arg>
<doc>Creates and returns a dictionary based on the given ``items``.</doc>
<status status="PASS" start="2026-02-16T12:55:33.564153" elapsed="0.002717"/>
</kw>
<kw name="POST On Session" owner="RequestsLibrary">
<msg time="2026-02-16T12:55:33.575495" level="INFO">POST Request : url=http://127.0.0.1:5000/api/v1/ratings 
 path_url=/api/v1/ratings 
 headers={'User-Agent': 'python-requests/2.32.5', 'Accept-Encoding': 'gzip, deflate, zstd', 'Accept': '*/*', 'Connection': 'keep-alive', 'Content-Length': '49', 'Content-Type': 'application/json'} 
 body=b'{"order_id": 3, "rating": "5", "comment": "Good"}' 
 </msg>
<msg time="2026-02-16T12:55:33.575757" level="INFO">POST Response : url=http://127.0.0.1:5000/api/v1/ratings 
 status=201, reason=CREATED 
 headers={'Server': 'Werkzeug/3.1.5 Python/3.12.5', 'Date': 'Mon, 16 Feb 2026 07:25:33 GMT', 'Content-Type': 'application/json', 'Content-Length': '69', 'Connection': 'close'} 
 body={
  "comment": "Good",
  "id": 6,
  "order_id": 3,
  "rating": "5"
}
 
 </msg>
<msg time="2026-02-16T12:55:33.576014" level="INFO">${res} = &lt;Response [201]&gt;</msg>
<var>${res}</var>
<arg>foodie</arg>
<arg>/api/v1/ratings</arg>
<arg>json=${rating}</arg>
<doc>Sends a POST request on a previously created HTTP Session.</doc>
<status status="PASS" start="2026-02-16T12:55:33.567767" elapsed="0.008287"/>
</kw>
<kw name="Status Should Be" owner="RequestsLibrary">
<arg>201</arg>
<arg>${res}</arg>
<doc>Fails if response status code is different than the expected.</doc>
<status status="PASS" start="2026-02-16T12:55:33.577126" elapsed="0.000695"/>
</kw>
<kw name="GET On Session" owner="RequestsLibrary">
<msg time="2026-02-16T12:55:33.613200" level="INFO">GET Request : url=http://127.0.0.1:5000/api/v1/admin/feedback 
 path_url=/api/v1/admin/feedback 
 headers={'User-Agent': 'python-requests/2.32.5', 'Accept-Encoding': 'gzip, deflate, zstd', 'Accept': '*/*', 'Connection': 'keep-alive'} 
 body=None 
 </msg>
<msg time="2026-02-16T12:55:33.613358" level="INFO">GET Response : url=http://127.0.0.1:5000/api/v1/admin/feedback 
 status=200, reason=OK 
 headers={'Server': 'Werkzeug/3.1.5 Python/3.12.5', 'Date': 'Mon, 16 Feb 2026 07:25:33 GMT', 'Content-Type': 'application/json', 'Content-Length': '488', 'Connection': 'close'} 
 body=[
  {
    "comment": "average",
    "id": 1,
    "order_id": 1,
    "rating": 5
  },
  {
    "comment": "Good",
    "id": 2,
    "order_id": 1,
    "rating": 5
  },
  {
    "comment": "Good",
    "id": 3,
    "order_id": 1,
    "rating": 5
  },
  {
    "comment": "Good",
    "id": 4,
    "order_id": 1,
    "rating": 5
  },
  {
    "comment": "Good",
    "id": 5,
    "order_id": 1,
    "rating": 5
  },
  {
    "comment": "Good",
    "id": 6,
    "order_id": 3,
    "rating": "5"
  }
]
 
 </msg>
<msg time="2026-02-16T12:55:33.613568" level="INFO">${res} = &lt;Response [200]&gt;</msg>
<var>${res}</var>
<arg>foodie</arg>
<arg>/api/v1/admin/feedback</arg>
<doc>Sends a GET request on a previously created HTTP Session.</doc>
<status status="PASS" start="2026-02-16T12:55:33.578335" elapsed="0.035274"/>
</kw>
<kw name="Status Should Be" owner="RequestsLibrary">
<arg>200</arg>
<arg>${res}</arg>
<doc>Fails if response status code is different than the expected.</doc>
<status status="PASS" start="2026-02-16T12:55:33.614788" elapsed="0.000790"/>
</kw>
<kw name="GET On Session" owner="RequestsLibrary">
<msg time="2026-02-16T12:55:33.625732" level="INFO">GET Request : url=http://127.0.0.1:5000/api/v1/admin/orders 
 path_url=/api/v1/admin/orders 
 headers={'User-Agent': 'python-requests/2.32.5', 'Accept-Encoding': 'gzip, deflate, zstd', 'Accept': '*/*', 'Connection': 'keep-alive'} 
 body=None 
 </msg>
<msg time="2026-02-16T12:55:33.625925" level="INFO">GET Response : url=http://127.0.0.1:5000/api/v1/admin/orders 
 status=200, reason=OK 
 headers={'Server': 'Werkzeug/3.1.5 Python/3.12.5', 'Date': 'Mon, 16 Feb 2026 07:25:33 GMT', 'Content-Type': 'application/json', 'Content-Length': '558', 'Connection': 'close'} 
 body=[
  {
    "id": 1,
    "items": [
      {
        "name": "Masala Dosa",
        "price": 250,
        "qty": 2
      }
    ],
    "restaurant_id": 1,
    "total": 500,
    "user_id": 1
  },
  {
    "id": 2,
    "items": [
      {
        "name": "Pizza",
        "price": 200,
        "qty": 2
      }
    ],
    "restaurant_id": 3,
    "total": 400,
    "user_id": 4
  },
  {
    "id": 3,
    "items": [
      {
        "name": "Pizza",
        "price": 200,
        "qty": 2
      }
    ],
    "restaurant_id": 7,
    "total": 400,
    "user_id": 8
  }
]
 
 </msg>
<msg time="2026-02-16T12:55:33.626371" level="INFO">${res} = &lt;Response [200]&gt;</msg>
<var>${res}</var>
<arg>foodie</arg>
<arg>/api/v1/admin/orders</arg>
<doc>Sends a GET request on a previously created HTTP Session.</doc>
<status status="PASS" start="2026-02-16T12:55:33.616697" elapsed="0.009737"/>
</kw>
<kw name="Status Should Be" owner="RequestsLibrary">
<arg>200</arg>
<arg>${res}</arg>
<doc>Fails if response status code is different than the expected.</doc>
<status status="PASS" start="2026-02-16T12:55:33.627457" elapsed="0.001161"/>
</kw>
<status status="PASS" start="2026-02-16T12:55:33.249786" elapsed="0.380082"/>
</test>
<status status="PASS" start="2026-02-16T12:55:32.760487" elapsed="0.872318"/>
</suite>
<statistics>
<total>
<stat pass="1" fail="0" skip="0">All Tests</stat>
</total>
<tag>
</tag>
<suite>
<stat name="Foodie" id="s1" pass="1" fail="0" skip="0">Foodie</stat>
</suite>
</statistics>
<errors>
</errors>
</robot>
