<?xml version="1.0" encoding="UTF-8"?>
<robot generator="Robot 7.4.1 (Python 3.14.2 on win32)" generated="2026-02-23T21:54:05.987045" rpa="false" schemaversion="5">
<suite id="s1" name="End2End Flow" source="C:\Users\Rohith\OneDrive\Desktop\Project\Robot\tests\end2end_flow.robot">
<test id="s1-t1" name="E2E Flow for user ROHITH" line="15">
<kw name="Open Browser To Application" owner="common" type="SETUP">
<kw name="Run Keyword If" owner="BuiltIn">
<kw name="Open Chrome Browser" owner="common">
<kw name="Evaluate" owner="BuiltIn">
<msg time="2026-02-23T21:54:06.517264" level="INFO">${options} = &lt;selenium.webdriver.chrome.options.Options object at 0x00000262104FAF90&gt;</msg>
<var>${options}</var>
<arg>sys.modules['selenium.webdriver'].ChromeOptions()</arg>
<arg>sys</arg>
<doc>Evaluates the given expression in Python and returns the result.</doc>
<status status="PASS" start="2026-02-23T21:54:06.516839" elapsed="0.000474"/>
</kw>
<kw name="Call Method" owner="BuiltIn">
<arg>${options}</arg>
<arg>add_argument</arg>
<arg>--ignore-certificate-errors</arg>
<doc>Calls the named method of the given object with the provided arguments.</doc>
<status status="PASS" start="2026-02-23T21:54:06.517486" elapsed="0.000246"/>
</kw>
<kw name="Call Method" owner="BuiltIn">
<arg>${options}</arg>
<arg>add_argument</arg>
<arg>--allow-running-insecure-content</arg>
<doc>Calls the named method of the given object with the provided arguments.</doc>
<status status="PASS" start="2026-02-23T21:54:06.517838" elapsed="0.000208"/>
</kw>
<kw name="Open Browser" owner="SeleniumLibrary">
<msg time="2026-02-23T21:54:06.518424" level="INFO">Opening browser 'chrome' to base url 'https://demowebshop.tricentis.com'.</msg>
<arg>${BASE_URL}</arg>
<arg>chrome</arg>
<arg>options=${options}</arg>
<doc>Opens a new browser instance to the optional ``url``.</doc>
<status status="PASS" start="2026-02-23T21:54:06.518177" elapsed="13.077016"/>
</kw>
<kw name="Sleep" owner="BuiltIn">
<msg time="2026-02-23T21:54:21.596601" level="INFO">Slept 2 seconds.</msg>
<arg>2s</arg>
<doc>Pauses the test executed for the given time.</doc>
<status status="PASS" start="2026-02-23T21:54:19.595449" elapsed="2.001417"/>
</kw>
<kw name="Press Keys" owner="SeleniumLibrary">
<msg time="2026-02-23T21:54:21.597914" level="INFO">Sending key(s) ('thisisunsafe',) to page.</msg>
<msg time="2026-02-23T21:54:21.598051" level="INFO">Sending keys thisisunsafe</msg>
<arg>NONE</arg>
<arg>thisisunsafe</arg>
<doc>Simulates the user pressing key(s) to an element or on the active browser.</doc>
<status status="PASS" start="2026-02-23T21:54:21.597158" elapsed="0.024556"/>
</kw>
<status status="PASS" start="2026-02-23T21:54:06.516548" elapsed="15.105300"/>
</kw>
<arg>'${BROWSER}' == 'chrome'</arg>
<arg>Open Chrome Browser</arg>
<arg>ELSE IF</arg>
<arg>'${BROWSER}' == 'firefox'</arg>
<arg>Open Firefox Browser</arg>
<arg>ELSE IF</arg>
<arg>'${BROWSER}' == 'edge'</arg>
<arg>Open Edge Browser</arg>
<arg>ELSE</arg>
<arg>Fail</arg>
<arg>Unsupported browser: ${BROWSER}</arg>
<doc>Runs the given keyword with the given arguments, if ``condition`` is true.</doc>
<status status="PASS" start="2026-02-23T21:54:06.515645" elapsed="15.106261"/>
</kw>
<kw name="Maximize Browser Window" owner="SeleniumLibrary">
<doc>Maximizes current browser window.</doc>
<status status="PASS" start="2026-02-23T21:54:21.622066" elapsed="0.024820"/>
</kw>
<kw name="Register Keyword To Run On Failure" owner="SeleniumLibrary">
<msg time="2026-02-23T21:54:21.647472" level="INFO">Capture Page Screenshot will be run on failure.</msg>
<arg>Capture Page Screenshot</arg>
<doc>Sets the keyword to execute, when a SeleniumLibrary keyword fails.</doc>
<status status="PASS" start="2026-02-23T21:54:21.647143" elapsed="0.000399"/>
</kw>
<status status="PASS" start="2026-02-23T21:54:06.513859" elapsed="15.133784"/>
</kw>
<kw name="Complete User Flow">
<kw name="Register New User" owner="register_keyword">
<kw name="Click Element" owner="SeleniumLibrary">
<msg time="2026-02-23T21:54:21.649512" level="INFO">Clicking element 'link:Register'.</msg>
<arg>${REGISTER_LINK}</arg>
<doc>Click the element identified by ``locator``.</doc>
<status status="PASS" start="2026-02-23T21:54:21.649330" elapsed="0.843898"/>
</kw>
<kw name="Wait Until Element Is Visible" owner="SeleniumLibrary">
<arg>${FIRSTNAME_FIELD}</arg>
<arg>10s</arg>
<doc>Waits until the element ``locator`` is visible.</doc>
<status status="PASS" start="2026-02-23T21:54:22.493505" elapsed="0.025653"/>
</kw>
<kw name="Convert To Lower Case" owner="String">
<msg time="2026-02-23T21:54:22.519750" level="INFO">${gender_lower} = male</msg>
<var>${gender_lower}</var>
<arg>${gender}</arg>
<doc>Converts string to lower case.</doc>
<status status="PASS" start="2026-02-23T21:54:22.519429" elapsed="0.000358"/>
</kw>
<kw name="Click Element" owner="SeleniumLibrary">
<msg time="2026-02-23T21:54:22.520139" level="INFO">Clicking element 'id:gender-male'.</msg>
<arg>id:gender-${gender_lower}</arg>
<doc>Click the element identified by ``locator``.</doc>
<status status="PASS" start="2026-02-23T21:54:22.519925" elapsed="0.077431"/>
</kw>
<kw name="Input Text" owner="SeleniumLibrary">
<msg time="2026-02-23T21:54:22.598132" level="INFO">Typing text 'ROHITH' into text field 'id:FirstName'.</msg>
<arg>${FIRSTNAME_FIELD}</arg>
<arg>${firstname}</arg>
<doc>Types the given ``text`` into the text field identified by ``locator``.</doc>
<status status="PASS" start="2026-02-23T21:54:22.597677" elapsed="0.110969"/>
</kw>
<kw name="Input Text" owner="SeleniumLibrary">
<msg time="2026-02-23T21:54:22.709233" level="INFO">Typing text 'V H' into text field 'id:LastName'.</msg>
<arg>${LASTNAME_FIELD}</arg>
<arg>${lastname}</arg>
<doc>Types the given ``text`` into the text field identified by ``locator``.</doc>
<status status="PASS" start="2026-02-23T21:54:22.708921" elapsed="0.085630"/>
</kw>
<kw name="Generate Random String" owner="String">
<msg time="2026-02-23T21:54:22.795043" level="INFO">${random} = 0708</msg>
<var>${random}</var>
<arg>4</arg>
<arg>[NUMBERS]</arg>
<doc>Generates a string with a desired ``length`` from the given ``chars``.</doc>
<status status="PASS" start="2026-02-23T21:54:22.794744" elapsed="0.000329"/>
</kw>
<kw name="Set Variable" owner="BuiltIn">
<msg time="2026-02-23T21:54:22.795456" level="INFO">${email} = test0708@mail.com</msg>
<var>${email}</var>
<arg>test${random}@mail.com</arg>
<doc>Returns the given values which can then be assigned to a variables.</doc>
<status status="PASS" start="2026-02-23T21:54:22.795185" elapsed="0.000298"/>
</kw>
<kw name="Input Text" owner="SeleniumLibrary">
<msg time="2026-02-23T21:54:22.795760" level="INFO">Typing text 'test0708@mail.com' into text field 'id:Email'.</msg>
<arg>${EMAIL_FIELD}</arg>
<arg>${email}</arg>
<doc>Types the given ``text`` into the text field identified by ``locator``.</doc>
<status status="PASS" start="2026-02-23T21:54:22.795586" elapsed="0.091196"/>
</kw>
<kw name="Input Text" owner="SeleniumLibrary">
<msg time="2026-02-23T21:54:22.887381" level="INFO">Typing text 'Test@123' into text field 'id:Password'.</msg>
<arg>${PASSWORD_FIELD}</arg>
<arg>${password}</arg>
<doc>Types the given ``text`` into the text field identified by ``locator``.</doc>
<status status="PASS" start="2026-02-23T21:54:22.887090" elapsed="0.080046"/>
</kw>
<kw name="Input Text" owner="SeleniumLibrary">
<msg time="2026-02-23T21:54:22.967656" level="INFO">Typing text 'Test@123' into text field 'id:ConfirmPassword'.</msg>
<arg>${CONFIRM_PASSWORD}</arg>
<arg>${password}</arg>
<doc>Types the given ``text`` into the text field identified by ``locator``.</doc>
<status status="PASS" start="2026-02-23T21:54:22.967359" elapsed="0.074074"/>
</kw>
<kw name="Click Element" owner="SeleniumLibrary">
<msg time="2026-02-23T21:54:23.041865" level="INFO">Clicking element 'id:register-button'.</msg>
<arg>${REGISTER_BUTTON}</arg>
<doc>Click the element identified by ``locator``.</doc>
<status status="PASS" start="2026-02-23T21:54:23.041630" elapsed="1.694820"/>
</kw>
<kw name="Wait Until Page Contains" owner="SeleniumLibrary">
<arg>Your registration completed</arg>
<arg>10s</arg>
<doc>Waits until ``text`` appears on the current page.</doc>
<status status="PASS" start="2026-02-23T21:54:24.736765" elapsed="0.015352"/>
</kw>
<return>
<value>${email}</value>
<status status="PASS" start="2026-02-23T21:54:24.752232" elapsed="0.000082"/>
</return>
<msg time="2026-02-23T21:54:24.752478" level="INFO">${email} = test0708@mail.com</msg>
<var>${email}</var>
<arg>${firstname}</arg>
<arg>${lastname}</arg>
<arg>${password}</arg>
<arg>${gender}</arg>
<status status="PASS" start="2026-02-23T21:54:21.649000" elapsed="3.103506"/>
</kw>
<kw name="Logout From Application" owner="login_keyword">
<kw name="Click Element" owner="SeleniumLibrary">
<msg time="2026-02-23T21:54:24.753098" level="INFO">Clicking element 'link:Log out'.</msg>
<arg>${LOGOUT_LINK}</arg>
<doc>Click the element identified by ``locator``.</doc>
<status status="PASS" start="2026-02-23T21:54:24.752927" elapsed="1.097444"/>
</kw>
<kw name="Wait Until Page Contains" owner="SeleniumLibrary">
<arg>Log in</arg>
<arg>10s</arg>
<doc>Waits until ``text`` appears on the current page.</doc>
<status status="PASS" start="2026-02-23T21:54:25.850638" elapsed="0.017083"/>
</kw>
<status status="PASS" start="2026-02-23T21:54:24.752671" elapsed="1.115226"/>
</kw>
<kw name="Login To Application" owner="login_keyword">
<kw name="Click Element" owner="SeleniumLibrary">
<msg time="2026-02-23T21:54:25.868869" level="INFO">Clicking element 'link:Log in'.</msg>
<arg>${LOGIN_LINK}</arg>
<doc>Click the element identified by ``locator``.</doc>
<status status="PASS" start="2026-02-23T21:54:25.868644" elapsed="0.685361"/>
</kw>
<kw name="Wait Until Element Is Visible" owner="SeleniumLibrary">
<arg>${EMAIL_FIELD}</arg>
<arg>10s</arg>
<doc>Waits until the element ``locator`` is visible.</doc>
<status status="PASS" start="2026-02-23T21:54:26.554335" elapsed="0.016006"/>
</kw>
<kw name="Input Text" owner="SeleniumLibrary">
<msg time="2026-02-23T21:54:26.570880" level="INFO">Typing text 'test0708@mail.com' into text field 'id:Email'.</msg>
<arg>${EMAIL_FIELD}</arg>
<arg>${email}</arg>
<doc>Types the given ``text`` into the text field identified by ``locator``.</doc>
<status status="PASS" start="2026-02-23T21:54:26.570590" elapsed="0.078179"/>
</kw>
<kw name="Input Text" owner="SeleniumLibrary">
<msg time="2026-02-23T21:54:26.649566" level="INFO">Typing text 'Test@123' into text field 'id:Password'.</msg>
<arg>${PASSWORD_FIELD}</arg>
<arg>${password}</arg>
<doc>Types the given ``text`` into the text field identified by ``locator``.</doc>
<status status="PASS" start="2026-02-23T21:54:26.649061" elapsed="0.079161"/>
</kw>
<kw name="Click Element" owner="SeleniumLibrary">
<msg time="2026-02-23T21:54:26.728636" level="INFO">Clicking element 'xpath://input[@value='Log in']'.</msg>
<arg>${LOGIN_BUTTON}</arg>
<doc>Click the element identified by ``locator``.</doc>
<status status="PASS" start="2026-02-23T21:54:26.728415" elapsed="1.457391"/>
</kw>
<kw name="Wait Until Page Contains" owner="SeleniumLibrary">
<arg>Log out</arg>
<arg>10s</arg>
<doc>Waits until ``text`` appears on the current page.</doc>
<status status="PASS" start="2026-02-23T21:54:28.186090" elapsed="0.017795"/>
</kw>
<arg>${email}</arg>
<arg>${password}</arg>
<status status="PASS" start="2026-02-23T21:54:25.868172" elapsed="2.335909"/>
</kw>
<kw name="Search Product" owner="search_keyword">
<kw name="Input Text" owner="SeleniumLibrary">
<msg time="2026-02-23T21:54:28.205072" level="INFO">Typing text 'laptop' into text field 'id:small-searchterms'.</msg>
<arg>${SEARCH_BOX}</arg>
<arg>${product}</arg>
<doc>Types the given ``text`` into the text field identified by ``locator``.</doc>
<status status="PASS" start="2026-02-23T21:54:28.204828" elapsed="0.100888"/>
</kw>
<kw name="Click Element" owner="SeleniumLibrary">
<msg time="2026-02-23T21:54:28.306317" level="INFO">Clicking element 'xpath://input[@value='Search']'.</msg>
<arg>${SEARCH_BUTTON}</arg>
<doc>Click the element identified by ``locator``.</doc>
<status status="PASS" start="2026-02-23T21:54:28.306006" elapsed="0.069016"/>
</kw>
<kw name="Wait Until Page Contains" owner="SeleniumLibrary">
<arg>${product}</arg>
<arg>10s</arg>
<doc>Waits until ``text`` appears on the current page.</doc>
<status status="PASS" start="2026-02-23T21:54:28.375236" elapsed="2.153050"/>
</kw>
<arg>${product}</arg>
<status status="PASS" start="2026-02-23T21:54:28.204347" elapsed="2.324083"/>
</kw>
<kw name="Add Product To Cart" owner="cart_keyword">
<kw name="Click Element" owner="SeleniumLibrary">
<msg time="2026-02-23T21:54:30.529149" level="INFO">Clicking element 'xpath:(//h2[@class='product-title']/a)[1]'.</msg>
<arg>${FIRST_PRODUCT}</arg>
<doc>Click the element identified by ``locator``.</doc>
<status status="PASS" start="2026-02-23T21:54:30.528945" elapsed="3.114669"/>
</kw>
<kw name="Wait Until Element Is Visible" owner="SeleniumLibrary">
<arg>${ADD_TO_CART_BUTTON}</arg>
<arg>10s</arg>
<doc>Waits until the element ``locator`` is visible.</doc>
<status status="PASS" start="2026-02-23T21:54:33.643969" elapsed="0.023764"/>
</kw>
<kw name="Click Element" owner="SeleniumLibrary">
<msg time="2026-02-23T21:54:33.668201" level="INFO">Clicking element 'xpath://input[@value='Add to cart']'.</msg>
<arg>${ADD_TO_CART_BUTTON}</arg>
<doc>Click the element identified by ``locator``.</doc>
<status status="PASS" start="2026-02-23T21:54:33.667958" elapsed="0.079713"/>
</kw>
<kw name="Wait Until Element Is Visible" owner="SeleniumLibrary">
<arg>${NOTIFICATION_BAR}</arg>
<arg>10s</arg>
<doc>Waits until the element ``locator`` is visible.</doc>
<status status="PASS" start="2026-02-23T21:54:33.747978" elapsed="0.676844"/>
</kw>
<status status="PASS" start="2026-02-23T21:54:30.528646" elapsed="3.896301"/>
</kw>
<kw name="Go To Cart And Remove Item" owner="cart_keyword">
<kw name="Click Element" owner="SeleniumLibrary">
<msg time="2026-02-23T21:54:34.425622" level="INFO">Clicking element 'xpath://span[text()='Shopping cart']'.</msg>
<arg>${CART_LINK}</arg>
<doc>Click the element identified by ``locator``.</doc>
<status status="PASS" start="2026-02-23T21:54:34.425435" elapsed="0.904952"/>
</kw>
<kw name="Wait Until Page Contains" owner="SeleniumLibrary">
<arg>Shopping cart</arg>
<arg>10s</arg>
<doc>Waits until ``text`` appears on the current page.</doc>
<status status="PASS" start="2026-02-23T21:54:35.330689" elapsed="0.015013"/>
</kw>
<kw name="Select Checkbox" owner="SeleniumLibrary">
<msg time="2026-02-23T21:54:35.346124" level="INFO">Selecting checkbox 'xpath://input[@name='removefromcart']'.</msg>
<arg>${REMOVE_CHECKBOX}</arg>
<doc>Selects the checkbox identified by ``locator``.</doc>
<status status="PASS" start="2026-02-23T21:54:35.345892" elapsed="0.094109"/>
</kw>
<kw name="Click Element" owner="SeleniumLibrary">
<msg time="2026-02-23T21:54:35.440460" level="INFO">Clicking element 'xpath://input[@name='updatecart']'.</msg>
<arg>${UPDATE_CART_BUTTON}</arg>
<doc>Click the element identified by ``locator``.</doc>
<status status="PASS" start="2026-02-23T21:54:35.440223" elapsed="1.133281"/>
</kw>
<kw name="Wait Until Page Contains" owner="SeleniumLibrary">
<arg>Your Shopping Cart is empty!</arg>
<arg>10s</arg>
<doc>Waits until ``text`` appears on the current page.</doc>
<status status="PASS" start="2026-02-23T21:54:36.573839" elapsed="0.020105"/>
</kw>
<status status="PASS" start="2026-02-23T21:54:34.425143" elapsed="2.168932"/>
</kw>
<kw name="Logout From Application" owner="login_keyword">
<kw name="Click Element" owner="SeleniumLibrary">
<msg time="2026-02-23T21:54:36.594773" level="INFO">Clicking element 'link:Log out'.</msg>
<arg>${LOGOUT_LINK}</arg>
<doc>Click the element identified by ``locator``.</doc>
<status status="PASS" start="2026-02-23T21:54:36.594572" elapsed="2.267098"/>
</kw>
<kw name="Wait Until Page Contains" owner="SeleniumLibrary">
<arg>Log in</arg>
<arg>10s</arg>
<doc>Waits until ``text`` appears on the current page.</doc>
<status status="PASS" start="2026-02-23T21:54:38.861885" elapsed="0.014240"/>
</kw>
<status status="PASS" start="2026-02-23T21:54:36.594284" elapsed="2.282017"/>
</kw>
<arg>firstname=ROHITH</arg>
<arg>lastname=V H</arg>
<arg>password=Test@123</arg>
<arg>product=laptop</arg>
<arg>gender=male</arg>
<status status="PASS" start="2026-02-23T21:54:21.648493" elapsed="17.227867"/>
</kw>
<kw name="Close Browser Session" owner="common" type="TEARDOWN">
<kw name="Close Browser" owner="SeleniumLibrary">
<doc>Closes the current browser.</doc>
<status status="PASS" start="2026-02-23T21:54:38.877369" elapsed="2.282728"/>
</kw>
<status status="PASS" start="2026-02-23T21:54:38.877056" elapsed="2.283239"/>
</kw>
<status status="PASS" start="2026-02-23T21:54:06.511903" elapsed="34.648697"/>
</test>
<test id="s1-t2" name="E2E Flow for user Kalla" line="15">
<kw name="Open Browser To Application" owner="common" type="SETUP">
<kw name="Run Keyword If" owner="BuiltIn">
<kw name="Open Chrome Browser" owner="common">
<kw name="Evaluate" owner="BuiltIn">
<msg time="2026-02-23T21:54:41.164913" level="INFO">${options} = &lt;selenium.webdriver.chrome.options.Options object at 0x000002621058AC10&gt;</msg>
<var>${options}</var>
<arg>sys.modules['selenium.webdriver'].ChromeOptions()</arg>
<arg>sys</arg>
<doc>Evaluates the given expression in Python and returns the result.</doc>
<status status="PASS" start="2026-02-23T21:54:41.164546" elapsed="0.000405"/>
</kw>
<kw name="Call Method" owner="BuiltIn">
<arg>${options}</arg>
<arg>add_argument</arg>
<arg>--ignore-certificate-errors</arg>
<doc>Calls the named method of the given object with the provided arguments.</doc>
<status status="PASS" start="2026-02-23T21:54:41.165081" elapsed="0.000252"/>
</kw>
<kw name="Call Method" owner="BuiltIn">
<arg>${options}</arg>
<arg>add_argument</arg>
<arg>--allow-running-insecure-content</arg>
<doc>Calls the named method of the given object with the provided arguments.</doc>
<status status="PASS" start="2026-02-23T21:54:41.165446" elapsed="0.000244"/>
</kw>
<kw name="Open Browser" owner="SeleniumLibrary">
<msg time="2026-02-23T21:54:41.166071" level="INFO">Opening browser 'chrome' to base url 'https://demowebshop.tricentis.com'.</msg>
<arg>${BASE_URL}</arg>
<arg>chrome</arg>
<arg>options=${options}</arg>
<doc>Opens a new browser instance to the optional ``url``.</doc>
<status status="PASS" start="2026-02-23T21:54:41.165834" elapsed="6.062756"/>
</kw>
<kw name="Sleep" owner="BuiltIn">
<msg time="2026-02-23T21:54:49.230011" level="INFO">Slept 2 seconds.</msg>
<arg>2s</arg>
<doc>Pauses the test executed for the given time.</doc>
<status status="PASS" start="2026-02-23T21:54:47.228950" elapsed="2.001236"/>
</kw>
<kw name="Press Keys" owner="SeleniumLibrary">
<msg time="2026-02-23T21:54:49.231184" level="INFO">Sending key(s) ('thisisunsafe',) to page.</msg>
<msg time="2026-02-23T21:54:49.231356" level="INFO">Sending keys thisisunsafe</msg>
<arg>NONE</arg>
<arg>thisisunsafe</arg>
<doc>Simulates the user pressing key(s) to an element or on the active browser.</doc>
<status status="PASS" start="2026-02-23T21:54:49.230438" elapsed="0.022844"/>
</kw>
<status status="PASS" start="2026-02-23T21:54:41.164310" elapsed="8.089093"/>
</kw>
<arg>'${BROWSER}' == 'chrome'</arg>
<arg>Open Chrome Browser</arg>
<arg>ELSE IF</arg>
<arg>'${BROWSER}' == 'firefox'</arg>
<arg>Open Firefox Browser</arg>
<arg>ELSE IF</arg>
<arg>'${BROWSER}' == 'edge'</arg>
<arg>Open Edge Browser</arg>
<arg>ELSE</arg>
<arg>Fail</arg>
<arg>Unsupported browser: ${BROWSER}</arg>
<doc>Runs the given keyword with the given arguments, if ``condition`` is true.</doc>
<status status="PASS" start="2026-02-23T21:54:41.163718" elapsed="8.089743"/>
</kw>
<kw name="Maximize Browser Window" owner="SeleniumLibrary">
<doc>Maximizes current browser window.</doc>
<status status="PASS" start="2026-02-23T21:54:49.253619" elapsed="0.037646"/>
</kw>
<kw name="Register Keyword To Run On Failure" owner="SeleniumLibrary">
<msg time="2026-02-23T21:54:49.291637" level="INFO">Capture Page Screenshot will be run on failure.</msg>
<arg>Capture Page Screenshot</arg>
<doc>Sets the keyword to execute, when a SeleniumLibrary keyword fails.</doc>
<status status="PASS" start="2026-02-23T21:54:49.291471" elapsed="0.000212"/>
</kw>
<status status="PASS" start="2026-02-23T21:54:41.163418" elapsed="8.128331"/>
</kw>
<kw name="Complete User Flow">
<kw name="Register New User" owner="register_keyword">
<kw name="Click Element" owner="SeleniumLibrary">
<msg time="2026-02-23T21:54:49.293125" level="INFO">Clicking element 'link:Register'.</msg>
<arg>${REGISTER_LINK}</arg>
<doc>Click the element identified by ``locator``.</doc>
<status status="PASS" start="2026-02-23T21:54:49.292959" elapsed="0.731425"/>
</kw>
<kw name="Wait Until Element Is Visible" owner="SeleniumLibrary">
<arg>${FIRSTNAME_FIELD}</arg>
<arg>10s</arg>
<doc>Waits until the element ``locator`` is visible.</doc>
<status status="PASS" start="2026-02-23T21:54:50.024725" elapsed="0.022441"/>
</kw>
<kw name="Convert To Lower Case" owner="String">
<msg time="2026-02-23T21:54:50.047646" level="INFO">${gender_lower} = female</msg>
<var>${gender_lower}</var>
<arg>${gender}</arg>
<doc>Converts string to lower case.</doc>
<status status="PASS" start="2026-02-23T21:54:50.047407" elapsed="0.000268"/>
</kw>
<kw name="Click Element" owner="SeleniumLibrary">
<msg time="2026-02-23T21:54:50.048021" level="INFO">Clicking element 'id:gender-female'.</msg>
<arg>id:gender-${gender_lower}</arg>
<doc>Click the element identified by ``locator``.</doc>
<status status="PASS" start="2026-02-23T21:54:50.047792" elapsed="0.076320"/>
</kw>
<kw name="Input Text" owner="SeleniumLibrary">
<msg time="2026-02-23T21:54:50.124636" level="INFO">Typing text 'Kalla' into text field 'id:FirstName'.</msg>
<arg>${FIRSTNAME_FIELD}</arg>
<arg>${firstname}</arg>
<doc>Types the given ``text`` into the text field identified by ``locator``.</doc>
<status status="PASS" start="2026-02-23T21:54:50.124332" elapsed="0.098304"/>
</kw>
<kw name="Input Text" owner="SeleniumLibrary">
<msg time="2026-02-23T21:54:50.223713" level="INFO">Typing text 'Pavani' into text field 'id:LastName'.</msg>
<arg>${LASTNAME_FIELD}</arg>
<arg>${lastname}</arg>
<doc>Types the given ``text`` into the text field identified by ``locator``.</doc>
<status status="PASS" start="2026-02-23T21:54:50.223234" elapsed="0.092519"/>
</kw>
<kw name="Generate Random String" owner="String">
<msg time="2026-02-23T21:54:50.316335" level="INFO">${random} = 9947</msg>
<var>${random}</var>
<arg>4</arg>
<arg>[NUMBERS]</arg>
<doc>Generates a string with a desired ``length`` from the given ``chars``.</doc>
<status status="PASS" start="2026-02-23T21:54:50.316049" elapsed="0.000319"/>
</kw>
<kw name="Set Variable" owner="BuiltIn">
<msg time="2026-02-23T21:54:50.316807" level="INFO">${email} = test9947@mail.com</msg>
<var>${email}</var>
<arg>test${random}@mail.com</arg>
<doc>Returns the given values which can then be assigned to a variables.</doc>
<status status="PASS" start="2026-02-23T21:54:50.316489" elapsed="0.000346"/>
</kw>
<kw name="Input Text" owner="SeleniumLibrary">
<msg time="2026-02-23T21:54:50.317136" level="INFO">Typing text 'test9947@mail.com' into text field 'id:Email'.</msg>
<arg>${EMAIL_FIELD}</arg>
<arg>${email}</arg>
<doc>Types the given ``text`` into the text field identified by ``locator``.</doc>
<status status="PASS" start="2026-02-23T21:54:50.316948" elapsed="0.093624"/>
</kw>
<kw name="Input Text" owner="SeleniumLibrary">
<msg time="2026-02-23T21:54:50.411088" level="INFO">Typing text 'Test@456' into text field 'id:Password'.</msg>
<arg>${PASSWORD_FIELD}</arg>
<arg>${password}</arg>
<doc>Types the given ``text`` into the text field identified by ``locator``.</doc>
<status status="PASS" start="2026-02-23T21:54:50.410816" elapsed="0.074515"/>
</kw>
<kw name="Input Text" owner="SeleniumLibrary">
<msg time="2026-02-23T21:54:50.485833" level="INFO">Typing text 'Test@456' into text field 'id:ConfirmPassword'.</msg>
<arg>${CONFIRM_PASSWORD}</arg>
<arg>${password}</arg>
<doc>Types the given ``text`` into the text field identified by ``locator``.</doc>
<status status="PASS" start="2026-02-23T21:54:50.485546" elapsed="0.072653"/>
</kw>
<kw name="Click Element" owner="SeleniumLibrary">
<msg time="2026-02-23T21:54:50.558737" level="INFO">Clicking element 'id:register-button'.</msg>
<arg>${REGISTER_BUTTON}</arg>
<doc>Click the element identified by ``locator``.</doc>
<status status="PASS" start="2026-02-23T21:54:50.558466" elapsed="2.327547"/>
</kw>
<kw name="Wait Until Page Contains" owner="SeleniumLibrary">
<arg>Your registration completed</arg>
<arg>10s</arg>
<doc>Waits until ``text`` appears on the current page.</doc>
<status status="PASS" start="2026-02-23T21:54:52.886289" elapsed="0.014046"/>
</kw>
<return>
<value>${email}</value>
<status status="PASS" start="2026-02-23T21:54:52.900444" elapsed="0.000091"/>
</return>
<msg time="2026-02-23T21:54:52.900832" level="INFO">${email} = test9947@mail.com</msg>
<var>${email}</var>
<arg>${firstname}</arg>
<arg>${lastname}</arg>
<arg>${password}</arg>
<arg>${gender}</arg>
<status status="PASS" start="2026-02-23T21:54:49.292626" elapsed="3.608263"/>
</kw>
<kw name="Logout From Application" owner="login_keyword">
<kw name="Click Element" owner="SeleniumLibrary">
<msg time="2026-02-23T21:54:52.901776" level="INFO">Clicking element 'link:Log out'.</msg>
<arg>${LOGOUT_LINK}</arg>
<doc>Click the element identified by ``locator``.</doc>
<status status="PASS" start="2026-02-23T21:54:52.901589" elapsed="1.855949"/>
</kw>
<kw name="Wait Until Page Contains" owner="SeleniumLibrary">
<arg>Log in</arg>
<arg>10s</arg>
<doc>Waits until ``text`` appears on the current page.</doc>
<status status="PASS" start="2026-02-23T21:54:54.757807" elapsed="0.024262"/>
</kw>
<status status="PASS" start="2026-02-23T21:54:52.901203" elapsed="1.881162"/>
</kw>
<kw name="Login To Application" owner="login_keyword">
<kw name="Click Element" owner="SeleniumLibrary">
<msg time="2026-02-23T21:54:54.784155" level="INFO">Clicking element 'link:Log in'.</msg>
<arg>${LOGIN_LINK}</arg>
<doc>Click the element identified by ``locator``.</doc>
<status status="PASS" start="2026-02-23T21:54:54.783640" elapsed="1.546716"/>
</kw>
<kw name="Wait Until Element Is Visible" owner="SeleniumLibrary">
<arg>${EMAIL_FIELD}</arg>
<arg>10s</arg>
<doc>Waits until the element ``locator`` is visible.</doc>
<status status="PASS" start="2026-02-23T21:54:56.330599" elapsed="0.019288"/>
</kw>
<kw name="Input Text" owner="SeleniumLibrary">
<msg time="2026-02-23T21:54:56.350479" level="INFO">Typing text 'test9947@mail.com' into text field 'id:Email'.</msg>
<arg>${EMAIL_FIELD}</arg>
<arg>${email}</arg>
<doc>Types the given ``text`` into the text field identified by ``locator``.</doc>
<status status="PASS" start="2026-02-23T21:54:56.350121" elapsed="0.077878"/>
</kw>
<kw name="Input Text" owner="SeleniumLibrary">
<msg time="2026-02-23T21:54:56.428941" level="INFO">Typing text 'Test@456' into text field 'id:Password'.</msg>
<arg>${PASSWORD_FIELD}</arg>
<arg>${password}</arg>
<doc>Types the given ``text`` into the text field identified by ``locator``.</doc>
<status status="PASS" start="2026-02-23T21:54:56.428290" elapsed="0.080562"/>
</kw>
<kw name="Click Element" owner="SeleniumLibrary">
<msg time="2026-02-23T21:54:56.509274" level="INFO">Clicking element 'xpath://input[@value='Log in']'.</msg>
<arg>${LOGIN_BUTTON}</arg>
<doc>Click the element identified by ``locator``.</doc>
<status status="PASS" start="2026-02-23T21:54:56.509054" elapsed="2.264845"/>
</kw>
<kw name="Wait Until Page Contains" owner="SeleniumLibrary">
<arg>Log out</arg>
<arg>10s</arg>
<doc>Waits until ``text`` appears on the current page.</doc>
<status status="PASS" start="2026-02-23T21:54:58.774230" elapsed="0.017598"/>
</kw>
<arg>${email}</arg>
<arg>${password}</arg>
<status status="PASS" start="2026-02-23T21:54:54.782881" elapsed="4.009158"/>
</kw>
<kw name="Search Product" owner="search_keyword">
<kw name="Input Text" owner="SeleniumLibrary">
<msg time="2026-02-23T21:54:58.793005" level="INFO">Typing text 'Blue Jeans' into text field 'id:small-searchterms'.</msg>
<arg>${SEARCH_BOX}</arg>
<arg>${product}</arg>
<doc>Types the given ``text`` into the text field identified by ``locator``.</doc>
<status status="PASS" start="2026-02-23T21:54:58.792642" elapsed="0.112134"/>
</kw>
<kw name="Click Element" owner="SeleniumLibrary">
<msg time="2026-02-23T21:54:58.905400" level="INFO">Clicking element 'xpath://input[@value='Search']'.</msg>
<arg>${SEARCH_BUTTON}</arg>
<doc>Click the element identified by ``locator``.</doc>
<status status="PASS" start="2026-02-23T21:54:58.905048" elapsed="0.068936"/>
</kw>
<kw name="Wait Until Page Contains" owner="SeleniumLibrary">
<arg>${product}</arg>
<arg>10s</arg>
<doc>Waits until ``text`` appears on the current page.</doc>
<status status="PASS" start="2026-02-23T21:54:58.974182" elapsed="1.442932"/>
</kw>
<arg>${product}</arg>
<status status="PASS" start="2026-02-23T21:54:58.792263" elapsed="1.625032"/>
</kw>
<kw name="Add Product To Cart" owner="cart_keyword">
<kw name="Click Element" owner="SeleniumLibrary">
<msg time="2026-02-23T21:55:00.418261" level="INFO">Clicking element 'xpath:(//h2[@class='product-title']/a)[1]'.</msg>
<arg>${FIRST_PRODUCT}</arg>
<doc>Click the element identified by ``locator``.</doc>
<status status="PASS" start="2026-02-23T21:55:00.418023" elapsed="13.122313"/>
</kw>
<kw name="Wait Until Element Is Visible" owner="SeleniumLibrary">
<arg>${ADD_TO_CART_BUTTON}</arg>
<arg>10s</arg>
<doc>Waits until the element ``locator`` is visible.</doc>
<status status="PASS" start="2026-02-23T21:55:13.540570" elapsed="0.021175"/>
</kw>
<kw name="Click Element" owner="SeleniumLibrary">
<msg time="2026-02-23T21:55:13.562159" level="INFO">Clicking element 'xpath://input[@value='Add to cart']'.</msg>
<arg>${ADD_TO_CART_BUTTON}</arg>
<doc>Click the element identified by ``locator``.</doc>
<status status="PASS" start="2026-02-23T21:55:13.561942" elapsed="0.068654"/>
</kw>
<kw name="Wait Until Element Is Visible" owner="SeleniumLibrary">
<arg>${NOTIFICATION_BAR}</arg>
<arg>10s</arg>
<doc>Waits until the element ``locator`` is visible.</doc>
<status status="PASS" start="2026-02-23T21:55:13.630851" elapsed="0.891353"/>
</kw>
<status status="PASS" start="2026-02-23T21:55:00.417609" elapsed="14.104804"/>
</kw>
<kw name="Go To Cart And Remove Item" owner="cart_keyword">
<kw name="Click Element" owner="SeleniumLibrary">
<msg time="2026-02-23T21:55:14.523111" level="INFO">Clicking element 'xpath://span[text()='Shopping cart']'.</msg>
<arg>${CART_LINK}</arg>
<doc>Click the element identified by ``locator``.</doc>
<status status="PASS" start="2026-02-23T21:55:14.522906" elapsed="1.453433"/>
</kw>
<kw name="Wait Until Page Contains" owner="SeleniumLibrary">
<arg>Shopping cart</arg>
<arg>10s</arg>
<doc>Waits until ``text`` appears on the current page.</doc>
<status status="PASS" start="2026-02-23T21:55:15.976570" elapsed="0.016460"/>
</kw>
<kw name="Select Checkbox" owner="SeleniumLibrary">
<msg time="2026-02-23T21:55:15.993432" level="INFO">Selecting checkbox 'xpath://input[@name='removefromcart']'.</msg>
<arg>${REMOVE_CHECKBOX}</arg>
<doc>Selects the checkbox identified by ``locator``.</doc>
<status status="PASS" start="2026-02-23T21:55:15.993215" elapsed="0.094467"/>
</kw>
<kw name="Click Element" owner="SeleniumLibrary">
<msg time="2026-02-23T21:55:16.088151" level="INFO">Clicking element 'xpath://input[@name='updatecart']'.</msg>
<arg>${UPDATE_CART_BUTTON}</arg>
<doc>Click the element identified by ``locator``.</doc>
<status status="PASS" start="2026-02-23T21:55:16.087913" elapsed="0.503587"/>
</kw>
<kw name="Wait Until Page Contains" owner="SeleniumLibrary">
<arg>Your Shopping Cart is empty!</arg>
<arg>10s</arg>
<doc>Waits until ``text`` appears on the current page.</doc>
<status status="PASS" start="2026-02-23T21:55:16.591803" elapsed="0.320257"/>
</kw>
<status status="PASS" start="2026-02-23T21:55:14.522623" elapsed="2.389567"/>
</kw>
<kw name="Logout From Application" owner="login_keyword">
<kw name="Click Element" owner="SeleniumLibrary">
<msg time="2026-02-23T21:55:16.912867" level="INFO">Clicking element 'link:Log out'.</msg>
<arg>${LOGOUT_LINK}</arg>
<doc>Click the element identified by ``locator``.</doc>
<status status="PASS" start="2026-02-23T21:55:16.912669" elapsed="1.268154"/>
</kw>
<kw name="Wait Until Page Contains" owner="SeleniumLibrary">
<arg>Log in</arg>
<arg>10s</arg>
<doc>Waits until ``text`` appears on the current page.</doc>
<status status="PASS" start="2026-02-23T21:55:18.181055" elapsed="0.012184"/>
</kw>
<status status="PASS" start="2026-02-23T21:55:16.912383" elapsed="1.280984"/>
</kw>
<arg>firstname=Kalla</arg>
<arg>lastname=Pavani</arg>
<arg>password=Test@456</arg>
<arg>product=Blue Jeans</arg>
<arg>gender=female</arg>
<status status="PASS" start="2026-02-23T21:54:49.292187" elapsed="28.901233"/>
</kw>
<kw name="Close Browser Session" owner="common" type="TEARDOWN">
<kw name="Close Browser" owner="SeleniumLibrary">
<doc>Closes the current browser.</doc>
<status status="PASS" start="2026-02-23T21:55:18.194335" elapsed="2.300582"/>
</kw>
<status status="PASS" start="2026-02-23T21:55:18.194000" elapsed="2.301157"/>
</kw>
<status status="PASS" start="2026-02-23T21:54:41.161539" elapsed="39.333931"/>
</test>
<test id="s1-t3" name="E2E Flow for user Sree Bhargav Reddy" line="15">
<kw name="Open Browser To Application" owner="common" type="SETUP">
<kw name="Run Keyword If" owner="BuiltIn">
<kw name="Open Chrome Browser" owner="common">
<kw name="Evaluate" owner="BuiltIn">
<msg time="2026-02-23T21:55:20.499190" level="INFO">${options} = &lt;selenium.webdriver.chrome.options.Options object at 0x0000026210609310&gt;</msg>
<var>${options}</var>
<arg>sys.modules['selenium.webdriver'].ChromeOptions()</arg>
<arg>sys</arg>
<doc>Evaluates the given expression in Python and returns the result.</doc>
<status status="PASS" start="2026-02-23T21:55:20.498803" elapsed="0.000427"/>
</kw>
<kw name="Call Method" owner="BuiltIn">
<arg>${options}</arg>
<arg>add_argument</arg>
<arg>--ignore-certificate-errors</arg>
<doc>Calls the named method of the given object with the provided arguments.</doc>
<status status="PASS" start="2026-02-23T21:55:20.499359" elapsed="0.000253"/>
</kw>
<kw name="Call Method" owner="BuiltIn">
<arg>${options}</arg>
<arg>add_argument</arg>
<arg>--allow-running-insecure-content</arg>
<doc>Calls the named method of the given object with the provided arguments.</doc>
<status status="PASS" start="2026-02-23T21:55:20.499727" elapsed="0.000231"/>
</kw>
<kw name="Open Browser" owner="SeleniumLibrary">
<msg time="2026-02-23T21:55:20.500351" level="INFO">Opening browser 'chrome' to base url 'https://demowebshop.tricentis.com'.</msg>
<arg>${BASE_URL}</arg>
<arg>chrome</arg>
<arg>options=${options}</arg>
<doc>Opens a new browser instance to the optional ``url``.</doc>
<status status="PASS" start="2026-02-23T21:55:20.500108" elapsed="5.437386"/>
</kw>
<kw name="Sleep" owner="BuiltIn">
<msg time="2026-02-23T21:55:27.938532" level="INFO">Slept 2 seconds.</msg>
<arg>2s</arg>
<doc>Pauses the test executed for the given time.</doc>
<status status="PASS" start="2026-02-23T21:55:25.937748" elapsed="2.001026"/>
</kw>
<kw name="Press Keys" owner="SeleniumLibrary">
<msg time="2026-02-23T21:55:27.939838" level="INFO">Sending key(s) ('thisisunsafe',) to page.</msg>
<msg time="2026-02-23T21:55:27.939941" level="INFO">Sending keys thisisunsafe</msg>
<arg>NONE</arg>
<arg>thisisunsafe</arg>
<doc>Simulates the user pressing key(s) to an element or on the active browser.</doc>
<status status="PASS" start="2026-02-23T21:55:27.939177" elapsed="0.022241"/>
</kw>
<status status="PASS" start="2026-02-23T21:55:20.498571" elapsed="7.462969"/>
</kw>
<arg>'${BROWSER}' == 'chrome'</arg>
<arg>Open Chrome Browser</arg>
<arg>ELSE IF</arg>
<arg>'${BROWSER}' == 'firefox'</arg>
<arg>Open Firefox Browser</arg>
<arg>ELSE IF</arg>
<arg>'${BROWSER}' == 'edge'</arg>
<arg>Open Edge Browser</arg>
<arg>ELSE</arg>
<arg>Fail</arg>
<arg>Unsupported browser: ${BROWSER}</arg>
<doc>Runs the given keyword with the given arguments, if ``condition`` is true.</doc>
<status status="PASS" start="2026-02-23T21:55:20.497902" elapsed="7.463694"/>
</kw>
<kw name="Maximize Browser Window" owner="SeleniumLibrary">
<doc>Maximizes current browser window.</doc>
<status status="PASS" start="2026-02-23T21:55:27.961754" elapsed="0.038752"/>
</kw>
<kw name="Register Keyword To Run On Failure" owner="SeleniumLibrary">
<msg time="2026-02-23T21:55:28.000971" level="INFO">Capture Page Screenshot will be run on failure.</msg>
<arg>Capture Page Screenshot</arg>
<doc>Sets the keyword to execute, when a SeleniumLibrary keyword fails.</doc>
<status status="PASS" start="2026-02-23T21:55:28.000765" elapsed="0.000249"/>
</kw>
<status status="PASS" start="2026-02-23T21:55:20.497585" elapsed="7.503495"/>
</kw>
<kw name="Complete User Flow">
<kw name="Register New User" owner="register_keyword">
<kw name="Click Element" owner="SeleniumLibrary">
<msg time="2026-02-23T21:55:28.002312" level="INFO">Clicking element 'link:Register'.</msg>
<arg>${REGISTER_LINK}</arg>
<doc>Click the element identified by ``locator``.</doc>
<status status="PASS" start="2026-02-23T21:55:28.002160" elapsed="0.764745"/>
</kw>
<kw name="Wait Until Element Is Visible" owner="SeleniumLibrary">
<arg>${FIRSTNAME_FIELD}</arg>
<arg>10s</arg>
<doc>Waits until the element ``locator`` is visible.</doc>
<status status="PASS" start="2026-02-23T21:55:28.767162" elapsed="0.020577"/>
</kw>
<kw name="Convert To Lower Case" owner="String">
<msg time="2026-02-23T21:55:28.788166" level="INFO">${gender_lower} = male</msg>
<var>${gender_lower}</var>
<arg>${gender}</arg>
<doc>Converts string to lower case.</doc>
<status status="PASS" start="2026-02-23T21:55:28.787938" elapsed="0.000268"/>
</kw>
<kw name="Click Element" owner="SeleniumLibrary">
<msg time="2026-02-23T21:55:28.788467" level="INFO">Clicking element 'id:gender-male'.</msg>
<arg>id:gender-${gender_lower}</arg>
<doc>Click the element identified by ``locator``.</doc>
<status status="PASS" start="2026-02-23T21:55:28.788308" elapsed="0.074193"/>
</kw>
<kw name="Input Text" owner="SeleniumLibrary">
<msg time="2026-02-23T21:55:28.863002" level="INFO">Typing text 'Sree Bhargav Reddy' into text field 'id:FirstName'.</msg>
<arg>${FIRSTNAME_FIELD}</arg>
<arg>${firstname}</arg>
<doc>Types the given ``text`` into the text field identified by ``locator``.</doc>
<status status="PASS" start="2026-02-23T21:55:28.862715" elapsed="0.123646"/>
</kw>
<kw name="Input Text" owner="SeleniumLibrary">
<msg time="2026-02-23T21:55:28.987079" level="INFO">Typing text 'Daggula' into text field 'id:LastName'.</msg>
<arg>${LASTNAME_FIELD}</arg>
<arg>${lastname}</arg>
<doc>Types the given ``text`` into the text field identified by ``locator``.</doc>
<status status="PASS" start="2026-02-23T21:55:28.986661" elapsed="0.089653"/>
</kw>
<kw name="Generate Random String" owner="String">
<msg time="2026-02-23T21:55:29.076821" level="INFO">${random} = 6241</msg>
<var>${random}</var>
<arg>4</arg>
<arg>[NUMBERS]</arg>
<doc>Generates a string with a desired ``length`` from the given ``chars``.</doc>
<status status="PASS" start="2026-02-23T21:55:29.076548" elapsed="0.000304"/>
</kw>
<kw name="Set Variable" owner="BuiltIn">
<msg time="2026-02-23T21:55:29.077350" level="INFO">${email} = test6241@mail.com</msg>
<var>${email}</var>
<arg>test${random}@mail.com</arg>
<doc>Returns the given values which can then be assigned to a variables.</doc>
<status status="PASS" start="2026-02-23T21:55:29.077009" elapsed="0.000371"/>
</kw>
<kw name="Input Text" owner="SeleniumLibrary">
<msg time="2026-02-23T21:55:29.077743" level="INFO">Typing text 'test6241@mail.com' into text field 'id:Email'.</msg>
<arg>${EMAIL_FIELD}</arg>
<arg>${email}</arg>
<doc>Types the given ``text`` into the text field identified by ``locator``.</doc>
<status status="PASS" start="2026-02-23T21:55:29.077507" elapsed="0.095022"/>
</kw>
<kw name="Input Text" owner="SeleniumLibrary">
<msg time="2026-02-23T21:55:29.173039" level="INFO">Typing text 'Test@789' into text field 'id:Password'.</msg>
<arg>${PASSWORD_FIELD}</arg>
<arg>${password}</arg>
<doc>Types the given ``text`` into the text field identified by ``locator``.</doc>
<status status="PASS" start="2026-02-23T21:55:29.172750" elapsed="0.076243"/>
</kw>
<kw name="Input Text" owner="SeleniumLibrary">
<msg time="2026-02-23T21:55:29.249568" level="INFO">Typing text 'Test@789' into text field 'id:ConfirmPassword'.</msg>
<arg>${CONFIRM_PASSWORD}</arg>
<arg>${password}</arg>
<doc>Types the given ``text`` into the text field identified by ``locator``.</doc>
<status status="PASS" start="2026-02-23T21:55:29.249277" elapsed="0.068805"/>
</kw>
<kw name="Click Element" owner="SeleniumLibrary">
<msg time="2026-02-23T21:55:29.318546" level="INFO">Clicking element 'id:register-button'.</msg>
<arg>${REGISTER_BUTTON}</arg>
<doc>Click the element identified by ``locator``.</doc>
<status status="PASS" start="2026-02-23T21:55:29.318313" elapsed="1.174877"/>
</kw>
<kw name="Wait Until Page Contains" owner="SeleniumLibrary">
<arg>Your registration completed</arg>
<arg>10s</arg>
<doc>Waits until ``text`` appears on the current page.</doc>
<status status="PASS" start="2026-02-23T21:55:30.493412" elapsed="0.017504"/>
</kw>
<return>
<value>${email}</value>
<status status="PASS" start="2026-02-23T21:55:30.511138" elapsed="0.000108"/>
</return>
<msg time="2026-02-23T21:55:30.511562" level="INFO">${email} = test6241@mail.com</msg>
<var>${email}</var>
<arg>${firstname}</arg>
<arg>${lastname}</arg>
<arg>${password}</arg>
<arg>${gender}</arg>
<status status="PASS" start="2026-02-23T21:55:28.001862" elapsed="2.509757"/>
</kw>
<kw name="Logout From Application" owner="login_keyword">
<kw name="Click Element" owner="SeleniumLibrary">
<msg time="2026-02-23T21:55:30.512784" level="INFO">Clicking element 'link:Log out'.</msg>
<arg>${LOGOUT_LINK}</arg>
<doc>Click the element identified by ``locator``.</doc>
<status status="PASS" start="2026-02-23T21:55:30.512457" elapsed="1.062467"/>
</kw>
<kw name="Wait Until Page Contains" owner="SeleniumLibrary">
<arg>Log in</arg>
<arg>10s</arg>
<doc>Waits until ``text`` appears on the current page.</doc>
<status status="PASS" start="2026-02-23T21:55:31.575138" elapsed="0.016100"/>
</kw>
<status status="PASS" start="2026-02-23T21:55:30.511984" elapsed="1.079402"/>
</kw>
<kw name="Login To Application" owner="login_keyword">
<kw name="Click Element" owner="SeleniumLibrary">
<msg time="2026-02-23T21:55:31.592204" level="INFO">Clicking element 'link:Log in'.</msg>
<arg>${LOGIN_LINK}</arg>
<doc>Click the element identified by ``locator``.</doc>
<status status="PASS" start="2026-02-23T21:55:31.592014" elapsed="0.624578"/>
</kw>
<kw name="Wait Until Element Is Visible" owner="SeleniumLibrary">
<arg>${EMAIL_FIELD}</arg>
<arg>10s</arg>
<doc>Waits until the element ``locator`` is visible.</doc>
<status status="PASS" start="2026-02-23T21:55:32.216816" elapsed="0.019807"/>
</kw>
<kw name="Input Text" owner="SeleniumLibrary">
<msg time="2026-02-23T21:55:32.237132" level="INFO">Typing text 'test6241@mail.com' into text field 'id:Email'.</msg>
<arg>${EMAIL_FIELD}</arg>
<arg>${email}</arg>
<doc>Types the given ``text`` into the text field identified by ``locator``.</doc>
<status status="PASS" start="2026-02-23T21:55:32.236897" elapsed="0.077945"/>
</kw>
<kw name="Input Text" owner="SeleniumLibrary">
<msg time="2026-02-23T21:55:32.315601" level="INFO">Typing text 'Test@789' into text field 'id:Password'.</msg>
<arg>${PASSWORD_FIELD}</arg>
<arg>${password}</arg>
<doc>Types the given ``text`` into the text field identified by ``locator``.</doc>
<status status="PASS" start="2026-02-23T21:55:32.315164" elapsed="0.079004"/>
</kw>
<kw name="Click Element" owner="SeleniumLibrary">
<msg time="2026-02-23T21:55:32.394763" level="INFO">Clicking element 'xpath://input[@value='Log in']'.</msg>
<arg>${LOGIN_BUTTON}</arg>
<doc>Click the element identified by ``locator``.</doc>
<status status="PASS" start="2026-02-23T21:55:32.394464" elapsed="1.027791"/>
</kw>
<kw name="Wait Until Page Contains" owner="SeleniumLibrary">
<arg>Log out</arg>
<arg>10s</arg>
<doc>Waits until ``text`` appears on the current page.</doc>
<status status="PASS" start="2026-02-23T21:55:33.422700" elapsed="0.020547"/>
</kw>
<arg>${email}</arg>
<arg>${password}</arg>
<status status="PASS" start="2026-02-23T21:55:31.591643" elapsed="1.851732"/>
</kw>
<kw name="Search Product" owner="search_keyword">
<kw name="Input Text" owner="SeleniumLibrary">
<msg time="2026-02-23T21:55:33.444159" level="INFO">Typing text 'Music 2' into text field 'id:small-searchterms'.</msg>
<arg>${SEARCH_BOX}</arg>
<arg>${product}</arg>
<doc>Types the given ``text`` into the text field identified by ``locator``.</doc>
<status status="PASS" start="2026-02-23T21:55:33.443956" elapsed="0.116917"/>
</kw>
<kw name="Click Element" owner="SeleniumLibrary">
<msg time="2026-02-23T21:55:33.561313" level="INFO">Clicking element 'xpath://input[@value='Search']'.</msg>
<arg>${SEARCH_BUTTON}</arg>
<doc>Click the element identified by ``locator``.</doc>
<status status="PASS" start="2026-02-23T21:55:33.561072" elapsed="0.068262"/>
</kw>
<kw name="Wait Until Page Contains" owner="SeleniumLibrary">
<arg>${product}</arg>
<arg>10s</arg>
<doc>Waits until ``text`` appears on the current page.</doc>
<status status="PASS" start="2026-02-23T21:55:33.629543" elapsed="1.355528"/>
</kw>
<arg>${product}</arg>
<status status="PASS" start="2026-02-23T21:55:33.443621" elapsed="1.541593"/>
</kw>
<kw name="Add Product To Cart" owner="cart_keyword">
<kw name="Click Element" owner="SeleniumLibrary">
<msg time="2026-02-23T21:55:34.985913" level="INFO">Clicking element 'xpath:(//h2[@class='product-title']/a)[1]'.</msg>
<arg>${FIRST_PRODUCT}</arg>
<doc>Click the element identified by ``locator``.</doc>
<status status="PASS" start="2026-02-23T21:55:34.985715" elapsed="2.575188"/>
</kw>
<kw name="Wait Until Element Is Visible" owner="SeleniumLibrary">
<arg>${ADD_TO_CART_BUTTON}</arg>
<arg>10s</arg>
<doc>Waits until the element ``locator`` is visible.</doc>
<status status="PASS" start="2026-02-23T21:55:37.561106" elapsed="0.029840"/>
</kw>
<kw name="Click Element" owner="SeleniumLibrary">
<msg time="2026-02-23T21:55:37.591446" level="INFO">Clicking element 'xpath://input[@value='Add to cart']'.</msg>
<arg>${ADD_TO_CART_BUTTON}</arg>
<doc>Click the element identified by ``locator``.</doc>
<status status="PASS" start="2026-02-23T21:55:37.591181" elapsed="0.071098"/>
</kw>
<kw name="Wait Until Element Is Visible" owner="SeleniumLibrary">
<arg>${NOTIFICATION_BAR}</arg>
<arg>10s</arg>
<doc>Waits until the element ``locator`` is visible.</doc>
<status status="PASS" start="2026-02-23T21:55:37.662520" elapsed="0.676602"/>
</kw>
<status status="PASS" start="2026-02-23T21:55:34.985431" elapsed="3.353824"/>
</kw>
<kw name="Go To Cart And Remove Item" owner="cart_keyword">
<kw name="Click Element" owner="SeleniumLibrary">
<msg time="2026-02-23T21:55:38.339929" level="INFO">Clicking element 'xpath://span[text()='Shopping cart']'.</msg>
<arg>${CART_LINK}</arg>
<doc>Click the element identified by ``locator``.</doc>
<status status="PASS" start="2026-02-23T21:55:38.339739" elapsed="1.273062"/>
</kw>
<kw name="Wait Until Page Contains" owner="SeleniumLibrary">
<arg>Shopping cart</arg>
<arg>10s</arg>
<doc>Waits until ``text`` appears on the current page.</doc>
<status status="PASS" start="2026-02-23T21:55:39.613005" elapsed="0.017876"/>
</kw>
<kw name="Select Checkbox" owner="SeleniumLibrary">
<msg time="2026-02-23T21:55:39.631663" level="INFO">Selecting checkbox 'xpath://input[@name='removefromcart']'.</msg>
<arg>${REMOVE_CHECKBOX}</arg>
<doc>Selects the checkbox identified by ``locator``.</doc>
<status status="PASS" start="2026-02-23T21:55:39.631218" elapsed="0.093106"/>
</kw>
<kw name="Click Element" owner="SeleniumLibrary">
<msg time="2026-02-23T21:55:39.724725" level="INFO">Clicking element 'xpath://input[@name='updatecart']'.</msg>
<arg>${UPDATE_CART_BUTTON}</arg>
<doc>Click the element identified by ``locator``.</doc>
<status status="PASS" start="2026-02-23T21:55:39.724510" elapsed="1.013880"/>
</kw>
<kw name="Wait Until Page Contains" owner="SeleniumLibrary">
<arg>Your Shopping Cart is empty!</arg>
<arg>10s</arg>
<doc>Waits until ``text`` appears on the current page.</doc>
<status status="PASS" start="2026-02-23T21:55:40.738627" elapsed="0.015796"/>
</kw>
<status status="PASS" start="2026-02-23T21:55:38.339459" elapsed="2.415105"/>
</kw>
<kw name="Logout From Application" owner="login_keyword">
<kw name="Click Element" owner="SeleniumLibrary">
<msg time="2026-02-23T21:55:40.755279" level="INFO">Clicking element 'link:Log out'.</msg>
<arg>${LOGOUT_LINK}</arg>
<doc>Click the element identified by ``locator``.</doc>
<status status="PASS" start="2026-02-23T21:55:40.755074" elapsed="1.253472"/>
</kw>
<kw name="Wait Until Page Contains" owner="SeleniumLibrary">
<arg>Log in</arg>
<arg>10s</arg>
<doc>Waits until ``text`` appears on the current page.</doc>
<status status="PASS" start="2026-02-23T21:55:42.008844" elapsed="0.011996"/>
</kw>
<status status="PASS" start="2026-02-23T21:55:40.754753" elapsed="1.266293"/>
</kw>
<arg>firstname=Sree Bhargav Reddy</arg>
<arg>lastname=Daggula</arg>
<arg>password=Test@789</arg>
<arg>product=Music 2</arg>
<arg>gender=male</arg>
<status status="PASS" start="2026-02-23T21:55:28.001458" elapsed="14.019659"/>
</kw>
<kw name="Close Browser Session" owner="common" type="TEARDOWN">
<kw name="Close Browser" owner="SeleniumLibrary">
<doc>Closes the current browser.</doc>
<status status="PASS" start="2026-02-23T21:55:42.021940" elapsed="2.290280"/>
</kw>
<status status="PASS" start="2026-02-23T21:55:42.021662" elapsed="2.290772"/>
</kw>
<status status="PASS" start="2026-02-23T21:55:20.496262" elapsed="23.816472"/>
</test>
<test id="s1-t4" name="E2E Flow for user Sana" line="15">
<kw name="Open Browser To Application" owner="common" type="SETUP">
<kw name="Run Keyword If" owner="BuiltIn">
<kw name="Open Chrome Browser" owner="common">
<kw name="Evaluate" owner="BuiltIn">
<msg time="2026-02-23T21:55:44.316464" level="INFO">${options} = &lt;selenium.webdriver.chrome.options.Options object at 0x000002621052BE10&gt;</msg>
<var>${options}</var>
<arg>sys.modules['selenium.webdriver'].ChromeOptions()</arg>
<arg>sys</arg>
<doc>Evaluates the given expression in Python and returns the result.</doc>
<status status="PASS" start="2026-02-23T21:55:44.316066" elapsed="0.000434"/>
</kw>
<kw name="Call Method" owner="BuiltIn">
<arg>${options}</arg>
<arg>add_argument</arg>
<arg>--ignore-certificate-errors</arg>
<doc>Calls the named method of the given object with the provided arguments.</doc>
<status status="PASS" start="2026-02-23T21:55:44.316625" elapsed="0.000247"/>
</kw>
<kw name="Call Method" owner="BuiltIn">
<arg>${options}</arg>
<arg>add_argument</arg>
<arg>--allow-running-insecure-content</arg>
<doc>Calls the named method of the given object with the provided arguments.</doc>
<status status="PASS" start="2026-02-23T21:55:44.316985" elapsed="0.000229"/>
</kw>
<kw name="Open Browser" owner="SeleniumLibrary">
<msg time="2026-02-23T21:55:44.317597" level="INFO">Opening browser 'chrome' to base url 'https://demowebshop.tricentis.com'.</msg>
<arg>${BASE_URL}</arg>
<arg>chrome</arg>
<arg>options=${options}</arg>
<doc>Opens a new browser instance to the optional ``url``.</doc>
<status status="PASS" start="2026-02-23T21:55:44.317359" elapsed="5.554204"/>
</kw>
<kw name="Sleep" owner="BuiltIn">
<msg time="2026-02-23T21:55:51.873413" level="INFO">Slept 2 seconds.</msg>
<arg>2s</arg>
<doc>Pauses the test executed for the given time.</doc>
<status status="PASS" start="2026-02-23T21:55:49.872024" elapsed="2.001604"/>
</kw>
<kw name="Press Keys" owner="SeleniumLibrary">
<msg time="2026-02-23T21:55:51.874388" level="INFO">Sending key(s) ('thisisunsafe',) to page.</msg>
<msg time="2026-02-23T21:55:51.874474" level="INFO">Sending keys thisisunsafe</msg>
<arg>NONE</arg>
<arg>thisisunsafe</arg>
<doc>Simulates the user pressing key(s) to an element or on the active browser.</doc>
<status status="PASS" start="2026-02-23T21:55:51.873961" elapsed="0.022607"/>
</kw>
<status status="PASS" start="2026-02-23T21:55:44.315829" elapsed="7.580891"/>
</kw>
<arg>'${BROWSER}' == 'chrome'</arg>
<arg>Open Chrome Browser</arg>
<arg>ELSE IF</arg>
<arg>'${BROWSER}' == 'firefox'</arg>
<arg>Open Firefox Browser</arg>
<arg>ELSE IF</arg>
<arg>'${BROWSER}' == 'edge'</arg>
<arg>Open Edge Browser</arg>
<arg>ELSE</arg>
<arg>Fail</arg>
<arg>Unsupported browser: ${BROWSER}</arg>
<doc>Runs the given keyword with the given arguments, if ``condition`` is true.</doc>
<status status="PASS" start="2026-02-23T21:55:44.315139" elapsed="7.581643"/>
</kw>
<kw name="Maximize Browser Window" owner="SeleniumLibrary">
<doc>Maximizes current browser window.</doc>
<status status="PASS" start="2026-02-23T21:55:51.896994" elapsed="0.033624"/>
</kw>
<kw name="Register Keyword To Run On Failure" owner="SeleniumLibrary">
<msg time="2026-02-23T21:55:51.931674" level="INFO">Capture Page Screenshot will be run on failure.</msg>
<arg>Capture Page Screenshot</arg>
<doc>Sets the keyword to execute, when a SeleniumLibrary keyword fails.</doc>
<status status="PASS" start="2026-02-23T21:55:51.931237" elapsed="0.000552"/>
</kw>
<status status="PASS" start="2026-02-23T21:55:44.314821" elapsed="7.617089"/>
</kw>
<kw name="Complete User Flow">
<kw name="Register New User" owner="register_keyword">
<kw name="Click Element" owner="SeleniumLibrary">
<msg time="2026-02-23T21:55:51.934120" level="INFO">Clicking element 'link:Register'.</msg>
<arg>${REGISTER_LINK}</arg>
<doc>Click the element identified by ``locator``.</doc>
<status status="PASS" start="2026-02-23T21:55:51.933877" elapsed="0.795326"/>
</kw>
<kw name="Wait Until Element Is Visible" owner="SeleniumLibrary">
<arg>${FIRSTNAME_FIELD}</arg>
<arg>10s</arg>
<doc>Waits until the element ``locator`` is visible.</doc>
<status status="PASS" start="2026-02-23T21:55:52.729396" elapsed="0.041850"/>
</kw>
<kw name="Convert To Lower Case" owner="String">
<msg time="2026-02-23T21:55:52.771684" level="INFO">${gender_lower} = female</msg>
<var>${gender_lower}</var>
<arg>${gender}</arg>
<doc>Converts string to lower case.</doc>
<status status="PASS" start="2026-02-23T21:55:52.771452" elapsed="0.000260"/>
</kw>
<kw name="Click Element" owner="SeleniumLibrary">
<msg time="2026-02-23T21:55:52.772128" level="INFO">Clicking element 'id:gender-female'.</msg>
<arg>id:gender-${gender_lower}</arg>
<doc>Click the element identified by ``locator``.</doc>
<status status="PASS" start="2026-02-23T21:55:52.771831" elapsed="0.074938"/>
</kw>
<kw name="Input Text" owner="SeleniumLibrary">
<msg time="2026-02-23T21:55:52.847311" level="INFO">Typing text 'Sana' into text field 'id:FirstName'.</msg>
<arg>${FIRSTNAME_FIELD}</arg>
<arg>${firstname}</arg>
<doc>Types the given ``text`` into the text field identified by ``locator``.</doc>
<status status="PASS" start="2026-02-23T21:55:52.847020" elapsed="0.104038"/>
</kw>
<kw name="Input Text" owner="SeleniumLibrary">
<msg time="2026-02-23T21:55:52.951796" level="INFO">Typing text 'Bano' into text field 'id:LastName'.</msg>
<arg>${LASTNAME_FIELD}</arg>
<arg>${lastname}</arg>
<doc>Types the given ``text`` into the text field identified by ``locator``.</doc>
<status status="PASS" start="2026-02-23T21:55:52.951379" elapsed="0.087443"/>
</kw>
<kw name="Generate Random String" owner="String">
<msg time="2026-02-23T21:55:53.039419" level="INFO">${random} = 1696</msg>
<var>${random}</var>
<arg>4</arg>
<arg>[NUMBERS]</arg>
<doc>Generates a string with a desired ``length`` from the given ``chars``.</doc>
<status status="PASS" start="2026-02-23T21:55:53.039121" elapsed="0.000330"/>
</kw>
<kw name="Set Variable" owner="BuiltIn">
<msg time="2026-02-23T21:55:53.039861" level="INFO">${email} = test1696@mail.com</msg>
<var>${email}</var>
<arg>test${random}@mail.com</arg>
<doc>Returns the given values which can then be assigned to a variables.</doc>
<status status="PASS" start="2026-02-23T21:55:53.039565" elapsed="0.000324"/>
</kw>
<kw name="Input Text" owner="SeleniumLibrary">
<msg time="2026-02-23T21:55:53.040242" level="INFO">Typing text 'test1696@mail.com' into text field 'id:Email'.</msg>
<arg>${EMAIL_FIELD}</arg>
<arg>${email}</arg>
<doc>Types the given ``text`` into the text field identified by ``locator``.</doc>
<status status="PASS" start="2026-02-23T21:55:53.040002" elapsed="0.094016"/>
</kw>
<kw name="Input Text" owner="SeleniumLibrary">
<msg time="2026-02-23T21:55:53.134574" level="INFO">Typing text 'Hello@123' into text field 'id:Password'.</msg>
<arg>${PASSWORD_FIELD}</arg>
<arg>${password}</arg>
<doc>Types the given ``text`` into the text field identified by ``locator``.</doc>
<status status="PASS" start="2026-02-23T21:55:53.134232" elapsed="0.069718"/>
</kw>
<kw name="Input Text" owner="SeleniumLibrary">
<msg time="2026-02-23T21:55:53.204685" level="INFO">Typing text 'Hello@123' into text field 'id:ConfirmPassword'.</msg>
<arg>${CONFIRM_PASSWORD}</arg>
<arg>${password}</arg>
<doc>Types the given ``text`` into the text field identified by ``locator``.</doc>
<status status="PASS" start="2026-02-23T21:55:53.204320" elapsed="0.072385"/>
</kw>
<kw name="Click Element" owner="SeleniumLibrary">
<msg time="2026-02-23T21:55:53.277113" level="INFO">Clicking element 'id:register-button'.</msg>
<arg>${REGISTER_BUTTON}</arg>
<doc>Click the element identified by ``locator``.</doc>
<status status="PASS" start="2026-02-23T21:55:53.276894" elapsed="0.070033"/>
</kw>
<kw name="Wait Until Page Contains" owner="SeleniumLibrary">
<arg>Your registration completed</arg>
<arg>10s</arg>
<doc>Waits until ``text`` appears on the current page.</doc>
<status status="PASS" start="2026-02-23T21:55:53.347150" elapsed="1.158078"/>
</kw>
<return>
<value>${email}</value>
<status status="PASS" start="2026-02-23T21:55:54.505333" elapsed="0.000055"/>
</return>
<msg time="2026-02-23T21:55:54.505539" level="INFO">${email} = test1696@mail.com</msg>
<var>${email}</var>
<arg>${firstname}</arg>
<arg>${lastname}</arg>
<arg>${password}</arg>
<arg>${gender}</arg>
<status status="PASS" start="2026-02-23T21:55:51.933460" elapsed="2.572106"/>
</kw>
<kw name="Logout From Application" owner="login_keyword">
<kw name="Click Element" owner="SeleniumLibrary">
<msg time="2026-02-23T21:55:54.506138" level="INFO">Clicking element 'link:Log out'.</msg>
<arg>${LOGOUT_LINK}</arg>
<doc>Click the element identified by ``locator``.</doc>
<status status="PASS" start="2026-02-23T21:55:54.505966" elapsed="1.189641"/>
</kw>
<kw name="Wait Until Page Contains" owner="SeleniumLibrary">
<arg>Log in</arg>
<arg>10s</arg>
<doc>Waits until ``text`` appears on the current page.</doc>
<status status="PASS" start="2026-02-23T21:55:55.695853" elapsed="0.018351"/>
</kw>
<status status="PASS" start="2026-02-23T21:55:54.505733" elapsed="1.208856"/>
</kw>
<kw name="Login To Application" owner="login_keyword">
<kw name="Click Element" owner="SeleniumLibrary">
<msg time="2026-02-23T21:55:55.716052" level="INFO">Clicking element 'link:Log in'.</msg>
<arg>${LOGIN_LINK}</arg>
<doc>Click the element identified by ``locator``.</doc>
<status status="PASS" start="2026-02-23T21:55:55.715724" elapsed="0.771708"/>
</kw>
<kw name="Wait Until Element Is Visible" owner="SeleniumLibrary">
<arg>${EMAIL_FIELD}</arg>
<arg>10s</arg>
<doc>Waits until the element ``locator`` is visible.</doc>
<status status="PASS" start="2026-02-23T21:55:56.487655" elapsed="0.019952"/>
</kw>
<kw name="Input Text" owner="SeleniumLibrary">
<msg time="2026-02-23T21:55:56.508032" level="INFO">Typing text 'test1696@mail.com' into text field 'id:Email'.</msg>
<arg>${EMAIL_FIELD}</arg>
<arg>${email}</arg>
<doc>Types the given ``text`` into the text field identified by ``locator``.</doc>
<status status="PASS" start="2026-02-23T21:55:56.507795" elapsed="0.077292"/>
</kw>
<kw name="Input Text" owner="SeleniumLibrary">
<msg time="2026-02-23T21:55:56.585859" level="INFO">Typing text 'Hello@123' into text field 'id:Password'.</msg>
<arg>${PASSWORD_FIELD}</arg>
<arg>${password}</arg>
<doc>Types the given ``text`` into the text field identified by ``locator``.</doc>
<status status="PASS" start="2026-02-23T21:55:56.585408" elapsed="0.077586"/>
</kw>
<kw name="Click Element" owner="SeleniumLibrary">
<msg time="2026-02-23T21:55:56.663413" level="INFO">Clicking element 'xpath://input[@value='Log in']'.</msg>
<arg>${LOGIN_BUTTON}</arg>
<doc>Click the element identified by ``locator``.</doc>
<status status="PASS" start="2026-02-23T21:55:56.663185" elapsed="1.529157"/>
</kw>
<kw name="Wait Until Page Contains" owner="SeleniumLibrary">
<arg>Log out</arg>
<arg>10s</arg>
<doc>Waits until ``text`` appears on the current page.</doc>
<status status="PASS" start="2026-02-23T21:55:58.192643" elapsed="0.022640"/>
</kw>
<arg>${email}</arg>
<arg>${password}</arg>
<status status="PASS" start="2026-02-23T21:55:55.715043" elapsed="2.500467"/>
</kw>
<kw name="Search Product" owner="search_keyword">
<kw name="Input Text" owner="SeleniumLibrary">
<msg time="2026-02-23T21:55:58.216550" level="INFO">Typing text 'Fiction' into text field 'id:small-searchterms'.</msg>
<arg>${SEARCH_BOX}</arg>
<arg>${product}</arg>
<doc>Types the given ``text`` into the text field identified by ``locator``.</doc>
<status status="PASS" start="2026-02-23T21:55:58.216219" elapsed="0.145277"/>
</kw>
<kw name="Click Element" owner="SeleniumLibrary">
<msg time="2026-02-23T21:55:58.362064" level="INFO">Clicking element 'xpath://input[@value='Search']'.</msg>
<arg>${SEARCH_BUTTON}</arg>
<doc>Click the element identified by ``locator``.</doc>
<status status="PASS" start="2026-02-23T21:55:58.361789" elapsed="0.065284"/>
</kw>
<kw name="Wait Until Page Contains" owner="SeleniumLibrary">
<arg>${product}</arg>
<arg>10s</arg>
<doc>Waits until ``text`` appears on the current page.</doc>
<status status="PASS" start="2026-02-23T21:55:58.427286" elapsed="2.674932"/>
</kw>
<arg>${product}</arg>
<status status="PASS" start="2026-02-23T21:55:58.215812" elapsed="2.886533"/>
</kw>
<kw name="Add Product To Cart" owner="cart_keyword">
<kw name="Click Element" owner="SeleniumLibrary">
<msg time="2026-02-23T21:56:01.103039" level="INFO">Clicking element 'xpath:(//h2[@class='product-title']/a)[1]'.</msg>
<arg>${FIRST_PRODUCT}</arg>
<doc>Click the element identified by ``locator``.</doc>
<status status="PASS" start="2026-02-23T21:56:01.102839" elapsed="2.963631"/>
</kw>
<kw name="Wait Until Element Is Visible" owner="SeleniumLibrary">
<arg>${ADD_TO_CART_BUTTON}</arg>
<arg>10s</arg>
<doc>Waits until the element ``locator`` is visible.</doc>
<status status="PASS" start="2026-02-23T21:56:04.066747" elapsed="0.023130"/>
</kw>
<kw name="Click Element" owner="SeleniumLibrary">
<msg time="2026-02-23T21:56:04.090579" level="INFO">Clicking element 'xpath://input[@value='Add to cart']'.</msg>
<arg>${ADD_TO_CART_BUTTON}</arg>
<doc>Click the element identified by ``locator``.</doc>
<status status="PASS" start="2026-02-23T21:56:04.090200" elapsed="0.069566"/>
</kw>
<kw name="Wait Until Element Is Visible" owner="SeleniumLibrary">
<arg>${NOTIFICATION_BAR}</arg>
<arg>10s</arg>
<doc>Waits until the element ``locator`` is visible.</doc>
<status status="PASS" start="2026-02-23T21:56:04.159980" elapsed="0.449503"/>
</kw>
<status status="PASS" start="2026-02-23T21:56:01.102551" elapsed="3.507080"/>
</kw>
<kw name="Go To Cart And Remove Item" owner="cart_keyword">
<kw name="Click Element" owner="SeleniumLibrary">
<msg time="2026-02-23T21:56:04.610361" level="INFO">Clicking element 'xpath://span[text()='Shopping cart']'.</msg>
<arg>${CART_LINK}</arg>
<doc>Click the element identified by ``locator``.</doc>
<status status="PASS" start="2026-02-23T21:56:04.610152" elapsed="1.129632"/>
</kw>
<kw name="Wait Until Page Contains" owner="SeleniumLibrary">
<arg>Shopping cart</arg>
<arg>10s</arg>
<doc>Waits until ``text`` appears on the current page.</doc>
<status status="PASS" start="2026-02-23T21:56:05.740002" elapsed="0.016385"/>
</kw>
<kw name="Select Checkbox" owner="SeleniumLibrary">
<msg time="2026-02-23T21:56:05.756863" level="INFO">Selecting checkbox 'xpath://input[@name='removefromcart']'.</msg>
<arg>${REMOVE_CHECKBOX}</arg>
<doc>Selects the checkbox identified by ``locator``.</doc>
<status status="PASS" start="2026-02-23T21:56:05.756593" elapsed="0.087921"/>
</kw>
<kw name="Click Element" owner="SeleniumLibrary">
<msg time="2026-02-23T21:56:05.845039" level="INFO">Clicking element 'xpath://input[@name='updatecart']'.</msg>
<arg>${UPDATE_CART_BUTTON}</arg>
<doc>Click the element identified by ``locator``.</doc>
<status status="PASS" start="2026-02-23T21:56:05.844788" elapsed="1.024723"/>
</kw>
<kw name="Wait Until Page Contains" owner="SeleniumLibrary">
<arg>Your Shopping Cart is empty!</arg>
<arg>10s</arg>
<doc>Waits until ``text`` appears on the current page.</doc>
<status status="PASS" start="2026-02-23T21:56:06.869721" elapsed="0.014432"/>
</kw>
<status status="PASS" start="2026-02-23T21:56:04.609862" elapsed="2.274431"/>
</kw>
<kw name="Logout From Application" owner="login_keyword">
<kw name="Click Element" owner="SeleniumLibrary">
<msg time="2026-02-23T21:56:06.885052" level="INFO">Clicking element 'link:Log out'.</msg>
<arg>${LOGOUT_LINK}</arg>
<doc>Click the element identified by ``locator``.</doc>
<status status="PASS" start="2026-02-23T21:56:06.884842" elapsed="1.366402"/>
</kw>
<kw name="Wait Until Page Contains" owner="SeleniumLibrary">
<arg>Log in</arg>
<arg>10s</arg>
<doc>Waits until ``text`` appears on the current page.</doc>
<status status="PASS" start="2026-02-23T21:56:08.251555" elapsed="0.012595"/>
</kw>
<status status="PASS" start="2026-02-23T21:56:06.884497" elapsed="1.379829"/>
</kw>
<arg>firstname=Sana</arg>
<arg>lastname=Bano</arg>
<arg>password=Hello@123</arg>
<arg>product=Fiction</arg>
<arg>gender=female</arg>
<status status="PASS" start="2026-02-23T21:55:51.932812" elapsed="16.331574"/>
</kw>
<kw name="Close Browser Session" owner="common" type="TEARDOWN">
<kw name="Close Browser" owner="SeleniumLibrary">
<doc>Closes the current browser.</doc>
<status status="PASS" start="2026-02-23T21:56:08.265622" elapsed="2.282275"/>
</kw>
<status status="PASS" start="2026-02-23T21:56:08.265197" elapsed="2.282967"/>
</kw>
<status status="PASS" start="2026-02-23T21:55:44.313498" elapsed="26.234942"/>
</test>
<test id="s1-t5" name="E2E Flow for user Amulya Rani" line="15">
<kw name="Open Browser To Application" owner="common" type="SETUP">
<kw name="Run Keyword If" owner="BuiltIn">
<kw name="Open Chrome Browser" owner="common">
<kw name="Evaluate" owner="BuiltIn">
<msg time="2026-02-23T21:56:10.551737" level="INFO">${options} = &lt;selenium.webdriver.chrome.options.Options object at 0x0000026210998FC0&gt;</msg>
<var>${options}</var>
<arg>sys.modules['selenium.webdriver'].ChromeOptions()</arg>
<arg>sys</arg>
<doc>Evaluates the given expression in Python and returns the result.</doc>
<status status="PASS" start="2026-02-23T21:56:10.551385" elapsed="0.000390"/>
</kw>
<kw name="Call Method" owner="BuiltIn">
<arg>${options}</arg>
<arg>add_argument</arg>
<arg>--ignore-certificate-errors</arg>
<doc>Calls the named method of the given object with the provided arguments.</doc>
<status status="PASS" start="2026-02-23T21:56:10.551897" elapsed="0.000258"/>
</kw>
<kw name="Call Method" owner="BuiltIn">
<arg>${options}</arg>
<arg>add_argument</arg>
<arg>--allow-running-insecure-content</arg>
<doc>Calls the named method of the given object with the provided arguments.</doc>
<status status="PASS" start="2026-02-23T21:56:10.552267" elapsed="0.000231"/>
</kw>
<kw name="Open Browser" owner="SeleniumLibrary">
<msg time="2026-02-23T21:56:10.552851" level="INFO">Opening browser 'chrome' to base url 'https://demowebshop.tricentis.com'.</msg>
<arg>${BASE_URL}</arg>
<arg>chrome</arg>
<arg>options=${options}</arg>
<doc>Opens a new browser instance to the optional ``url``.</doc>
<status status="PASS" start="2026-02-23T21:56:10.552634" elapsed="5.224001"/>
</kw>
<kw name="Sleep" owner="BuiltIn">
<msg time="2026-02-23T21:56:17.777822" level="INFO">Slept 2 seconds.</msg>
<arg>2s</arg>
<doc>Pauses the test executed for the given time.</doc>
<status status="PASS" start="2026-02-23T21:56:15.777051" elapsed="2.000916"/>
</kw>
<kw name="Press Keys" owner="SeleniumLibrary">
<msg time="2026-02-23T21:56:17.778742" level="INFO">Sending key(s) ('thisisunsafe',) to page.</msg>
<msg time="2026-02-23T21:56:17.778867" level="INFO">Sending keys thisisunsafe</msg>
<arg>NONE</arg>
<arg>thisisunsafe</arg>
<doc>Simulates the user pressing key(s) to an element or on the active browser.</doc>
<status status="PASS" start="2026-02-23T21:56:17.778195" elapsed="0.020185"/>
</kw>
<status status="PASS" start="2026-02-23T21:56:10.551157" elapsed="7.247353"/>
</kw>
<arg>'${BROWSER}' == 'chrome'</arg>
<arg>Open Chrome Browser</arg>
<arg>ELSE IF</arg>
<arg>'${BROWSER}' == 'firefox'</arg>
<arg>Open Firefox Browser</arg>
<arg>ELSE IF</arg>
<arg>'${BROWSER}' == 'edge'</arg>
<arg>Open Edge Browser</arg>
<arg>ELSE</arg>
<arg>Fail</arg>
<arg>Unsupported browser: ${BROWSER}</arg>
<doc>Runs the given keyword with the given arguments, if ``condition`` is true.</doc>
<status status="PASS" start="2026-02-23T21:56:10.550557" elapsed="7.248009"/>
</kw>
<kw name="Maximize Browser Window" owner="SeleniumLibrary">
<doc>Maximizes current browser window.</doc>
<status status="PASS" start="2026-02-23T21:56:17.798728" elapsed="0.040881"/>
</kw>
<kw name="Register Keyword To Run On Failure" owner="SeleniumLibrary">
<msg time="2026-02-23T21:56:17.840661" level="INFO">Capture Page Screenshot will be run on failure.</msg>
<arg>Capture Page Screenshot</arg>
<doc>Sets the keyword to execute, when a SeleniumLibrary keyword fails.</doc>
<status status="PASS" start="2026-02-23T21:56:17.840162" elapsed="0.000591"/>
</kw>
<status status="PASS" start="2026-02-23T21:56:10.550272" elapsed="7.290617"/>
</kw>
<kw name="Complete User Flow">
<kw name="Register New User" owner="register_keyword">
<kw name="Click Element" owner="SeleniumLibrary">
<msg time="2026-02-23T21:56:17.843519" level="INFO">Clicking element 'link:Register'.</msg>
<arg>${REGISTER_LINK}</arg>
<doc>Click the element identified by ``locator``.</doc>
<status status="PASS" start="2026-02-23T21:56:17.843179" elapsed="0.778545"/>
</kw>
<kw name="Wait Until Element Is Visible" owner="SeleniumLibrary">
<arg>${FIRSTNAME_FIELD}</arg>
<arg>10s</arg>
<doc>Waits until the element ``locator`` is visible.</doc>
<status status="PASS" start="2026-02-23T21:56:18.621974" elapsed="0.024017"/>
</kw>
<kw name="Convert To Lower Case" owner="String">
<msg time="2026-02-23T21:56:18.646877" level="INFO">${gender_lower} = female</msg>
<var>${gender_lower}</var>
<arg>${gender}</arg>
<doc>Converts string to lower case.</doc>
<status status="PASS" start="2026-02-23T21:56:18.646392" elapsed="0.000566"/>
</kw>
<kw name="Click Element" owner="SeleniumLibrary">
<msg time="2026-02-23T21:56:18.647644" level="INFO">Clicking element 'id:gender-female'.</msg>
<arg>id:gender-${gender_lower}</arg>
<doc>Click the element identified by ``locator``.</doc>
<status status="PASS" start="2026-02-23T21:56:18.647253" elapsed="0.078644"/>
</kw>
<kw name="Input Text" owner="SeleniumLibrary">
<msg time="2026-02-23T21:56:18.726972" level="INFO">Typing text 'Amulya Rani' into text field 'id:FirstName'.</msg>
<arg>${FIRSTNAME_FIELD}</arg>
<arg>${firstname}</arg>
<doc>Types the given ``text`` into the text field identified by ``locator``.</doc>
<status status="PASS" start="2026-02-23T21:56:18.726361" elapsed="0.127973"/>
</kw>
<kw name="Input Text" owner="SeleniumLibrary">
<msg time="2026-02-23T21:56:18.855008" level="INFO">Typing text 'Noonela' into text field 'id:LastName'.</msg>
<arg>${LASTNAME_FIELD}</arg>
<arg>${lastname}</arg>
<doc>Types the given ``text`` into the text field identified by ``locator``.</doc>
<status status="PASS" start="2026-02-23T21:56:18.854627" elapsed="0.090335"/>
</kw>
<kw name="Generate Random String" owner="String">
<msg time="2026-02-23T21:56:18.945456" level="INFO">${random} = 4282</msg>
<var>${random}</var>
<arg>4</arg>
<arg>[NUMBERS]</arg>
<doc>Generates a string with a desired ``length`` from the given ``chars``.</doc>
<status status="PASS" start="2026-02-23T21:56:18.945205" elapsed="0.000281"/>
</kw>
<kw name="Set Variable" owner="BuiltIn">
<msg time="2026-02-23T21:56:18.945938" level="INFO">${email} = test4282@mail.com</msg>
<var>${email}</var>
<arg>test${random}@mail.com</arg>
<doc>Returns the given values which can then be assigned to a variables.</doc>
<status status="PASS" start="2026-02-23T21:56:18.945639" elapsed="0.000326"/>
</kw>
<kw name="Input Text" owner="SeleniumLibrary">
<msg time="2026-02-23T21:56:18.946273" level="INFO">Typing text 'test4282@mail.com' into text field 'id:Email'.</msg>
<arg>${EMAIL_FIELD}</arg>
<arg>${email}</arg>
<doc>Types the given ``text`` into the text field identified by ``locator``.</doc>
<status status="PASS" start="2026-02-23T21:56:18.946073" elapsed="0.110325"/>
</kw>
<kw name="Input Text" owner="SeleniumLibrary">
<msg time="2026-02-23T21:56:19.056919" level="INFO">Typing text 'Test@123' into text field 'id:Password'.</msg>
<arg>${PASSWORD_FIELD}</arg>
<arg>${password}</arg>
<doc>Types the given ``text`` into the text field identified by ``locator``.</doc>
<status status="PASS" start="2026-02-23T21:56:19.056604" elapsed="0.082606"/>
</kw>
<kw name="Input Text" owner="SeleniumLibrary">
<msg time="2026-02-23T21:56:19.139717" level="INFO">Typing text 'Test@123' into text field 'id:ConfirmPassword'.</msg>
<arg>${CONFIRM_PASSWORD}</arg>
<arg>${password}</arg>
<doc>Types the given ``text`` into the text field identified by ``locator``.</doc>
<status status="PASS" start="2026-02-23T21:56:19.139424" elapsed="0.074621"/>
</kw>
<kw name="Click Element" owner="SeleniumLibrary">
<msg time="2026-02-23T21:56:19.214594" level="INFO">Clicking element 'id:register-button'.</msg>
<arg>${REGISTER_BUTTON}</arg>
<doc>Click the element identified by ``locator``.</doc>
<status status="PASS" start="2026-02-23T21:56:19.214311" elapsed="1.798325"/>
</kw>
<kw name="Wait Until Page Contains" owner="SeleniumLibrary">
<arg>Your registration completed</arg>
<arg>10s</arg>
<doc>Waits until ``text`` appears on the current page.</doc>
<status status="PASS" start="2026-02-23T21:56:21.012846" elapsed="0.015026"/>
</kw>
<return>
<value>${email}</value>
<status status="PASS" start="2026-02-23T21:56:21.027979" elapsed="0.000059"/>
</return>
<msg time="2026-02-23T21:56:21.028191" level="INFO">${email} = test4282@mail.com</msg>
<var>${email}</var>
<arg>${firstname}</arg>
<arg>${lastname}</arg>
<arg>${password}</arg>
<arg>${gender}</arg>
<status status="PASS" start="2026-02-23T21:56:17.842568" elapsed="3.185650"/>
</kw>
<kw name="Logout From Application" owner="login_keyword">
<kw name="Click Element" owner="SeleniumLibrary">
<msg time="2026-02-23T21:56:21.028779" level="INFO">Clicking element 'link:Log out'.</msg>
<arg>${LOGOUT_LINK}</arg>
<doc>Click the element identified by ``locator``.</doc>
<status status="PASS" start="2026-02-23T21:56:21.028613" elapsed="1.030613"/>
</kw>
<kw name="Wait Until Page Contains" owner="SeleniumLibrary">
<arg>Log in</arg>
<arg>10s</arg>
<doc>Waits until ``text`` appears on the current page.</doc>
<status status="PASS" start="2026-02-23T21:56:22.059426" elapsed="0.015909"/>
</kw>
<status status="PASS" start="2026-02-23T21:56:21.028385" elapsed="1.047100"/>
</kw>
<kw name="Login To Application" owner="login_keyword">
<kw name="Click Element" owner="SeleniumLibrary">
<msg time="2026-02-23T21:56:22.076366" level="INFO">Clicking element 'link:Log in'.</msg>
<arg>${LOGIN_LINK}</arg>
<doc>Click the element identified by ``locator``.</doc>
<status status="PASS" start="2026-02-23T21:56:22.076184" elapsed="0.627580"/>
</kw>
<kw name="Wait Until Element Is Visible" owner="SeleniumLibrary">
<arg>${EMAIL_FIELD}</arg>
<arg>10s</arg>
<doc>Waits until the element ``locator`` is visible.</doc>
<status status="PASS" start="2026-02-23T21:56:22.704224" elapsed="0.019374"/>
</kw>
<kw name="Input Text" owner="SeleniumLibrary">
<msg time="2026-02-23T21:56:22.724095" level="INFO">Typing text 'test4282@mail.com' into text field 'id:Email'.</msg>
<arg>${EMAIL_FIELD}</arg>
<arg>${email}</arg>
<doc>Types the given ``text`` into the text field identified by ``locator``.</doc>
<status status="PASS" start="2026-02-23T21:56:22.723855" elapsed="0.074059"/>
</kw>
<kw name="Input Text" owner="SeleniumLibrary">
<msg time="2026-02-23T21:56:22.798792" level="INFO">Typing text 'Test@123' into text field 'id:Password'.</msg>
<arg>${PASSWORD_FIELD}</arg>
<arg>${password}</arg>
<doc>Types the given ``text`` into the text field identified by ``locator``.</doc>
<status status="PASS" start="2026-02-23T21:56:22.798258" elapsed="0.075338"/>
</kw>
<kw name="Click Element" owner="SeleniumLibrary">
<msg time="2026-02-23T21:56:22.874011" level="INFO">Clicking element 'xpath://input[@value='Log in']'.</msg>
<arg>${LOGIN_BUTTON}</arg>
<doc>Click the element identified by ``locator``.</doc>
<status status="PASS" start="2026-02-23T21:56:22.873790" elapsed="1.222506"/>
</kw>
<kw name="Wait Until Page Contains" owner="SeleniumLibrary">
<arg>Log out</arg>
<arg>10s</arg>
<doc>Waits until ``text`` appears on the current page.</doc>
<status status="PASS" start="2026-02-23T21:56:24.096573" elapsed="0.020720"/>
</kw>
<arg>${email}</arg>
<arg>${password}</arg>
<status status="PASS" start="2026-02-23T21:56:22.075726" elapsed="2.041695"/>
</kw>
<kw name="Search Product" owner="search_keyword">
<kw name="Input Text" owner="SeleniumLibrary">
<msg time="2026-02-23T21:56:24.118214" level="INFO">Typing text 'laptop' into text field 'id:small-searchterms'.</msg>
<arg>${SEARCH_BOX}</arg>
<arg>${product}</arg>
<doc>Types the given ``text`` into the text field identified by ``locator``.</doc>
<status status="PASS" start="2026-02-23T21:56:24.118006" elapsed="0.171642"/>
</kw>
<kw name="Click Element" owner="SeleniumLibrary">
<msg time="2026-02-23T21:56:24.290717" level="INFO">Clicking element 'xpath://input[@value='Search']'.</msg>
<arg>${SEARCH_BUTTON}</arg>
<doc>Click the element identified by ``locator``.</doc>
<status status="PASS" start="2026-02-23T21:56:24.290136" elapsed="0.085734"/>
</kw>
<kw name="Wait Until Page Contains" owner="SeleniumLibrary">
<arg>${product}</arg>
<arg>10s</arg>
<doc>Waits until ``text`` appears on the current page.</doc>
<status status="PASS" start="2026-02-23T21:56:24.376148" elapsed="1.436955"/>
</kw>
<arg>${product}</arg>
<status status="PASS" start="2026-02-23T21:56:24.117681" elapsed="1.695554"/>
</kw>
<kw name="Add Product To Cart" owner="cart_keyword">
<kw name="Click Element" owner="SeleniumLibrary">
<msg time="2026-02-23T21:56:25.814028" level="INFO">Clicking element 'xpath:(//h2[@class='product-title']/a)[1]'.</msg>
<arg>${FIRST_PRODUCT}</arg>
<doc>Click the element identified by ``locator``.</doc>
<status status="PASS" start="2026-02-23T21:56:25.813805" elapsed="1.184224"/>
</kw>
<kw name="Wait Until Element Is Visible" owner="SeleniumLibrary">
<arg>${ADD_TO_CART_BUTTON}</arg>
<arg>10s</arg>
<doc>Waits until the element ``locator`` is visible.</doc>
<status status="PASS" start="2026-02-23T21:56:26.998271" elapsed="0.024298"/>
</kw>
<kw name="Click Element" owner="SeleniumLibrary">
<msg time="2026-02-23T21:56:27.022988" level="INFO">Clicking element 'xpath://input[@value='Add to cart']'.</msg>
<arg>${ADD_TO_CART_BUTTON}</arg>
<doc>Click the element identified by ``locator``.</doc>
<status status="PASS" start="2026-02-23T21:56:27.022766" elapsed="0.068340"/>
</kw>
<kw name="Wait Until Element Is Visible" owner="SeleniumLibrary">
<arg>${NOTIFICATION_BAR}</arg>
<arg>10s</arg>
<doc>Waits until the element ``locator`` is visible.</doc>
<status status="PASS" start="2026-02-23T21:56:27.091382" elapsed="0.672627"/>
</kw>
<status status="PASS" start="2026-02-23T21:56:25.813454" elapsed="1.950787"/>
</kw>
<kw name="Go To Cart And Remove Item" owner="cart_keyword">
<kw name="Click Element" owner="SeleniumLibrary">
<msg time="2026-02-23T21:56:27.765450" level="INFO">Clicking element 'xpath://span[text()='Shopping cart']'.</msg>
<arg>${CART_LINK}</arg>
<doc>Click the element identified by ``locator``.</doc>
<status status="PASS" start="2026-02-23T21:56:27.765135" elapsed="0.973223"/>
</kw>
<kw name="Wait Until Page Contains" owner="SeleniumLibrary">
<arg>Shopping cart</arg>
<arg>10s</arg>
<doc>Waits until ``text`` appears on the current page.</doc>
<status status="PASS" start="2026-02-23T21:56:28.738707" elapsed="0.016313"/>
</kw>
<kw name="Select Checkbox" owner="SeleniumLibrary">
<msg time="2026-02-23T21:56:28.755599" level="INFO">Selecting checkbox 'xpath://input[@name='removefromcart']'.</msg>
<arg>${REMOVE_CHECKBOX}</arg>
<doc>Selects the checkbox identified by ``locator``.</doc>
<status status="PASS" start="2026-02-23T21:56:28.755329" elapsed="0.089787"/>
</kw>
<kw name="Click Element" owner="SeleniumLibrary">
<msg time="2026-02-23T21:56:28.845557" level="INFO">Clicking element 'xpath://input[@name='updatecart']'.</msg>
<arg>${UPDATE_CART_BUTTON}</arg>
<doc>Click the element identified by ``locator``.</doc>
<status status="PASS" start="2026-02-23T21:56:28.845330" elapsed="1.260200"/>
</kw>
<kw name="Wait Until Page Contains" owner="SeleniumLibrary">
<arg>Your Shopping Cart is empty!</arg>
<arg>10s</arg>
<doc>Waits until ``text`` appears on the current page.</doc>
<status status="PASS" start="2026-02-23T21:56:30.105752" elapsed="0.013511"/>
</kw>
<status status="PASS" start="2026-02-23T21:56:27.764610" elapsed="2.354839"/>
</kw>
<kw name="Logout From Application" owner="login_keyword">
<kw name="Click Element" owner="SeleniumLibrary">
<msg time="2026-02-23T21:56:30.120269" level="INFO">Clicking element 'link:Log out'.</msg>
<arg>${LOGOUT_LINK}</arg>
<doc>Click the element identified by ``locator``.</doc>
<status status="PASS" start="2026-02-23T21:56:30.120060" elapsed="1.864654"/>
</kw>
<kw name="Wait Until Page Contains" owner="SeleniumLibrary">
<arg>Log in</arg>
<arg>10s</arg>
<doc>Waits until ``text`` appears on the current page.</doc>
<status status="PASS" start="2026-02-23T21:56:31.985129" elapsed="0.013012"/>
</kw>
<status status="PASS" start="2026-02-23T21:56:30.119717" elapsed="1.878599"/>
</kw>
<arg>firstname=Amulya Rani</arg>
<arg>lastname=Noonela</arg>
<arg>password=Test@123</arg>
<arg>product=laptop</arg>
<arg>gender=female</arg>
<status status="PASS" start="2026-02-23T21:56:17.841855" elapsed="14.156538"/>
</kw>
<kw name="Close Browser Session" owner="common" type="TEARDOWN">
<kw name="Close Browser" owner="SeleniumLibrary">
<doc>Closes the current browser.</doc>
<status status="PASS" start="2026-02-23T21:56:31.999487" elapsed="2.372514"/>
</kw>
<status status="PASS" start="2026-02-23T21:56:31.999141" elapsed="2.373129"/>
</kw>
<status status="PASS" start="2026-02-23T21:56:10.548998" elapsed="23.823743"/>
</test>
<status status="PASS" start="2026-02-23T21:54:05.988929" elapsed="148.385351"/>
</suite>
<statistics>
<total>
<stat pass="5" fail="0" skip="0">All Tests</stat>
</total>
<tag>
</tag>
<suite>
<stat name="End2End Flow" id="s1" pass="5" fail="0" skip="0">End2End Flow</stat>
</suite>
</statistics>
<errors>
</errors>
</robot>
