<?xml version="1.0" encoding="UTF-8"?>
<robot generator="Robot 7.4.1 (Python 3.12.5 on win32)" generated="2026-02-19T12:29:09.215108" rpa="false" schemaversion="5">
<suite id="s1" name="pythonProjectwipro" source="C:\Users\Rohith\PycharmProjects\pythonProjectwipro">
<suite id="s1-s1" name="UI Ecommerce Project" source="C:\Users\Rohith\PycharmProjects\pythonProjectwipro\UI_Ecommerce_Project">
<suite id="s1-s1-s1" name="Robot" source="C:\Users\Rohith\PycharmProjects\pythonProjectwipro\UI_Ecommerce_Project\Robot">
<suite id="s1-s1-s1-s1" name="Tests" source="C:\Users\Rohith\PycharmProjects\pythonProjectwipro\UI_Ecommerce_Project\Robot\tests">
<suite id="s1-s1-s1-s1-s1" name="E2E Flow" source="C:\Users\Rohith\PycharmProjects\pythonProjectwipro\UI_Ecommerce_Project\Robot\tests\E2E_Flow.robot">
<kw name="Open Browser To Application" owner="common" type="SETUP">
<kw name="Open Browser" owner="SeleniumLibrary">
<msg time="2026-02-19T12:29:09.812035" level="INFO">Opening browser 'chrome' to base url 'https://demowebshop.tricentis.com'.</msg>
<arg>${BASE_URL}</arg>
<arg>${BROWSER}</arg>
<doc>Opens a new browser instance to the optional ``url``.</doc>
<status status="PASS" start="2026-02-19T12:29:09.811044" elapsed="5.473393"/>
</kw>
<kw name="Maximize Browser Window" owner="SeleniumLibrary">
<doc>Maximizes current browser window.</doc>
<status status="PASS" start="2026-02-19T12:29:15.284437" elapsed="0.046476"/>
</kw>
<kw name="Register Keyword To Run On Failure" owner="SeleniumLibrary">
<msg time="2026-02-19T12:29:15.330913" level="INFO">Capture Page Screenshot will be run on failure.</msg>
<arg>Capture Page Screenshot</arg>
<doc>Sets the keyword to execute, when a SeleniumLibrary keyword fails.</doc>
<status status="PASS" start="2026-02-19T12:29:15.330913" elapsed="0.000994"/>
</kw>
<status status="PASS" start="2026-02-19T12:29:09.810013" elapsed="5.521894"/>
</kw>
<test id="s1-s1-s1-s1-s1-t1" name="E2E Flow for user Pavani" line="10">
<kw name="Complete User Flow">
<kw name="Log" owner="BuiltIn">
<msg time="2026-02-19T12:29:15.339435" level="INFO">Pavani</msg>
<arg>${firstname}</arg>
<doc>Logs the given message with the given level.</doc>
<status status="PASS" start="2026-02-19T12:29:15.338437" elapsed="0.000998"/>
</kw>
<kw name="Element Should Be Visible" owner="SeleniumLibrary">
<msg time="2026-02-19T12:29:15.510038" level="INFO">Element 'xpath://a[text()='Register']' is displayed.</msg>
<arg>${REGISTER_LINK}</arg>
<doc>Verifies that the element identified by ``locator`` is visible.</doc>
<status status="PASS" start="2026-02-19T12:29:15.339435" elapsed="0.171615"/>
</kw>
<kw name="Click Element Safe" owner="common">
<kw name="Wait Until Element Is Visible" owner="SeleniumLibrary">
<arg>${locator}</arg>
<arg>5s</arg>
<doc>Waits until the element ``locator`` is visible.</doc>
<status status="PASS" start="2026-02-19T12:29:15.512065" elapsed="0.025286"/>
</kw>
<kw name="Click Element" owner="SeleniumLibrary">
<msg time="2026-02-19T12:29:15.539875" level="INFO">Clicking element 'xpath://a[text()='Register']'.</msg>
<arg>${locator}</arg>
<doc>Click the element identified by ``locator``.</doc>
<status status="PASS" start="2026-02-19T12:29:15.538859" elapsed="0.663331"/>
</kw>
<arg>${REGISTER_LINK}</arg>
<status status="PASS" start="2026-02-19T12:29:15.511050" elapsed="0.691140"/>
</kw>
<kw name="Page Should Contain" owner="SeleniumLibrary">
<msg time="2026-02-19T12:29:16.219669" level="INFO">Current page contains text 'Register'.</msg>
<arg>Register</arg>
<doc>Verifies that current page contains ``text``.</doc>
<status status="PASS" start="2026-02-19T12:29:16.202190" elapsed="0.018499"/>
</kw>
<kw name="Click Element" owner="SeleniumLibrary">
<msg time="2026-02-19T12:29:16.220689" level="INFO">Clicking element 'id:gender-male'.</msg>
<arg>id:gender-male</arg>
<doc>Click the element identified by ``locator``.</doc>
<status status="PASS" start="2026-02-19T12:29:16.220689" elapsed="0.082009"/>
</kw>
<kw name="Element Should Be Visible" owner="SeleniumLibrary">
<msg time="2026-02-19T12:29:16.321854" level="INFO">Element 'id:FirstName' is displayed.</msg>
<arg>${FIRSTNAME_FIELD}</arg>
<doc>Verifies that the element identified by ``locator`` is visible.</doc>
<status status="PASS" start="2026-02-19T12:29:16.302698" elapsed="0.019156"/>
</kw>
<kw name="Input Text Safe" owner="common">
<kw name="Wait Until Element Is Visible" owner="SeleniumLibrary">
<arg>${locator}</arg>
<arg>5s</arg>
<doc>Waits until the element ``locator`` is visible.</doc>
<status status="PASS" start="2026-02-19T12:29:16.323858" elapsed="0.022619"/>
</kw>
<kw name="Input Text" owner="SeleniumLibrary">
<msg time="2026-02-19T12:29:16.347471" level="INFO">Typing text 'Pavani' into text field 'id:FirstName'.</msg>
<arg>${locator}</arg>
<arg>${text}</arg>
<doc>Types the given ``text`` into the text field identified by ``locator``.</doc>
<status status="PASS" start="2026-02-19T12:29:16.346477" elapsed="0.133172"/>
</kw>
<arg>${FIRSTNAME_FIELD}</arg>
<arg>${firstname}</arg>
<status status="PASS" start="2026-02-19T12:29:16.322847" elapsed="0.157799"/>
</kw>
<kw name="Element Should Be Visible" owner="SeleniumLibrary">
<msg time="2026-02-19T12:29:16.504313" level="INFO">Element 'id:LastName' is displayed.</msg>
<arg>${LASTNAME_FIELD}</arg>
<doc>Verifies that the element identified by ``locator`` is visible.</doc>
<status status="PASS" start="2026-02-19T12:29:16.480646" elapsed="0.023667"/>
</kw>
<kw name="Input Text Safe" owner="common">
<kw name="Wait Until Element Is Visible" owner="SeleniumLibrary">
<arg>${locator}</arg>
<arg>5s</arg>
<doc>Waits until the element ``locator`` is visible.</doc>
<status status="PASS" start="2026-02-19T12:29:16.505309" elapsed="0.016562"/>
</kw>
<kw name="Input Text" owner="SeleniumLibrary">
<msg time="2026-02-19T12:29:16.523380" level="INFO">Typing text 'Kalla' into text field 'id:LastName'.</msg>
<arg>${locator}</arg>
<arg>${text}</arg>
<doc>Types the given ``text`` into the text field identified by ``locator``.</doc>
<status status="PASS" start="2026-02-19T12:29:16.523380" elapsed="0.091753"/>
</kw>
<arg>${LASTNAME_FIELD}</arg>
<arg>${lastname}</arg>
<status status="PASS" start="2026-02-19T12:29:16.504313" elapsed="0.110820"/>
</kw>
<kw name="Generate Random String" owner="String">
<msg time="2026-02-19T12:29:16.616654" level="INFO">${random} = 0501</msg>
<var>${random}</var>
<arg>4</arg>
<arg>[NUMBERS]</arg>
<doc>Generates a string with a desired ``length`` from the given ``chars``.</doc>
<status status="PASS" start="2026-02-19T12:29:16.615133" elapsed="0.001521"/>
</kw>
<kw name="Set Variable" owner="BuiltIn">
<msg time="2026-02-19T12:29:16.617661" level="INFO">${generated_email} = user10501@mail.com</msg>
<var>${generated_email}</var>
<arg>${email}${random}@mail.com</arg>
<doc>Returns the given values which can then be assigned to a variables.</doc>
<status status="PASS" start="2026-02-19T12:29:16.617661" elapsed="0.000000"/>
</kw>
<kw name="Element Should Be Visible" owner="SeleniumLibrary">
<msg time="2026-02-19T12:29:16.638222" level="INFO">Element 'id:Email' is displayed.</msg>
<arg>${EMAIL_FIELD}</arg>
<doc>Verifies that the element identified by ``locator`` is visible.</doc>
<status status="PASS" start="2026-02-19T12:29:16.617661" elapsed="0.020561"/>
</kw>
<kw name="Input Text Safe" owner="common">
<kw name="Wait Until Element Is Visible" owner="SeleniumLibrary">
<arg>${locator}</arg>
<arg>5s</arg>
<doc>Waits until the element ``locator`` is visible.</doc>
<status status="PASS" start="2026-02-19T12:29:16.639225" elapsed="0.016034"/>
</kw>
<kw name="Input Text" owner="SeleniumLibrary">
<msg time="2026-02-19T12:29:16.656283" level="INFO">Typing text 'user10501@mail.com' into text field 'id:Email'.</msg>
<arg>${locator}</arg>
<arg>${text}</arg>
<doc>Types the given ``text`` into the text field identified by ``locator``.</doc>
<status status="PASS" start="2026-02-19T12:29:16.655259" elapsed="0.117221"/>
</kw>
<arg>${EMAIL_FIELD}</arg>
<arg>${generated_email}</arg>
<status status="PASS" start="2026-02-19T12:29:16.638222" elapsed="0.134258"/>
</kw>
<kw name="Element Should Be Visible" owner="SeleniumLibrary">
<msg time="2026-02-19T12:29:16.794292" level="INFO">Element 'id:Password' is displayed.</msg>
<arg>${PASSWORD_FIELD}</arg>
<doc>Verifies that the element identified by ``locator`` is visible.</doc>
<status status="PASS" start="2026-02-19T12:29:16.773492" elapsed="0.020800"/>
</kw>
<kw name="Input Text Safe" owner="common">
<kw name="Wait Until Element Is Visible" owner="SeleniumLibrary">
<arg>${locator}</arg>
<arg>5s</arg>
<doc>Waits until the element ``locator`` is visible.</doc>
<status status="PASS" start="2026-02-19T12:29:16.796300" elapsed="0.014918"/>
</kw>
<kw name="Input Text" owner="SeleniumLibrary">
<msg time="2026-02-19T12:29:16.812314" level="INFO">Typing text 'Test@123' into text field 'id:Password'.</msg>
<arg>${locator}</arg>
<arg>${text}</arg>
<doc>Types the given ``text`` into the text field identified by ``locator``.</doc>
<status status="PASS" start="2026-02-19T12:29:16.811218" elapsed="0.084020"/>
</kw>
<arg>${PASSWORD_FIELD}</arg>
<arg>${password}</arg>
<status status="PASS" start="2026-02-19T12:29:16.795308" elapsed="0.099930"/>
</kw>
<kw name="Element Should Be Visible" owner="SeleniumLibrary">
<msg time="2026-02-19T12:29:17.046196" level="INFO" html="true">&lt;/td&gt;&lt;/tr&gt;&lt;tr&gt;&lt;td colspan="3"&gt;&lt;a href="selenium-screenshot-7.png"&gt;&lt;img src="selenium-screenshot-7.png" width="800px"&gt;&lt;/a&gt;</msg>
<msg time="2026-02-19T12:29:17.047221" level="FAIL">Element with locator 'Test@123' not found.</msg>
<arg>${CONFIRM_PASSWORD}</arg>
<doc>Verifies that the element identified by ``locator`` is visible.</doc>
<status status="FAIL" start="2026-02-19T12:29:16.896237" elapsed="0.248958">Element with locator 'Test@123' not found.</status>
</kw>
<kw name="Input Text Safe" owner="common">
<arg>${CONFIRM_PASSWORD}</arg>
<arg>${confirm_password}</arg>
<status status="NOT RUN" start="2026-02-19T12:29:17.145195" elapsed="0.001013"/>
</kw>
<kw name="Click Element Safe" owner="common">
<arg>${REGISTER_BUTTON}</arg>
<status status="NOT RUN" start="2026-02-19T12:29:17.146208" elapsed="0.000000"/>
</kw>
<kw name="Page Should Contain" owner="SeleniumLibrary">
<arg>Your registration completed</arg>
<doc>Verifies that current page contains ``text``.</doc>
<status status="NOT RUN" start="2026-02-19T12:29:17.146208" elapsed="0.000000"/>
</kw>
<kw name="Click Element Safe" owner="common">
<arg>${LOGOUT_LINK}</arg>
<status status="NOT RUN" start="2026-02-19T12:29:17.146208" elapsed="0.000000"/>
</kw>
<kw name="Click Element Safe" owner="common">
<arg>${LOGIN_LINK}</arg>
<status status="NOT RUN" start="2026-02-19T12:29:17.147193" elapsed="0.000000"/>
</kw>
<kw name="Input Text Safe" owner="common">
<arg>${EMAIL_FIELD}</arg>
<arg>${generated_email}</arg>
<status status="NOT RUN" start="2026-02-19T12:29:17.147193" elapsed="0.000000"/>
</kw>
<kw name="Input Text Safe" owner="common">
<arg>${PASSWORD_FIELD}</arg>
<arg>${password}</arg>
<status status="NOT RUN" start="2026-02-19T12:29:17.147193" elapsed="0.000000"/>
</kw>
<kw name="Click Element Safe" owner="common">
<arg>${LOGIN_BUTTON}</arg>
<status status="NOT RUN" start="2026-02-19T12:29:17.147193" elapsed="0.000000"/>
</kw>
<kw name="Element Should Be Visible" owner="SeleniumLibrary">
<arg>${LOGOUT_LINK}</arg>
<doc>Verifies that the element identified by ``locator`` is visible.</doc>
<status status="NOT RUN" start="2026-02-19T12:29:17.148207" elapsed="0.000000"/>
</kw>
<kw name="Element Should Be Visible" owner="SeleniumLibrary">
<arg>${SEARCH_BOX}</arg>
<doc>Verifies that the element identified by ``locator`` is visible.</doc>
<status status="NOT RUN" start="2026-02-19T12:29:17.148207" elapsed="0.000000"/>
</kw>
<kw name="Input Text Safe" owner="common">
<arg>${SEARCH_BOX}</arg>
<arg>${search_item}</arg>
<status status="NOT RUN" start="2026-02-19T12:29:17.148207" elapsed="0.000000"/>
</kw>
<kw name="Click Element Safe" owner="common">
<arg>${SEARCH_BUTTON}</arg>
<status status="NOT RUN" start="2026-02-19T12:29:17.148207" elapsed="0.001519"/>
</kw>
<kw name="Page Should Contain" owner="SeleniumLibrary">
<arg>${search_item}</arg>
<doc>Verifies that current page contains ``text``.</doc>
<status status="NOT RUN" start="2026-02-19T12:29:17.149726" elapsed="0.000000"/>
</kw>
<kw name="Click Element Safe" owner="common">
<arg>${FIRST_PRODUCT}</arg>
<status status="NOT RUN" start="2026-02-19T12:29:17.149726" elapsed="0.000000"/>
</kw>
<kw name="Element Should Be Visible" owner="SeleniumLibrary">
<arg>${ADD_TO_CART_BTN}</arg>
<doc>Verifies that the element identified by ``locator`` is visible.</doc>
<status status="NOT RUN" start="2026-02-19T12:29:17.149726" elapsed="0.000000"/>
</kw>
<kw name="Click Element Safe" owner="common">
<arg>${ADD_TO_CART_BTN}</arg>
<status status="NOT RUN" start="2026-02-19T12:29:17.149726" elapsed="0.001018"/>
</kw>
<kw name="Wait Until Element Is Visible" owner="SeleniumLibrary">
<arg>${NOTIFICATION_BAR}</arg>
<doc>Waits until the element ``locator`` is visible.</doc>
<status status="NOT RUN" start="2026-02-19T12:29:17.150744" elapsed="0.000000"/>
</kw>
<kw name="Element Should Contain" owner="SeleniumLibrary">
<arg>${NOTIFICATION_BAR}</arg>
<arg>The product has been added</arg>
<doc>Verifies that element ``locator`` contains text ``expected``.</doc>
<status status="NOT RUN" start="2026-02-19T12:29:17.150744" elapsed="0.000000"/>
</kw>
<kw name="Click Element Safe" owner="common">
<arg>${SHOPPING_CART}</arg>
<status status="NOT RUN" start="2026-02-19T12:29:17.150744" elapsed="0.001013"/>
</kw>
<kw name="Page Should Contain" owner="SeleniumLibrary">
<arg>${search_item}</arg>
<doc>Verifies that current page contains ``text``.</doc>
<status status="NOT RUN" start="2026-02-19T12:29:17.151757" elapsed="0.000000"/>
</kw>
<kw name="Element Should Be Visible" owner="SeleniumLibrary">
<arg>${QTY_INPUT}</arg>
<doc>Verifies that the element identified by ``locator`` is visible.</doc>
<status status="NOT RUN" start="2026-02-19T12:29:17.151757" elapsed="0.000000"/>
</kw>
<kw name="Clear Element Text" owner="SeleniumLibrary">
<arg>${QTY_INPUT}</arg>
<doc>Clears the value of the text-input-element identified by ``locator``.</doc>
<status status="NOT RUN" start="2026-02-19T12:29:17.151757" elapsed="0.000000"/>
</kw>
<kw name="Input Text Safe" owner="common">
<arg>${QTY_INPUT}</arg>
<arg>2</arg>
<status status="NOT RUN" start="2026-02-19T12:29:17.151757" elapsed="0.000000"/>
</kw>
<kw name="Click Element Safe" owner="common">
<arg>${UPDATE_CART_BTN}</arg>
<status status="NOT RUN" start="2026-02-19T12:29:17.152758" elapsed="0.000000"/>
</kw>
<kw name="Page Should Contain" owner="SeleniumLibrary">
<arg>${search_item}</arg>
<doc>Verifies that current page contains ``text``.</doc>
<status status="NOT RUN" start="2026-02-19T12:29:17.152758" elapsed="0.000000"/>
</kw>
<kw name="Select Checkbox" owner="SeleniumLibrary">
<arg>${REMOVE_CHECKBOX}</arg>
<doc>Selects the checkbox identified by ``locator``.</doc>
<status status="NOT RUN" start="2026-02-19T12:29:17.152758" elapsed="0.000513"/>
</kw>
<kw name="Click Element Safe" owner="common">
<arg>${UPDATE_CART_BTN}</arg>
<status status="NOT RUN" start="2026-02-19T12:29:17.153271" elapsed="0.000000"/>
</kw>
<kw name="Page Should Contain" owner="SeleniumLibrary">
<arg>Your Shopping Cart is empty!</arg>
<doc>Verifies that current page contains ``text``.</doc>
<status status="NOT RUN" start="2026-02-19T12:29:17.153271" elapsed="0.000000"/>
</kw>
<kw name="Element Should Be Visible" owner="SeleniumLibrary">
<arg>${LOGOUT_LINK}</arg>
<doc>Verifies that the element identified by ``locator`` is visible.</doc>
<status status="NOT RUN" start="2026-02-19T12:29:17.153271" elapsed="0.000000"/>
</kw>
<kw name="Click Element Safe" owner="common">
<arg>${LOGOUT_LINK}</arg>
<status status="NOT RUN" start="2026-02-19T12:29:17.153271" elapsed="0.000000"/>
</kw>
<kw name="Element Should Be Visible" owner="SeleniumLibrary">
<arg>${REGISTER_LINK}</arg>
<doc>Verifies that the element identified by ``locator`` is visible.</doc>
<status status="NOT RUN" start="2026-02-19T12:29:17.154288" elapsed="0.000000"/>
</kw>
<arg>firstname=Pavani</arg>
<arg>lastname=Kalla</arg>
<arg>email=user1</arg>
<arg>password=Test@123</arg>
<arg>confirm_password=Test@123</arg>
<arg>search_item=14.1-inch Laptop</arg>
<status status="FAIL" start="2026-02-19T12:29:15.338437" elapsed="1.815851">Element with locator 'Test@123' not found.</status>
</kw>
<status status="FAIL" start="2026-02-19T12:29:15.331907" elapsed="1.822381">Element with locator 'Test@123' not found.</status>
</test>
<test id="s1-s1-s1-s1-s1-t2" name="E2E Flow for user Anu" line="10">
<kw name="Complete User Flow">
<kw name="Log" owner="BuiltIn">
<msg time="2026-02-19T12:29:17.165904" level="INFO">Anu</msg>
<arg>${firstname}</arg>
<doc>Logs the given message with the given level.</doc>
<status status="PASS" start="2026-02-19T12:29:17.164383" elapsed="0.001521"/>
</kw>
<kw name="Element Should Be Visible" owner="SeleniumLibrary">
<msg time="2026-02-19T12:29:17.187546" level="INFO">Element 'xpath://a[text()='Register']' is displayed.</msg>
<arg>${REGISTER_LINK}</arg>
<doc>Verifies that the element identified by ``locator`` is visible.</doc>
<status status="PASS" start="2026-02-19T12:29:17.166923" elapsed="0.020623"/>
</kw>
<kw name="Click Element Safe" owner="common">
<kw name="Wait Until Element Is Visible" owner="SeleniumLibrary">
<arg>${locator}</arg>
<arg>5s</arg>
<doc>Waits until the element ``locator`` is visible.</doc>
<status status="PASS" start="2026-02-19T12:29:17.188546" elapsed="0.021666"/>
</kw>
<kw name="Click Element" owner="SeleniumLibrary">
<msg time="2026-02-19T12:29:17.211200" level="INFO">Clicking element 'xpath://a[text()='Register']'.</msg>
<arg>${locator}</arg>
<doc>Click the element identified by ``locator``.</doc>
<status status="PASS" start="2026-02-19T12:29:17.210212" elapsed="0.632394"/>
</kw>
<arg>${REGISTER_LINK}</arg>
<status status="PASS" start="2026-02-19T12:29:17.188546" elapsed="0.654060"/>
</kw>
<kw name="Page Should Contain" owner="SeleniumLibrary">
<msg time="2026-02-19T12:29:17.855255" level="INFO">Current page contains text 'Register'.</msg>
<arg>Register</arg>
<doc>Verifies that current page contains ``text``.</doc>
<status status="PASS" start="2026-02-19T12:29:17.843604" elapsed="0.013517"/>
</kw>
<kw name="Click Element" owner="SeleniumLibrary">
<msg time="2026-02-19T12:29:17.858137" level="INFO">Clicking element 'id:gender-male'.</msg>
<arg>id:gender-male</arg>
<doc>Click the element identified by ``locator``.</doc>
<status status="PASS" start="2026-02-19T12:29:17.857121" elapsed="0.061574"/>
</kw>
<kw name="Element Should Be Visible" owner="SeleniumLibrary">
<msg time="2026-02-19T12:29:17.933342" level="INFO">Element 'id:FirstName' is displayed.</msg>
<arg>${FIRSTNAME_FIELD}</arg>
<doc>Verifies that the element identified by ``locator`` is visible.</doc>
<status status="PASS" start="2026-02-19T12:29:17.918695" elapsed="0.015646"/>
</kw>
<kw name="Input Text Safe" owner="common">
<kw name="Wait Until Element Is Visible" owner="SeleniumLibrary">
<arg>${locator}</arg>
<arg>5s</arg>
<doc>Waits until the element ``locator`` is visible.</doc>
<status status="PASS" start="2026-02-19T12:29:17.935347" elapsed="0.016418"/>
</kw>
<kw name="Input Text" owner="SeleniumLibrary">
<msg time="2026-02-19T12:29:17.952774" level="INFO">Typing text 'Anu' into text field 'id:FirstName'.</msg>
<arg>${locator}</arg>
<arg>${text}</arg>
<doc>Types the given ``text`` into the text field identified by ``locator``.</doc>
<status status="PASS" start="2026-02-19T12:29:17.951765" elapsed="0.081450"/>
</kw>
<arg>${FIRSTNAME_FIELD}</arg>
<arg>${firstname}</arg>
<status status="PASS" start="2026-02-19T12:29:17.934341" elapsed="0.098874"/>
</kw>
<kw name="Element Should Be Visible" owner="SeleniumLibrary">
<msg time="2026-02-19T12:29:18.048946" level="INFO">Element 'id:LastName' is displayed.</msg>
<arg>${LASTNAME_FIELD}</arg>
<doc>Verifies that the element identified by ``locator`` is visible.</doc>
<status status="PASS" start="2026-02-19T12:29:18.033215" elapsed="0.016252"/>
</kw>
<kw name="Input Text Safe" owner="common">
<kw name="Wait Until Element Is Visible" owner="SeleniumLibrary">
<arg>${locator}</arg>
<arg>5s</arg>
<doc>Waits until the element ``locator`` is visible.</doc>
<status status="PASS" start="2026-02-19T12:29:18.049467" elapsed="0.016129"/>
</kw>
<kw name="Input Text" owner="SeleniumLibrary">
<msg time="2026-02-19T12:29:18.065596" level="INFO">Typing text 'Reddy' into text field 'id:LastName'.</msg>
<arg>${locator}</arg>
<arg>${text}</arg>
<doc>Types the given ``text`` into the text field identified by ``locator``.</doc>
<status status="PASS" start="2026-02-19T12:29:18.065596" elapsed="0.113184"/>
</kw>
<arg>${LASTNAME_FIELD}</arg>
<arg>${lastname}</arg>
<status status="PASS" start="2026-02-19T12:29:18.049467" elapsed="0.129313"/>
</kw>
<kw name="Generate Random String" owner="String">
<msg time="2026-02-19T12:29:18.179765" level="INFO">${random} = 2384</msg>
<var>${random}</var>
<arg>4</arg>
<arg>[NUMBERS]</arg>
<doc>Generates a string with a desired ``length`` from the given ``chars``.</doc>
<status status="PASS" start="2026-02-19T12:29:18.179765" elapsed="0.000999"/>
</kw>
<kw name="Set Variable" owner="BuiltIn">
<msg time="2026-02-19T12:29:18.181758" level="INFO">${generated_email} = user22384@mail.com</msg>
<var>${generated_email}</var>
<arg>${email}${random}@mail.com</arg>
<doc>Returns the given values which can then be assigned to a variables.</doc>
<status status="PASS" start="2026-02-19T12:29:18.180764" elapsed="0.001998"/>
</kw>
<kw name="Element Should Be Visible" owner="SeleniumLibrary">
<msg time="2026-02-19T12:29:18.198316" level="INFO">Element 'id:Email' is displayed.</msg>
<arg>${EMAIL_FIELD}</arg>
<doc>Verifies that the element identified by ``locator`` is visible.</doc>
<status status="PASS" start="2026-02-19T12:29:18.182762" elapsed="0.015554"/>
</kw>
<kw name="Input Text Safe" owner="common">
<kw name="Wait Until Element Is Visible" owner="SeleniumLibrary">
<arg>${locator}</arg>
<arg>5s</arg>
<doc>Waits until the element ``locator`` is visible.</doc>
<status status="PASS" start="2026-02-19T12:29:18.200046" elapsed="0.015040"/>
</kw>
<kw name="Input Text" owner="SeleniumLibrary">
<msg time="2026-02-19T12:29:18.215086" level="INFO">Typing text 'user22384@mail.com' into text field 'id:Email'.</msg>
<arg>${locator}</arg>
<arg>${text}</arg>
<doc>Types the given ``text`` into the text field identified by ``locator``.</doc>
<status status="PASS" start="2026-02-19T12:29:18.215086" elapsed="0.097947"/>
</kw>
<arg>${EMAIL_FIELD}</arg>
<arg>${generated_email}</arg>
<status status="PASS" start="2026-02-19T12:29:18.198316" elapsed="0.114717"/>
</kw>
<kw name="Element Should Be Visible" owner="SeleniumLibrary">
<msg time="2026-02-19T12:29:18.328091" level="INFO">Element 'id:Password' is displayed.</msg>
<arg>${PASSWORD_FIELD}</arg>
<doc>Verifies that the element identified by ``locator`` is visible.</doc>
<status status="PASS" start="2026-02-19T12:29:18.314028" elapsed="0.015065"/>
</kw>
<kw name="Input Text Safe" owner="common">
<kw name="Wait Until Element Is Visible" owner="SeleniumLibrary">
<arg>${locator}</arg>
<arg>5s</arg>
<doc>Waits until the element ``locator`` is visible.</doc>
<status status="PASS" start="2026-02-19T12:29:18.329093" elapsed="0.015010"/>
</kw>
<kw name="Input Text" owner="SeleniumLibrary">
<msg time="2026-02-19T12:29:18.344103" level="INFO">Typing text 'Test@456' into text field 'id:Password'.</msg>
<arg>${locator}</arg>
<arg>${text}</arg>
<doc>Types the given ``text`` into the text field identified by ``locator``.</doc>
<status status="PASS" start="2026-02-19T12:29:18.344103" elapsed="0.094659"/>
</kw>
<arg>${PASSWORD_FIELD}</arg>
<arg>${password}</arg>
<status status="PASS" start="2026-02-19T12:29:18.329093" elapsed="0.111179"/>
</kw>
<kw name="Element Should Be Visible" owner="SeleniumLibrary">
<msg time="2026-02-19T12:29:18.563827" level="INFO" html="true">&lt;/td&gt;&lt;/tr&gt;&lt;tr&gt;&lt;td colspan="3"&gt;&lt;a href="selenium-screenshot-8.png"&gt;&lt;img src="selenium-screenshot-8.png" width="800px"&gt;&lt;/a&gt;</msg>
<msg time="2026-02-19T12:29:18.564827" level="FAIL">Element with locator 'Test@456' not found.</msg>
<arg>${CONFIRM_PASSWORD}</arg>
<doc>Verifies that the element identified by ``locator`` is visible.</doc>
<status status="FAIL" start="2026-02-19T12:29:18.440272" elapsed="0.128562">Element with locator 'Test@456' not found.</status>
</kw>
<kw name="Input Text Safe" owner="common">
<arg>${CONFIRM_PASSWORD}</arg>
<arg>${confirm_password}</arg>
<status status="NOT RUN" start="2026-02-19T12:29:18.569839" elapsed="0.000574"/>
</kw>
<kw name="Click Element Safe" owner="common">
<arg>${REGISTER_BUTTON}</arg>
<status status="NOT RUN" start="2026-02-19T12:29:18.570413" elapsed="0.000000"/>
</kw>
<kw name="Page Should Contain" owner="SeleniumLibrary">
<arg>Your registration completed</arg>
<doc>Verifies that current page contains ``text``.</doc>
<status status="NOT RUN" start="2026-02-19T12:29:18.570413" elapsed="0.000000"/>
</kw>
<kw name="Click Element Safe" owner="common">
<arg>${LOGOUT_LINK}</arg>
<status status="NOT RUN" start="2026-02-19T12:29:18.570413" elapsed="0.000000"/>
</kw>
<kw name="Click Element Safe" owner="common">
<arg>${LOGIN_LINK}</arg>
<status status="NOT RUN" start="2026-02-19T12:29:18.570413" elapsed="0.001009"/>
</kw>
<kw name="Input Text Safe" owner="common">
<arg>${EMAIL_FIELD}</arg>
<arg>${generated_email}</arg>
<status status="NOT RUN" start="2026-02-19T12:29:18.571422" elapsed="0.000000"/>
</kw>
<kw name="Input Text Safe" owner="common">
<arg>${PASSWORD_FIELD}</arg>
<arg>${password}</arg>
<status status="NOT RUN" start="2026-02-19T12:29:18.571422" elapsed="0.000000"/>
</kw>
<kw name="Click Element Safe" owner="common">
<arg>${LOGIN_BUTTON}</arg>
<status status="NOT RUN" start="2026-02-19T12:29:18.571422" elapsed="0.000000"/>
</kw>
<kw name="Element Should Be Visible" owner="SeleniumLibrary">
<arg>${LOGOUT_LINK}</arg>
<doc>Verifies that the element identified by ``locator`` is visible.</doc>
<status status="NOT RUN" start="2026-02-19T12:29:18.571422" elapsed="0.000000"/>
</kw>
<kw name="Element Should Be Visible" owner="SeleniumLibrary">
<arg>${SEARCH_BOX}</arg>
<doc>Verifies that the element identified by ``locator`` is visible.</doc>
<status status="NOT RUN" start="2026-02-19T12:29:18.571422" elapsed="0.001009"/>
</kw>
<kw name="Input Text Safe" owner="common">
<arg>${SEARCH_BOX}</arg>
<arg>${search_item}</arg>
<status status="NOT RUN" start="2026-02-19T12:29:18.572431" elapsed="0.000000"/>
</kw>
<kw name="Click Element Safe" owner="common">
<arg>${SEARCH_BUTTON}</arg>
<status status="NOT RUN" start="2026-02-19T12:29:18.572431" elapsed="0.000000"/>
</kw>
<kw name="Page Should Contain" owner="SeleniumLibrary">
<arg>${search_item}</arg>
<doc>Verifies that current page contains ``text``.</doc>
<status status="NOT RUN" start="2026-02-19T12:29:18.572431" elapsed="0.000000"/>
</kw>
<kw name="Click Element Safe" owner="common">
<arg>${FIRST_PRODUCT}</arg>
<status status="NOT RUN" start="2026-02-19T12:29:18.572431" elapsed="0.000000"/>
</kw>
<kw name="Element Should Be Visible" owner="SeleniumLibrary">
<arg>${ADD_TO_CART_BTN}</arg>
<doc>Verifies that the element identified by ``locator`` is visible.</doc>
<status status="NOT RUN" start="2026-02-19T12:29:18.572431" elapsed="0.001000"/>
</kw>
<kw name="Click Element Safe" owner="common">
<arg>${ADD_TO_CART_BTN}</arg>
<status status="NOT RUN" start="2026-02-19T12:29:18.573431" elapsed="0.000000"/>
</kw>
<kw name="Wait Until Element Is Visible" owner="SeleniumLibrary">
<arg>${NOTIFICATION_BAR}</arg>
<doc>Waits until the element ``locator`` is visible.</doc>
<status status="NOT RUN" start="2026-02-19T12:29:18.573431" elapsed="0.000000"/>
</kw>
<kw name="Element Should Contain" owner="SeleniumLibrary">
<arg>${NOTIFICATION_BAR}</arg>
<arg>The product has been added</arg>
<doc>Verifies that element ``locator`` contains text ``expected``.</doc>
<status status="NOT RUN" start="2026-02-19T12:29:18.573431" elapsed="0.000000"/>
</kw>
<kw name="Click Element Safe" owner="common">
<arg>${SHOPPING_CART}</arg>
<status status="NOT RUN" start="2026-02-19T12:29:18.573431" elapsed="0.000000"/>
</kw>
<kw name="Page Should Contain" owner="SeleniumLibrary">
<arg>${search_item}</arg>
<doc>Verifies that current page contains ``text``.</doc>
<status status="NOT RUN" start="2026-02-19T12:29:18.573431" elapsed="0.000000"/>
</kw>
<kw name="Element Should Be Visible" owner="SeleniumLibrary">
<arg>${QTY_INPUT}</arg>
<doc>Verifies that the element identified by ``locator`` is visible.</doc>
<status status="NOT RUN" start="2026-02-19T12:29:18.574863" elapsed="0.000000"/>
</kw>
<kw name="Clear Element Text" owner="SeleniumLibrary">
<arg>${QTY_INPUT}</arg>
<doc>Clears the value of the text-input-element identified by ``locator``.</doc>
<status status="NOT RUN" start="2026-02-19T12:29:18.574863" elapsed="0.000000"/>
</kw>
<kw name="Input Text Safe" owner="common">
<arg>${QTY_INPUT}</arg>
<arg>2</arg>
<status status="NOT RUN" start="2026-02-19T12:29:18.574863" elapsed="0.000000"/>
</kw>
<kw name="Click Element Safe" owner="common">
<arg>${UPDATE_CART_BTN}</arg>
<status status="NOT RUN" start="2026-02-19T12:29:18.574863" elapsed="0.000000"/>
</kw>
<kw name="Page Should Contain" owner="SeleniumLibrary">
<arg>${search_item}</arg>
<doc>Verifies that current page contains ``text``.</doc>
<status status="NOT RUN" start="2026-02-19T12:29:18.574863" elapsed="0.000000"/>
</kw>
<kw name="Select Checkbox" owner="SeleniumLibrary">
<arg>${REMOVE_CHECKBOX}</arg>
<doc>Selects the checkbox identified by ``locator``.</doc>
<status status="NOT RUN" start="2026-02-19T12:29:18.574863" elapsed="0.000000"/>
</kw>
<kw name="Click Element Safe" owner="common">
<arg>${UPDATE_CART_BTN}</arg>
<status status="NOT RUN" start="2026-02-19T12:29:18.574863" elapsed="0.000000"/>
</kw>
<kw name="Page Should Contain" owner="SeleniumLibrary">
<arg>Your Shopping Cart is empty!</arg>
<doc>Verifies that current page contains ``text``.</doc>
<status status="NOT RUN" start="2026-02-19T12:29:18.574863" elapsed="0.001511"/>
</kw>
<kw name="Element Should Be Visible" owner="SeleniumLibrary">
<arg>${LOGOUT_LINK}</arg>
<doc>Verifies that the element identified by ``locator`` is visible.</doc>
<status status="NOT RUN" start="2026-02-19T12:29:18.576374" elapsed="0.000000"/>
</kw>
<kw name="Click Element Safe" owner="common">
<arg>${LOGOUT_LINK}</arg>
<status status="NOT RUN" start="2026-02-19T12:29:18.576374" elapsed="0.000000"/>
</kw>
<kw name="Element Should Be Visible" owner="SeleniumLibrary">
<arg>${REGISTER_LINK}</arg>
<doc>Verifies that the element identified by ``locator`` is visible.</doc>
<status status="NOT RUN" start="2026-02-19T12:29:18.576374" elapsed="0.000000"/>
</kw>
<arg>firstname=Anu</arg>
<arg>lastname=Reddy</arg>
<arg>email=user2</arg>
<arg>password=Test@456</arg>
<arg>confirm_password=Test@456</arg>
<arg>search_item=Blue Jeans</arg>
<status status="FAIL" start="2026-02-19T12:29:17.164383" elapsed="1.411991">Element with locator 'Test@456' not found.</status>
</kw>
<status status="FAIL" start="2026-02-19T12:29:17.160835" elapsed="1.416550">Element with locator 'Test@456' not found.</status>
</test>
<test id="s1-s1-s1-s1-s1-t3" name="E2E Flow for user Ravi" line="10">
<kw name="Complete User Flow">
<kw name="Log" owner="BuiltIn">
<msg time="2026-02-19T12:29:18.584124" level="INFO">Ravi</msg>
<arg>${firstname}</arg>
<doc>Logs the given message with the given level.</doc>
<status status="PASS" start="2026-02-19T12:29:18.584124" elapsed="0.000990"/>
</kw>
<kw name="Element Should Be Visible" owner="SeleniumLibrary">
<msg time="2026-02-19T12:29:18.601048" level="INFO">Element 'xpath://a[text()='Register']' is displayed.</msg>
<arg>${REGISTER_LINK}</arg>
<doc>Verifies that the element identified by ``locator`` is visible.</doc>
<status status="PASS" start="2026-02-19T12:29:18.585114" elapsed="0.016944"/>
</kw>
<kw name="Click Element Safe" owner="common">
<kw name="Wait Until Element Is Visible" owner="SeleniumLibrary">
<arg>${locator}</arg>
<arg>5s</arg>
<doc>Waits until the element ``locator`` is visible.</doc>
<status status="PASS" start="2026-02-19T12:29:18.602058" elapsed="0.016304"/>
</kw>
<kw name="Click Element" owner="SeleniumLibrary">
<msg time="2026-02-19T12:29:18.619342" level="INFO">Clicking element 'xpath://a[text()='Register']'.</msg>
<arg>${locator}</arg>
<doc>Click the element identified by ``locator``.</doc>
<status status="PASS" start="2026-02-19T12:29:18.619342" elapsed="0.584298"/>
</kw>
<arg>${REGISTER_LINK}</arg>
<status status="PASS" start="2026-02-19T12:29:18.602058" elapsed="0.601582"/>
</kw>
<kw name="Page Should Contain" owner="SeleniumLibrary">
<msg time="2026-02-19T12:29:19.220765" level="INFO">Current page contains text 'Register'.</msg>
<arg>Register</arg>
<doc>Verifies that current page contains ``text``.</doc>
<status status="PASS" start="2026-02-19T12:29:19.203640" elapsed="0.017125"/>
</kw>
<kw name="Click Element" owner="SeleniumLibrary">
<msg time="2026-02-19T12:29:19.222277" level="INFO">Clicking element 'id:gender-male'.</msg>
<arg>id:gender-male</arg>
<doc>Click the element identified by ``locator``.</doc>
<status status="PASS" start="2026-02-19T12:29:19.220765" elapsed="0.073400"/>
</kw>
<kw name="Element Should Be Visible" owner="SeleniumLibrary">
<msg time="2026-02-19T12:29:19.310046" level="INFO">Element 'id:FirstName' is displayed.</msg>
<arg>${FIRSTNAME_FIELD}</arg>
<doc>Verifies that the element identified by ``locator`` is visible.</doc>
<status status="PASS" start="2026-02-19T12:29:19.295160" elapsed="0.014886"/>
</kw>
<kw name="Input Text Safe" owner="common">
<kw name="Wait Until Element Is Visible" owner="SeleniumLibrary">
<arg>${locator}</arg>
<arg>5s</arg>
<doc>Waits until the element ``locator`` is visible.</doc>
<status status="PASS" start="2026-02-19T12:29:19.311287" elapsed="0.012761"/>
</kw>
<kw name="Input Text" owner="SeleniumLibrary">
<msg time="2026-02-19T12:29:19.325556" level="INFO">Typing text 'Ravi' into text field 'id:FirstName'.</msg>
<arg>${locator}</arg>
<arg>${text}</arg>
<doc>Types the given ``text`` into the text field identified by ``locator``.</doc>
<status status="PASS" start="2026-02-19T12:29:19.325556" elapsed="0.077847"/>
</kw>
<arg>${FIRSTNAME_FIELD}</arg>
<arg>${firstname}</arg>
<status status="PASS" start="2026-02-19T12:29:19.310046" elapsed="0.093357"/>
</kw>
<kw name="Element Should Be Visible" owner="SeleniumLibrary">
<msg time="2026-02-19T12:29:19.419437" level="INFO">Element 'id:LastName' is displayed.</msg>
<arg>${LASTNAME_FIELD}</arg>
<doc>Verifies that the element identified by ``locator`` is visible.</doc>
<status status="PASS" start="2026-02-19T12:29:19.404411" elapsed="0.015026"/>
</kw>
<kw name="Input Text Safe" owner="common">
<kw name="Wait Until Element Is Visible" owner="SeleniumLibrary">
<arg>${locator}</arg>
<arg>5s</arg>
<doc>Waits until the element ``locator`` is visible.</doc>
<status status="PASS" start="2026-02-19T12:29:19.420440" elapsed="0.013850"/>
</kw>
<kw name="Input Text" owner="SeleniumLibrary">
<msg time="2026-02-19T12:29:19.435791" level="INFO">Typing text 'Kumar' into text field 'id:LastName'.</msg>
<arg>${locator}</arg>
<arg>${text}</arg>
<doc>Types the given ``text`` into the text field identified by ``locator``.</doc>
<status status="PASS" start="2026-02-19T12:29:19.435286" elapsed="0.114806"/>
</kw>
<arg>${LASTNAME_FIELD}</arg>
<arg>${lastname}</arg>
<status status="PASS" start="2026-02-19T12:29:19.419437" elapsed="0.130655"/>
</kw>
<kw name="Generate Random String" owner="String">
<msg time="2026-02-19T12:29:19.551094" level="INFO">${random} = 8970</msg>
<var>${random}</var>
<arg>4</arg>
<arg>[NUMBERS]</arg>
<doc>Generates a string with a desired ``length`` from the given ``chars``.</doc>
<status status="PASS" start="2026-02-19T12:29:19.550092" elapsed="0.001002"/>
</kw>
<kw name="Set Variable" owner="BuiltIn">
<msg time="2026-02-19T12:29:19.551094" level="INFO">${generated_email} = user38970@mail.com</msg>
<var>${generated_email}</var>
<arg>${email}${random}@mail.com</arg>
<doc>Returns the given values which can then be assigned to a variables.</doc>
<status status="PASS" start="2026-02-19T12:29:19.551094" elapsed="0.000000"/>
</kw>
<kw name="Element Should Be Visible" owner="SeleniumLibrary">
<msg time="2026-02-19T12:29:19.564958" level="INFO">Element 'id:Email' is displayed.</msg>
<arg>${EMAIL_FIELD}</arg>
<doc>Verifies that the element identified by ``locator`` is visible.</doc>
<status status="PASS" start="2026-02-19T12:29:19.551094" elapsed="0.013864"/>
</kw>
<kw name="Input Text Safe" owner="common">
<kw name="Wait Until Element Is Visible" owner="SeleniumLibrary">
<arg>${locator}</arg>
<arg>5s</arg>
<doc>Waits until the element ``locator`` is visible.</doc>
<status status="PASS" start="2026-02-19T12:29:19.564958" elapsed="0.012585"/>
</kw>
<kw name="Input Text" owner="SeleniumLibrary">
<msg time="2026-02-19T12:29:19.578538" level="INFO">Typing text 'user38970@mail.com' into text field 'id:Email'.</msg>
<arg>${locator}</arg>
<arg>${text}</arg>
<doc>Types the given ``text`` into the text field identified by ``locator``.</doc>
<status status="PASS" start="2026-02-19T12:29:19.578538" elapsed="0.130713"/>
</kw>
<arg>${EMAIL_FIELD}</arg>
<arg>${generated_email}</arg>
<status status="PASS" start="2026-02-19T12:29:19.564958" elapsed="0.145325"/>
</kw>
<kw name="Element Should Be Visible" owner="SeleniumLibrary">
<msg time="2026-02-19T12:29:19.771187" level="INFO">Element 'id:Password' is displayed.</msg>
<arg>${PASSWORD_FIELD}</arg>
<doc>Verifies that the element identified by ``locator`` is visible.</doc>
<status status="PASS" start="2026-02-19T12:29:19.711277" elapsed="0.060898"/>
</kw>
<kw name="Input Text Safe" owner="common">
<kw name="Wait Until Element Is Visible" owner="SeleniumLibrary">
<arg>${locator}</arg>
<arg>5s</arg>
<doc>Waits until the element ``locator`` is visible.</doc>
<status status="PASS" start="2026-02-19T12:29:19.776251" elapsed="0.033429"/>
</kw>
<kw name="Input Text" owner="SeleniumLibrary">
<msg time="2026-02-19T12:29:19.810678" level="INFO">Typing text 'Test@789' into text field 'id:Password'.</msg>
<arg>${locator}</arg>
<arg>${text}</arg>
<doc>Types the given ``text`` into the text field identified by ``locator``.</doc>
<status status="PASS" start="2026-02-19T12:29:19.809680" elapsed="0.204706"/>
</kw>
<arg>${PASSWORD_FIELD}</arg>
<arg>${password}</arg>
<status status="PASS" start="2026-02-19T12:29:19.773696" elapsed="0.240690"/>
</kw>
<kw name="Element Should Be Visible" owner="SeleniumLibrary">
<msg time="2026-02-19T12:29:20.139570" level="INFO" html="true">&lt;/td&gt;&lt;/tr&gt;&lt;tr&gt;&lt;td colspan="3"&gt;&lt;a href="selenium-screenshot-9.png"&gt;&lt;img src="selenium-screenshot-9.png" width="800px"&gt;&lt;/a&gt;</msg>
<msg time="2026-02-19T12:29:20.139570" level="FAIL">Element with locator 'Test@789' not found.</msg>
<arg>${CONFIRM_PASSWORD}</arg>
<doc>Verifies that the element identified by ``locator`` is visible.</doc>
<status status="FAIL" start="2026-02-19T12:29:20.014386" elapsed="0.128051">Element with locator 'Test@789' not found.</status>
</kw>
<kw name="Input Text Safe" owner="common">
<arg>${CONFIRM_PASSWORD}</arg>
<arg>${confirm_password}</arg>
<status status="NOT RUN" start="2026-02-19T12:29:20.142437" elapsed="0.000000"/>
</kw>
<kw name="Click Element Safe" owner="common">
<arg>${REGISTER_BUTTON}</arg>
<status status="NOT RUN" start="2026-02-19T12:29:20.142437" elapsed="0.001011"/>
</kw>
<kw name="Page Should Contain" owner="SeleniumLibrary">
<arg>Your registration completed</arg>
<doc>Verifies that current page contains ``text``.</doc>
<status status="NOT RUN" start="2026-02-19T12:29:20.143448" elapsed="0.000000"/>
</kw>
<kw name="Click Element Safe" owner="common">
<arg>${LOGOUT_LINK}</arg>
<status status="NOT RUN" start="2026-02-19T12:29:20.143448" elapsed="0.000000"/>
</kw>
<kw name="Click Element Safe" owner="common">
<arg>${LOGIN_LINK}</arg>
<status status="NOT RUN" start="2026-02-19T12:29:20.143448" elapsed="0.000000"/>
</kw>
<kw name="Input Text Safe" owner="common">
<arg>${EMAIL_FIELD}</arg>
<arg>${generated_email}</arg>
<status status="NOT RUN" start="2026-02-19T12:29:20.143448" elapsed="0.000996"/>
</kw>
<kw name="Input Text Safe" owner="common">
<arg>${PASSWORD_FIELD}</arg>
<arg>${password}</arg>
<status status="NOT RUN" start="2026-02-19T12:29:20.144444" elapsed="0.000000"/>
</kw>
<kw name="Click Element Safe" owner="common">
<arg>${LOGIN_BUTTON}</arg>
<status status="NOT RUN" start="2026-02-19T12:29:20.145448" elapsed="0.000827"/>
</kw>
<kw name="Element Should Be Visible" owner="SeleniumLibrary">
<arg>${LOGOUT_LINK}</arg>
<doc>Verifies that the element identified by ``locator`` is visible.</doc>
<status status="NOT RUN" start="2026-02-19T12:29:20.146275" elapsed="0.000000"/>
</kw>
<kw name="Element Should Be Visible" owner="SeleniumLibrary">
<arg>${SEARCH_BOX}</arg>
<doc>Verifies that the element identified by ``locator`` is visible.</doc>
<status status="NOT RUN" start="2026-02-19T12:29:20.146275" elapsed="0.000000"/>
</kw>
<kw name="Input Text Safe" owner="common">
<arg>${SEARCH_BOX}</arg>
<arg>${search_item}</arg>
<status status="NOT RUN" start="2026-02-19T12:29:20.146275" elapsed="0.000000"/>
</kw>
<kw name="Click Element Safe" owner="common">
<arg>${SEARCH_BUTTON}</arg>
<status status="NOT RUN" start="2026-02-19T12:29:20.146275" elapsed="0.001009"/>
</kw>
<kw name="Page Should Contain" owner="SeleniumLibrary">
<arg>${search_item}</arg>
<doc>Verifies that current page contains ``text``.</doc>
<status status="NOT RUN" start="2026-02-19T12:29:20.147284" elapsed="0.000000"/>
</kw>
<kw name="Click Element Safe" owner="common">
<arg>${FIRST_PRODUCT}</arg>
<status status="NOT RUN" start="2026-02-19T12:29:20.147284" elapsed="0.000000"/>
</kw>
<kw name="Element Should Be Visible" owner="SeleniumLibrary">
<arg>${ADD_TO_CART_BTN}</arg>
<doc>Verifies that the element identified by ``locator`` is visible.</doc>
<status status="NOT RUN" start="2026-02-19T12:29:20.147284" elapsed="0.000000"/>
</kw>
<kw name="Click Element Safe" owner="common">
<arg>${ADD_TO_CART_BTN}</arg>
<status status="NOT RUN" start="2026-02-19T12:29:20.147284" elapsed="0.000000"/>
</kw>
<kw name="Wait Until Element Is Visible" owner="SeleniumLibrary">
<arg>${NOTIFICATION_BAR}</arg>
<doc>Waits until the element ``locator`` is visible.</doc>
<status status="NOT RUN" start="2026-02-19T12:29:20.147284" elapsed="0.000997"/>
</kw>
<kw name="Element Should Contain" owner="SeleniumLibrary">
<arg>${NOTIFICATION_BAR}</arg>
<arg>The product has been added</arg>
<doc>Verifies that element ``locator`` contains text ``expected``.</doc>
<status status="NOT RUN" start="2026-02-19T12:29:20.148281" elapsed="0.000000"/>
</kw>
<kw name="Click Element Safe" owner="common">
<arg>${SHOPPING_CART}</arg>
<status status="NOT RUN" start="2026-02-19T12:29:20.148281" elapsed="0.000000"/>
</kw>
<kw name="Page Should Contain" owner="SeleniumLibrary">
<arg>${search_item}</arg>
<doc>Verifies that current page contains ``text``.</doc>
<status status="NOT RUN" start="2026-02-19T12:29:20.148281" elapsed="0.000000"/>
</kw>
<kw name="Element Should Be Visible" owner="SeleniumLibrary">
<arg>${QTY_INPUT}</arg>
<doc>Verifies that the element identified by ``locator`` is visible.</doc>
<status status="NOT RUN" start="2026-02-19T12:29:20.148281" elapsed="0.000000"/>
</kw>
<kw name="Clear Element Text" owner="SeleniumLibrary">
<arg>${QTY_INPUT}</arg>
<doc>Clears the value of the text-input-element identified by ``locator``.</doc>
<status status="NOT RUN" start="2026-02-19T12:29:20.148281" elapsed="0.000000"/>
</kw>
<kw name="Input Text Safe" owner="common">
<arg>${QTY_INPUT}</arg>
<arg>2</arg>
<status status="NOT RUN" start="2026-02-19T12:29:20.148281" elapsed="0.001512"/>
</kw>
<kw name="Click Element Safe" owner="common">
<arg>${UPDATE_CART_BTN}</arg>
<status status="NOT RUN" start="2026-02-19T12:29:20.150318" elapsed="0.000000"/>
</kw>
<kw name="Page Should Contain" owner="SeleniumLibrary">
<arg>${search_item}</arg>
<doc>Verifies that current page contains ``text``.</doc>
<status status="NOT RUN" start="2026-02-19T12:29:20.150318" elapsed="0.000000"/>
</kw>
<kw name="Select Checkbox" owner="SeleniumLibrary">
<arg>${REMOVE_CHECKBOX}</arg>
<doc>Selects the checkbox identified by ``locator``.</doc>
<status status="NOT RUN" start="2026-02-19T12:29:20.150318" elapsed="0.001007"/>
</kw>
<kw name="Click Element Safe" owner="common">
<arg>${UPDATE_CART_BTN}</arg>
<status status="NOT RUN" start="2026-02-19T12:29:20.151325" elapsed="0.001000"/>
</kw>
<kw name="Page Should Contain" owner="SeleniumLibrary">
<arg>Your Shopping Cart is empty!</arg>
<doc>Verifies that current page contains ``text``.</doc>
<status status="NOT RUN" start="2026-02-19T12:29:20.152325" elapsed="0.000998"/>
</kw>
<kw name="Element Should Be Visible" owner="SeleniumLibrary">
<arg>${LOGOUT_LINK}</arg>
<doc>Verifies that the element identified by ``locator`` is visible.</doc>
<status status="NOT RUN" start="2026-02-19T12:29:20.153323" elapsed="0.000000"/>
</kw>
<kw name="Click Element Safe" owner="common">
<arg>${LOGOUT_LINK}</arg>
<status status="NOT RUN" start="2026-02-19T12:29:20.153323" elapsed="0.001004"/>
</kw>
<kw name="Element Should Be Visible" owner="SeleniumLibrary">
<arg>${REGISTER_LINK}</arg>
<doc>Verifies that the element identified by ``locator`` is visible.</doc>
<status status="NOT RUN" start="2026-02-19T12:29:20.154327" elapsed="0.000000"/>
</kw>
<arg>firstname=Ravi</arg>
<arg>lastname=Kumar</arg>
<arg>email=user3</arg>
<arg>password=Test@789</arg>
<arg>confirm_password=Test@789</arg>
<arg>search_item=Music 2</arg>
<status status="FAIL" start="2026-02-19T12:29:18.583113" elapsed="1.571214">Element with locator 'Test@789' not found.</status>
</kw>
<status status="FAIL" start="2026-02-19T12:29:18.579934" elapsed="1.574393">Element with locator 'Test@789' not found.</status>
</test>
<test id="s1-s1-s1-s1-s1-t4" name="E2E Flow for user Sneha" line="10">
<kw name="Complete User Flow">
<kw name="Log" owner="BuiltIn">
<msg time="2026-02-19T12:29:20.164851" level="INFO">Sneha</msg>
<arg>${firstname}</arg>
<doc>Logs the given message with the given level.</doc>
<status status="PASS" start="2026-02-19T12:29:20.164851" elapsed="0.000000"/>
</kw>
<kw name="Element Should Be Visible" owner="SeleniumLibrary">
<msg time="2026-02-19T12:29:20.185520" level="INFO">Element 'xpath://a[text()='Register']' is displayed.</msg>
<arg>${REGISTER_LINK}</arg>
<doc>Verifies that the element identified by ``locator`` is visible.</doc>
<status status="PASS" start="2026-02-19T12:29:20.164851" elapsed="0.020669"/>
</kw>
<kw name="Click Element Safe" owner="common">
<kw name="Wait Until Element Is Visible" owner="SeleniumLibrary">
<arg>${locator}</arg>
<arg>5s</arg>
<doc>Waits until the element ``locator`` is visible.</doc>
<status status="PASS" start="2026-02-19T12:29:20.186525" elapsed="0.019958"/>
</kw>
<kw name="Click Element" owner="SeleniumLibrary">
<msg time="2026-02-19T12:29:20.208504" level="INFO">Clicking element 'xpath://a[text()='Register']'.</msg>
<arg>${locator}</arg>
<doc>Click the element identified by ``locator``.</doc>
<status status="PASS" start="2026-02-19T12:29:20.206483" elapsed="0.608862"/>
</kw>
<arg>${REGISTER_LINK}</arg>
<status status="PASS" start="2026-02-19T12:29:20.185520" elapsed="0.629825"/>
</kw>
<kw name="Page Should Contain" owner="SeleniumLibrary">
<msg time="2026-02-19T12:29:20.830433" level="INFO">Current page contains text 'Register'.</msg>
<arg>Register</arg>
<doc>Verifies that current page contains ``text``.</doc>
<status status="PASS" start="2026-02-19T12:29:20.815345" elapsed="0.015088"/>
</kw>
<kw name="Click Element" owner="SeleniumLibrary">
<msg time="2026-02-19T12:29:20.831430" level="INFO">Clicking element 'id:gender-male'.</msg>
<arg>id:gender-male</arg>
<doc>Click the element identified by ``locator``.</doc>
<status status="PASS" start="2026-02-19T12:29:20.830433" elapsed="0.085146"/>
</kw>
<kw name="Element Should Be Visible" owner="SeleniumLibrary">
<msg time="2026-02-19T12:29:20.938408" level="INFO">Element 'id:FirstName' is displayed.</msg>
<arg>${FIRSTNAME_FIELD}</arg>
<doc>Verifies that the element identified by ``locator`` is visible.</doc>
<status status="PASS" start="2026-02-19T12:29:20.915579" elapsed="0.023825"/>
</kw>
<kw name="Input Text Safe" owner="common">
<kw name="Wait Until Element Is Visible" owner="SeleniumLibrary">
<arg>${locator}</arg>
<arg>5s</arg>
<doc>Waits until the element ``locator`` is visible.</doc>
<status status="PASS" start="2026-02-19T12:29:20.942764" elapsed="0.023568"/>
</kw>
<kw name="Input Text" owner="SeleniumLibrary">
<msg time="2026-02-19T12:29:20.967838" level="INFO">Typing text 'Sneha' into text field 'id:FirstName'.</msg>
<arg>${locator}</arg>
<arg>${text}</arg>
<doc>Types the given ``text`` into the text field identified by ``locator``.</doc>
<status status="PASS" start="2026-02-19T12:29:20.967838" elapsed="0.215607"/>
</kw>
<arg>${FIRSTNAME_FIELD}</arg>
<arg>${firstname}</arg>
<status status="PASS" start="2026-02-19T12:29:20.940748" elapsed="0.242697"/>
</kw>
<kw name="Element Should Be Visible" owner="SeleniumLibrary">
<msg time="2026-02-19T12:29:21.210599" level="INFO">Element 'id:LastName' is displayed.</msg>
<arg>${LASTNAME_FIELD}</arg>
<doc>Verifies that the element identified by ``locator`` is visible.</doc>
<status status="PASS" start="2026-02-19T12:29:21.183445" elapsed="0.027154"/>
</kw>
<kw name="Input Text Safe" owner="common">
<kw name="Wait Until Element Is Visible" owner="SeleniumLibrary">
<arg>${locator}</arg>
<arg>5s</arg>
<doc>Waits until the element ``locator`` is visible.</doc>
<status status="PASS" start="2026-02-19T12:29:21.212599" elapsed="0.026327"/>
</kw>
<kw name="Input Text" owner="SeleniumLibrary">
<msg time="2026-02-19T12:29:21.239934" level="INFO">Typing text 'Sharma' into text field 'id:LastName'.</msg>
<arg>${locator}</arg>
<arg>${text}</arg>
<doc>Types the given ``text`` into the text field identified by ``locator``.</doc>
<status status="PASS" start="2026-02-19T12:29:21.238926" elapsed="0.141841"/>
</kw>
<arg>${LASTNAME_FIELD}</arg>
<arg>${lastname}</arg>
<status status="PASS" start="2026-02-19T12:29:21.210599" elapsed="0.171180"/>
</kw>
<kw name="Generate Random String" owner="String">
<msg time="2026-02-19T12:29:21.382780" level="INFO">${random} = 8181</msg>
<var>${random}</var>
<arg>4</arg>
<arg>[NUMBERS]</arg>
<doc>Generates a string with a desired ``length`` from the given ``chars``.</doc>
<status status="PASS" start="2026-02-19T12:29:21.381779" elapsed="0.001001"/>
</kw>
<kw name="Set Variable" owner="BuiltIn">
<msg time="2026-02-19T12:29:21.385320" level="INFO">${generated_email} = user48181@mail.com</msg>
<var>${generated_email}</var>
<arg>${email}${random}@mail.com</arg>
<doc>Returns the given values which can then be assigned to a variables.</doc>
<status status="PASS" start="2026-02-19T12:29:21.384306" elapsed="0.002031"/>
</kw>
<kw name="Element Should Be Visible" owner="SeleniumLibrary">
<msg time="2026-02-19T12:29:21.407486" level="INFO">Element 'id:Email' is displayed.</msg>
<arg>${EMAIL_FIELD}</arg>
<doc>Verifies that the element identified by ``locator`` is visible.</doc>
<status status="PASS" start="2026-02-19T12:29:21.386337" elapsed="0.021149"/>
</kw>
<kw name="Input Text Safe" owner="common">
<kw name="Wait Until Element Is Visible" owner="SeleniumLibrary">
<arg>${locator}</arg>
<arg>5s</arg>
<doc>Waits until the element ``locator`` is visible.</doc>
<status status="PASS" start="2026-02-19T12:29:21.408996" elapsed="0.016630"/>
</kw>
<kw name="Input Text" owner="SeleniumLibrary">
<msg time="2026-02-19T12:29:21.426627" level="INFO">Typing text 'user48181@mail.com' into text field 'id:Email'.</msg>
<arg>${locator}</arg>
<arg>${text}</arg>
<doc>Types the given ``text`` into the text field identified by ``locator``.</doc>
<status status="PASS" start="2026-02-19T12:29:21.425626" elapsed="0.169020"/>
</kw>
<arg>${EMAIL_FIELD}</arg>
<arg>${generated_email}</arg>
<status status="PASS" start="2026-02-19T12:29:21.407486" elapsed="0.187160"/>
</kw>
<kw name="Element Should Be Visible" owner="SeleniumLibrary">
<msg time="2026-02-19T12:29:21.613634" level="INFO">Element 'id:Password' is displayed.</msg>
<arg>${PASSWORD_FIELD}</arg>
<doc>Verifies that the element identified by ``locator`` is visible.</doc>
<status status="PASS" start="2026-02-19T12:29:21.594646" elapsed="0.018988"/>
</kw>
<kw name="Input Text Safe" owner="common">
<kw name="Wait Until Element Is Visible" owner="SeleniumLibrary">
<arg>${locator}</arg>
<arg>5s</arg>
<doc>Waits until the element ``locator`` is visible.</doc>
<status status="PASS" start="2026-02-19T12:29:21.614635" elapsed="0.017031"/>
</kw>
<kw name="Input Text" owner="SeleniumLibrary">
<msg time="2026-02-19T12:29:21.632669" level="INFO">Typing text 'Hello@123' into text field 'id:Password'.</msg>
<arg>${locator}</arg>
<arg>${text}</arg>
<doc>Types the given ``text`` into the text field identified by ``locator``.</doc>
<status status="PASS" start="2026-02-19T12:29:21.631666" elapsed="0.088603"/>
</kw>
<arg>${PASSWORD_FIELD}</arg>
<arg>${password}</arg>
<status status="PASS" start="2026-02-19T12:29:21.614635" elapsed="0.105634"/>
</kw>
<kw name="Element Should Be Visible" owner="SeleniumLibrary">
<msg time="2026-02-19T12:29:21.833397" level="INFO" html="true">&lt;/td&gt;&lt;/tr&gt;&lt;tr&gt;&lt;td colspan="3"&gt;&lt;a href="selenium-screenshot-10.png"&gt;&lt;img src="selenium-screenshot-10.png" width="800px"&gt;&lt;/a&gt;</msg>
<msg time="2026-02-19T12:29:21.833397" level="FAIL">Element with locator 'Hello@123' not found.</msg>
<arg>${CONFIRM_PASSWORD}</arg>
<doc>Verifies that the element identified by ``locator`` is visible.</doc>
<status status="FAIL" start="2026-02-19T12:29:21.720269" elapsed="0.115641">Element with locator 'Hello@123' not found.</status>
</kw>
<kw name="Input Text Safe" owner="common">
<arg>${CONFIRM_PASSWORD}</arg>
<arg>${confirm_password}</arg>
<status status="NOT RUN" start="2026-02-19T12:29:21.835910" elapsed="0.000000"/>
</kw>
<kw name="Click Element Safe" owner="common">
<arg>${REGISTER_BUTTON}</arg>
<status status="NOT RUN" start="2026-02-19T12:29:21.835910" elapsed="0.000000"/>
</kw>
<kw name="Page Should Contain" owner="SeleniumLibrary">
<arg>Your registration completed</arg>
<doc>Verifies that current page contains ``text``.</doc>
<status status="NOT RUN" start="2026-02-19T12:29:21.836920" elapsed="0.000000"/>
</kw>
<kw name="Click Element Safe" owner="common">
<arg>${LOGOUT_LINK}</arg>
<status status="NOT RUN" start="2026-02-19T12:29:21.836920" elapsed="0.000000"/>
</kw>
<kw name="Click Element Safe" owner="common">
<arg>${LOGIN_LINK}</arg>
<status status="NOT RUN" start="2026-02-19T12:29:21.836920" elapsed="0.000000"/>
</kw>
<kw name="Input Text Safe" owner="common">
<arg>${EMAIL_FIELD}</arg>
<arg>${generated_email}</arg>
<status status="NOT RUN" start="2026-02-19T12:29:21.836920" elapsed="0.000000"/>
</kw>
<kw name="Input Text Safe" owner="common">
<arg>${PASSWORD_FIELD}</arg>
<arg>${password}</arg>
<status status="NOT RUN" start="2026-02-19T12:29:21.836920" elapsed="0.000000"/>
</kw>
<kw name="Click Element Safe" owner="common">
<arg>${LOGIN_BUTTON}</arg>
<status status="NOT RUN" start="2026-02-19T12:29:21.837932" elapsed="0.000000"/>
</kw>
<kw name="Element Should Be Visible" owner="SeleniumLibrary">
<arg>${LOGOUT_LINK}</arg>
<doc>Verifies that the element identified by ``locator`` is visible.</doc>
<status status="NOT RUN" start="2026-02-19T12:29:21.837932" elapsed="0.000000"/>
</kw>
<kw name="Element Should Be Visible" owner="SeleniumLibrary">
<arg>${SEARCH_BOX}</arg>
<doc>Verifies that the element identified by ``locator`` is visible.</doc>
<status status="NOT RUN" start="2026-02-19T12:29:21.837932" elapsed="0.000000"/>
</kw>
<kw name="Input Text Safe" owner="common">
<arg>${SEARCH_BOX}</arg>
<arg>${search_item}</arg>
<status status="NOT RUN" start="2026-02-19T12:29:21.837932" elapsed="0.000000"/>
</kw>
<kw name="Click Element Safe" owner="common">
<arg>${SEARCH_BUTTON}</arg>
<status status="NOT RUN" start="2026-02-19T12:29:21.837932" elapsed="0.000000"/>
</kw>
<kw name="Page Should Contain" owner="SeleniumLibrary">
<arg>${search_item}</arg>
<doc>Verifies that current page contains ``text``.</doc>
<status status="NOT RUN" start="2026-02-19T12:29:21.838932" elapsed="0.000000"/>
</kw>
<kw name="Click Element Safe" owner="common">
<arg>${FIRST_PRODUCT}</arg>
<status status="NOT RUN" start="2026-02-19T12:29:21.838932" elapsed="0.000000"/>
</kw>
<kw name="Element Should Be Visible" owner="SeleniumLibrary">
<arg>${ADD_TO_CART_BTN}</arg>
<doc>Verifies that the element identified by ``locator`` is visible.</doc>
<status status="NOT RUN" start="2026-02-19T12:29:21.838932" elapsed="0.000000"/>
</kw>
<kw name="Click Element Safe" owner="common">
<arg>${ADD_TO_CART_BTN}</arg>
<status status="NOT RUN" start="2026-02-19T12:29:21.838932" elapsed="0.000000"/>
</kw>
<kw name="Wait Until Element Is Visible" owner="SeleniumLibrary">
<arg>${NOTIFICATION_BAR}</arg>
<doc>Waits until the element ``locator`` is visible.</doc>
<status status="NOT RUN" start="2026-02-19T12:29:21.838932" elapsed="0.001004"/>
</kw>
<kw name="Element Should Contain" owner="SeleniumLibrary">
<arg>${NOTIFICATION_BAR}</arg>
<arg>The product has been added</arg>
<doc>Verifies that element ``locator`` contains text ``expected``.</doc>
<status status="NOT RUN" start="2026-02-19T12:29:21.839936" elapsed="0.000000"/>
</kw>
<kw name="Click Element Safe" owner="common">
<arg>${SHOPPING_CART}</arg>
<status status="NOT RUN" start="2026-02-19T12:29:21.839936" elapsed="0.000000"/>
</kw>
<kw name="Page Should Contain" owner="SeleniumLibrary">
<arg>${search_item}</arg>
<doc>Verifies that current page contains ``text``.</doc>
<status status="NOT RUN" start="2026-02-19T12:29:21.839936" elapsed="0.000000"/>
</kw>
<kw name="Element Should Be Visible" owner="SeleniumLibrary">
<arg>${QTY_INPUT}</arg>
<doc>Verifies that the element identified by ``locator`` is visible.</doc>
<status status="NOT RUN" start="2026-02-19T12:29:21.839936" elapsed="0.000000"/>
</kw>
<kw name="Clear Element Text" owner="SeleniumLibrary">
<arg>${QTY_INPUT}</arg>
<doc>Clears the value of the text-input-element identified by ``locator``.</doc>
<status status="NOT RUN" start="2026-02-19T12:29:21.839936" elapsed="0.000000"/>
</kw>
<kw name="Input Text Safe" owner="common">
<arg>${QTY_INPUT}</arg>
<arg>2</arg>
<status status="NOT RUN" start="2026-02-19T12:29:21.840934" elapsed="0.000000"/>
</kw>
<kw name="Click Element Safe" owner="common">
<arg>${UPDATE_CART_BTN}</arg>
<status status="NOT RUN" start="2026-02-19T12:29:21.840934" elapsed="0.000000"/>
</kw>
<kw name="Page Should Contain" owner="SeleniumLibrary">
<arg>${search_item}</arg>
<doc>Verifies that current page contains ``text``.</doc>
<status status="NOT RUN" start="2026-02-19T12:29:21.840934" elapsed="0.000000"/>
</kw>
<kw name="Select Checkbox" owner="SeleniumLibrary">
<arg>${REMOVE_CHECKBOX}</arg>
<doc>Selects the checkbox identified by ``locator``.</doc>
<status status="NOT RUN" start="2026-02-19T12:29:21.840934" elapsed="0.000000"/>
</kw>
<kw name="Click Element Safe" owner="common">
<arg>${UPDATE_CART_BTN}</arg>
<status status="NOT RUN" start="2026-02-19T12:29:21.841937" elapsed="0.000000"/>
</kw>
<kw name="Page Should Contain" owner="SeleniumLibrary">
<arg>Your Shopping Cart is empty!</arg>
<doc>Verifies that current page contains ``text``.</doc>
<status status="NOT RUN" start="2026-02-19T12:29:21.841937" elapsed="0.000000"/>
</kw>
<kw name="Element Should Be Visible" owner="SeleniumLibrary">
<arg>${LOGOUT_LINK}</arg>
<doc>Verifies that the element identified by ``locator`` is visible.</doc>
<status status="NOT RUN" start="2026-02-19T12:29:21.841937" elapsed="0.000000"/>
</kw>
<kw name="Click Element Safe" owner="common">
<arg>${LOGOUT_LINK}</arg>
<status status="NOT RUN" start="2026-02-19T12:29:21.841937" elapsed="0.000000"/>
</kw>
<kw name="Element Should Be Visible" owner="SeleniumLibrary">
<arg>${REGISTER_LINK}</arg>
<doc>Verifies that the element identified by ``locator`` is visible.</doc>
<status status="NOT RUN" start="2026-02-19T12:29:21.841937" elapsed="0.000000"/>
</kw>
<arg>firstname=Sneha</arg>
<arg>lastname=Sharma</arg>
<arg>email=user4</arg>
<arg>password=Hello@123</arg>
<arg>confirm_password=Hello@123</arg>
<arg>search_item=Fiction</arg>
<status status="FAIL" start="2026-02-19T12:29:20.163853" elapsed="1.679082">Element with locator 'Hello@123' not found.</status>
</kw>
<status status="FAIL" start="2026-02-19T12:29:20.158325" elapsed="1.684610">Element with locator 'Hello@123' not found.</status>
</test>
<test id="s1-s1-s1-s1-s1-t5" name="E2E Flow for user Rahul" line="10">
<kw name="Complete User Flow">
<kw name="Log" owner="BuiltIn">
<msg time="2026-02-19T12:29:21.849437" level="INFO">Rahul</msg>
<arg>${firstname}</arg>
<doc>Logs the given message with the given level.</doc>
<status status="PASS" start="2026-02-19T12:29:21.849437" elapsed="0.001055"/>
</kw>
<kw name="Element Should Be Visible" owner="SeleniumLibrary">
<msg time="2026-02-19T12:29:21.869917" level="INFO">Element 'xpath://a[text()='Register']' is displayed.</msg>
<arg>${REGISTER_LINK}</arg>
<doc>Verifies that the element identified by ``locator`` is visible.</doc>
<status status="PASS" start="2026-02-19T12:29:21.850492" elapsed="0.020418"/>
</kw>
<kw name="Click Element Safe" owner="common">
<kw name="Wait Until Element Is Visible" owner="SeleniumLibrary">
<arg>${locator}</arg>
<arg>5s</arg>
<doc>Waits until the element ``locator`` is visible.</doc>
<status status="PASS" start="2026-02-19T12:29:21.871903" elapsed="0.015795"/>
</kw>
<kw name="Click Element" owner="SeleniumLibrary">
<msg time="2026-02-19T12:29:21.888696" level="INFO">Clicking element 'xpath://a[text()='Register']'.</msg>
<arg>${locator}</arg>
<doc>Click the element identified by ``locator``.</doc>
<status status="PASS" start="2026-02-19T12:29:21.887698" elapsed="0.550936"/>
</kw>
<arg>${REGISTER_LINK}</arg>
<status status="PASS" start="2026-02-19T12:29:21.870910" elapsed="0.567724"/>
</kw>
<kw name="Page Should Contain" owner="SeleniumLibrary">
<msg time="2026-02-19T12:29:22.457743" level="INFO">Current page contains text 'Register'.</msg>
<arg>Register</arg>
<doc>Verifies that current page contains ``text``.</doc>
<status status="PASS" start="2026-02-19T12:29:22.440153" elapsed="0.018583"/>
</kw>
<kw name="Click Element" owner="SeleniumLibrary">
<msg time="2026-02-19T12:29:22.459733" level="INFO">Clicking element 'id:gender-male'.</msg>
<arg>id:gender-male</arg>
<doc>Click the element identified by ``locator``.</doc>
<status status="PASS" start="2026-02-19T12:29:22.458736" elapsed="0.072559"/>
</kw>
<kw name="Element Should Be Visible" owner="SeleniumLibrary">
<msg time="2026-02-19T12:29:22.546385" level="INFO">Element 'id:FirstName' is displayed.</msg>
<arg>${FIRSTNAME_FIELD}</arg>
<doc>Verifies that the element identified by ``locator`` is visible.</doc>
<status status="PASS" start="2026-02-19T12:29:22.531295" elapsed="0.015090"/>
</kw>
<kw name="Input Text Safe" owner="common">
<kw name="Wait Until Element Is Visible" owner="SeleniumLibrary">
<arg>${locator}</arg>
<arg>5s</arg>
<doc>Waits until the element ``locator`` is visible.</doc>
<status status="PASS" start="2026-02-19T12:29:22.547419" elapsed="0.015493"/>
</kw>
<kw name="Input Text" owner="SeleniumLibrary">
<msg time="2026-02-19T12:29:22.562912" level="INFO">Typing text 'Rahul' into text field 'id:FirstName'.</msg>
<arg>${locator}</arg>
<arg>${text}</arg>
<doc>Types the given ``text`` into the text field identified by ``locator``.</doc>
<status status="PASS" start="2026-02-19T12:29:22.562912" elapsed="0.101464"/>
</kw>
<arg>${FIRSTNAME_FIELD}</arg>
<arg>${firstname}</arg>
<status status="PASS" start="2026-02-19T12:29:22.546385" elapsed="0.119009"/>
</kw>
<kw name="Element Should Be Visible" owner="SeleniumLibrary">
<msg time="2026-02-19T12:29:22.687562" level="INFO">Element 'id:LastName' is displayed.</msg>
<arg>${LASTNAME_FIELD}</arg>
<doc>Verifies that the element identified by ``locator`` is visible.</doc>
<status status="PASS" start="2026-02-19T12:29:22.665394" elapsed="0.022168"/>
</kw>
<kw name="Input Text Safe" owner="common">
<kw name="Wait Until Element Is Visible" owner="SeleniumLibrary">
<arg>${locator}</arg>
<arg>5s</arg>
<doc>Waits until the element ``locator`` is visible.</doc>
<status status="PASS" start="2026-02-19T12:29:22.691085" elapsed="0.012617"/>
</kw>
<kw name="Input Text" owner="SeleniumLibrary">
<msg time="2026-02-19T12:29:22.704710" level="INFO">Typing text 'Verma' into text field 'id:LastName'.</msg>
<arg>${locator}</arg>
<arg>${text}</arg>
<doc>Types the given ``text`` into the text field identified by ``locator``.</doc>
<status status="PASS" start="2026-02-19T12:29:22.703702" elapsed="0.082805"/>
</kw>
<arg>${LASTNAME_FIELD}</arg>
<arg>${lastname}</arg>
<status status="PASS" start="2026-02-19T12:29:22.690089" elapsed="0.097438"/>
</kw>
<kw name="Generate Random String" owner="String">
<msg time="2026-02-19T12:29:22.787527" level="INFO">${random} = 9149</msg>
<var>${random}</var>
<arg>4</arg>
<arg>[NUMBERS]</arg>
<doc>Generates a string with a desired ``length`` from the given ``chars``.</doc>
<status status="PASS" start="2026-02-19T12:29:22.787527" elapsed="0.000990"/>
</kw>
<kw name="Set Variable" owner="BuiltIn">
<msg time="2026-02-19T12:29:22.789515" level="INFO">${generated_email} = user59149@mail.com</msg>
<var>${generated_email}</var>
<arg>${email}${random}@mail.com</arg>
<doc>Returns the given values which can then be assigned to a variables.</doc>
<status status="PASS" start="2026-02-19T12:29:22.788517" elapsed="0.000998"/>
</kw>
<kw name="Element Should Be Visible" owner="SeleniumLibrary">
<msg time="2026-02-19T12:29:22.803620" level="INFO">Element 'id:Email' is displayed.</msg>
<arg>${EMAIL_FIELD}</arg>
<doc>Verifies that the element identified by ``locator`` is visible.</doc>
<status status="PASS" start="2026-02-19T12:29:22.789515" elapsed="0.014105"/>
</kw>
<kw name="Input Text Safe" owner="common">
<kw name="Wait Until Element Is Visible" owner="SeleniumLibrary">
<arg>${locator}</arg>
<arg>5s</arg>
<doc>Waits until the element ``locator`` is visible.</doc>
<status status="PASS" start="2026-02-19T12:29:22.804624" elapsed="0.015984"/>
</kw>
<kw name="Input Text" owner="SeleniumLibrary">
<msg time="2026-02-19T12:29:22.821634" level="INFO">Typing text 'user59149@mail.com' into text field 'id:Email'.</msg>
<arg>${locator}</arg>
<arg>${text}</arg>
<doc>Types the given ``text`` into the text field identified by ``locator``.</doc>
<status status="PASS" start="2026-02-19T12:29:22.820608" elapsed="0.117034"/>
</kw>
<arg>${EMAIL_FIELD}</arg>
<arg>${generated_email}</arg>
<status status="PASS" start="2026-02-19T12:29:22.803620" elapsed="0.134022"/>
</kw>
<kw name="Element Should Be Visible" owner="SeleniumLibrary">
<msg time="2026-02-19T12:29:22.959143" level="INFO">Element 'id:Password' is displayed.</msg>
<arg>${PASSWORD_FIELD}</arg>
<doc>Verifies that the element identified by ``locator`` is visible.</doc>
<status status="PASS" start="2026-02-19T12:29:22.937642" elapsed="0.022505"/>
</kw>
<kw name="Input Text Safe" owner="common">
<kw name="Wait Until Element Is Visible" owner="SeleniumLibrary">
<arg>${locator}</arg>
<arg>5s</arg>
<doc>Waits until the element ``locator`` is visible.</doc>
<status status="PASS" start="2026-02-19T12:29:22.961138" elapsed="0.015585"/>
</kw>
<kw name="Input Text" owner="SeleniumLibrary">
<msg time="2026-02-19T12:29:22.977247" level="INFO">Typing text 'Hello@456' into text field 'id:Password'.</msg>
<arg>${locator}</arg>
<arg>${text}</arg>
<doc>Types the given ``text`` into the text field identified by ``locator``.</doc>
<status status="PASS" start="2026-02-19T12:29:22.977247" elapsed="0.078330"/>
</kw>
<arg>${PASSWORD_FIELD}</arg>
<arg>${password}</arg>
<status status="PASS" start="2026-02-19T12:29:22.961138" elapsed="0.094439"/>
</kw>
<kw name="Element Should Be Visible" owner="SeleniumLibrary">
<msg time="2026-02-19T12:29:23.200619" level="INFO" html="true">&lt;/td&gt;&lt;/tr&gt;&lt;tr&gt;&lt;td colspan="3"&gt;&lt;a href="selenium-screenshot-11.png"&gt;&lt;img src="selenium-screenshot-11.png" width="800px"&gt;&lt;/a&gt;</msg>
<msg time="2026-02-19T12:29:23.200619" level="FAIL">Element with locator 'Hello@456' not found.</msg>
<arg>${CONFIRM_PASSWORD}</arg>
<doc>Verifies that the element identified by ``locator`` is visible.</doc>
<status status="FAIL" start="2026-02-19T12:29:23.055577" elapsed="0.148061">Element with locator 'Hello@456' not found.</status>
</kw>
<kw name="Input Text Safe" owner="common">
<arg>${CONFIRM_PASSWORD}</arg>
<arg>${confirm_password}</arg>
<status status="NOT RUN" start="2026-02-19T12:29:23.203638" elapsed="0.000000"/>
</kw>
<kw name="Click Element Safe" owner="common">
<arg>${REGISTER_BUTTON}</arg>
<status status="NOT RUN" start="2026-02-19T12:29:23.204629" elapsed="0.000000"/>
</kw>
<kw name="Page Should Contain" owner="SeleniumLibrary">
<arg>Your registration completed</arg>
<doc>Verifies that current page contains ``text``.</doc>
<status status="NOT RUN" start="2026-02-19T12:29:23.204629" elapsed="0.000000"/>
</kw>
<kw name="Click Element Safe" owner="common">
<arg>${LOGOUT_LINK}</arg>
<status status="NOT RUN" start="2026-02-19T12:29:23.204629" elapsed="0.000000"/>
</kw>
<kw name="Click Element Safe" owner="common">
<arg>${LOGIN_LINK}</arg>
<status status="NOT RUN" start="2026-02-19T12:29:23.204629" elapsed="0.000000"/>
</kw>
<kw name="Input Text Safe" owner="common">
<arg>${EMAIL_FIELD}</arg>
<arg>${generated_email}</arg>
<status status="NOT RUN" start="2026-02-19T12:29:23.205625" elapsed="0.000000"/>
</kw>
<kw name="Input Text Safe" owner="common">
<arg>${PASSWORD_FIELD}</arg>
<arg>${password}</arg>
<status status="NOT RUN" start="2026-02-19T12:29:23.205625" elapsed="0.000000"/>
</kw>
<kw name="Click Element Safe" owner="common">
<arg>${LOGIN_BUTTON}</arg>
<status status="NOT RUN" start="2026-02-19T12:29:23.205625" elapsed="0.000000"/>
</kw>
<kw name="Element Should Be Visible" owner="SeleniumLibrary">
<arg>${LOGOUT_LINK}</arg>
<doc>Verifies that the element identified by ``locator`` is visible.</doc>
<status status="NOT RUN" start="2026-02-19T12:29:23.205625" elapsed="0.000000"/>
</kw>
<kw name="Element Should Be Visible" owner="SeleniumLibrary">
<arg>${SEARCH_BOX}</arg>
<doc>Verifies that the element identified by ``locator`` is visible.</doc>
<status status="NOT RUN" start="2026-02-19T12:29:23.205625" elapsed="0.000000"/>
</kw>
<kw name="Input Text Safe" owner="common">
<arg>${SEARCH_BOX}</arg>
<arg>${search_item}</arg>
<status status="NOT RUN" start="2026-02-19T12:29:23.206641" elapsed="0.000000"/>
</kw>
<kw name="Click Element Safe" owner="common">
<arg>${SEARCH_BUTTON}</arg>
<status status="NOT RUN" start="2026-02-19T12:29:23.206641" elapsed="0.000000"/>
</kw>
<kw name="Page Should Contain" owner="SeleniumLibrary">
<arg>${search_item}</arg>
<doc>Verifies that current page contains ``text``.</doc>
<status status="NOT RUN" start="2026-02-19T12:29:23.206641" elapsed="0.000000"/>
</kw>
<kw name="Click Element Safe" owner="common">
<arg>${FIRST_PRODUCT}</arg>
<status status="NOT RUN" start="2026-02-19T12:29:23.206641" elapsed="0.000000"/>
</kw>
<kw name="Element Should Be Visible" owner="SeleniumLibrary">
<arg>${ADD_TO_CART_BTN}</arg>
<doc>Verifies that the element identified by ``locator`` is visible.</doc>
<status status="NOT RUN" start="2026-02-19T12:29:23.206641" elapsed="0.000000"/>
</kw>
<kw name="Click Element Safe" owner="common">
<arg>${ADD_TO_CART_BTN}</arg>
<status status="NOT RUN" start="2026-02-19T12:29:23.206641" elapsed="0.001105"/>
</kw>
<kw name="Wait Until Element Is Visible" owner="SeleniumLibrary">
<arg>${NOTIFICATION_BAR}</arg>
<doc>Waits until the element ``locator`` is visible.</doc>
<status status="NOT RUN" start="2026-02-19T12:29:23.207746" elapsed="0.000000"/>
</kw>
<kw name="Element Should Contain" owner="SeleniumLibrary">
<arg>${NOTIFICATION_BAR}</arg>
<arg>The product has been added</arg>
<doc>Verifies that element ``locator`` contains text ``expected``.</doc>
<status status="NOT RUN" start="2026-02-19T12:29:23.207746" elapsed="0.000000"/>
</kw>
<kw name="Click Element Safe" owner="common">
<arg>${SHOPPING_CART}</arg>
<status status="NOT RUN" start="2026-02-19T12:29:23.207746" elapsed="0.000000"/>
</kw>
<kw name="Page Should Contain" owner="SeleniumLibrary">
<arg>${search_item}</arg>
<doc>Verifies that current page contains ``text``.</doc>
<status status="NOT RUN" start="2026-02-19T12:29:23.207746" elapsed="0.000000"/>
</kw>
<kw name="Element Should Be Visible" owner="SeleniumLibrary">
<arg>${QTY_INPUT}</arg>
<doc>Verifies that the element identified by ``locator`` is visible.</doc>
<status status="NOT RUN" start="2026-02-19T12:29:23.207746" elapsed="0.001016"/>
</kw>
<kw name="Clear Element Text" owner="SeleniumLibrary">
<arg>${QTY_INPUT}</arg>
<doc>Clears the value of the text-input-element identified by ``locator``.</doc>
<status status="NOT RUN" start="2026-02-19T12:29:23.208762" elapsed="0.000000"/>
</kw>
<kw name="Input Text Safe" owner="common">
<arg>${QTY_INPUT}</arg>
<arg>2</arg>
<status status="NOT RUN" start="2026-02-19T12:29:23.208762" elapsed="0.000000"/>
</kw>
<kw name="Click Element Safe" owner="common">
<arg>${UPDATE_CART_BTN}</arg>
<status status="NOT RUN" start="2026-02-19T12:29:23.209267" elapsed="0.000000"/>
</kw>
<kw name="Page Should Contain" owner="SeleniumLibrary">
<arg>${search_item}</arg>
<doc>Verifies that current page contains ``text``.</doc>
<status status="NOT RUN" start="2026-02-19T12:29:23.209267" elapsed="0.000000"/>
</kw>
<kw name="Select Checkbox" owner="SeleniumLibrary">
<arg>${REMOVE_CHECKBOX}</arg>
<doc>Selects the checkbox identified by ``locator``.</doc>
<status status="NOT RUN" start="2026-02-19T12:29:23.209267" elapsed="0.000514"/>
</kw>
<kw name="Click Element Safe" owner="common">
<arg>${UPDATE_CART_BTN}</arg>
<status status="NOT RUN" start="2026-02-19T12:29:23.209781" elapsed="0.000000"/>
</kw>
<kw name="Page Should Contain" owner="SeleniumLibrary">
<arg>Your Shopping Cart is empty!</arg>
<doc>Verifies that current page contains ``text``.</doc>
<status status="NOT RUN" start="2026-02-19T12:29:23.209781" elapsed="0.000000"/>
</kw>
<kw name="Element Should Be Visible" owner="SeleniumLibrary">
<arg>${LOGOUT_LINK}</arg>
<doc>Verifies that the element identified by ``locator`` is visible.</doc>
<status status="NOT RUN" start="2026-02-19T12:29:23.209781" elapsed="0.000000"/>
</kw>
<kw name="Click Element Safe" owner="common">
<arg>${LOGOUT_LINK}</arg>
<status status="NOT RUN" start="2026-02-19T12:29:23.209781" elapsed="0.000000"/>
</kw>
<kw name="Element Should Be Visible" owner="SeleniumLibrary">
<arg>${REGISTER_LINK}</arg>
<doc>Verifies that the element identified by ``locator`` is visible.</doc>
<status status="NOT RUN" start="2026-02-19T12:29:23.209781" elapsed="0.000000"/>
</kw>
<arg>firstname=Rahul</arg>
<arg>lastname=Verma</arg>
<arg>email=user5</arg>
<arg>password=Hello@456</arg>
<arg>confirm_password=Hello@456</arg>
<arg>search_item=Black &amp; White Diamond Heart</arg>
<status status="FAIL" start="2026-02-19T12:29:21.848447" elapsed="1.362404">Element with locator 'Hello@456' not found.</status>
</kw>
<status status="FAIL" start="2026-02-19T12:29:21.844920" elapsed="1.365931">Element with locator 'Hello@456' not found.</status>
</test>
<kw name="Close Browser Session" owner="common" type="TEARDOWN">
<kw name="Close Browser" owner="SeleniumLibrary">
<doc>Closes the current browser.</doc>
<status status="PASS" start="2026-02-19T12:29:23.215036" elapsed="2.314374"/>
</kw>
<status status="PASS" start="2026-02-19T12:29:23.214019" elapsed="2.316395"/>
</kw>
<status status="FAIL" start="2026-02-19T12:29:09.318205" elapsed="16.212209"/>
</suite>
<status status="FAIL" start="2026-02-19T12:29:09.314200" elapsed="16.220227"/>
</suite>
<status status="FAIL" start="2026-02-19T12:29:09.310222" elapsed="16.227733"/>
</suite>
<status status="FAIL" start="2026-02-19T12:29:09.306220" elapsed="16.233752"/>
</suite>
<status status="FAIL" start="2026-02-19T12:29:09.231196" elapsed="16.309766"/>
</suite>
<statistics>
<total>
<stat pass="0" fail="5" skip="0">All Tests</stat>
</total>
<tag>
</tag>
<suite>
<stat name="pythonProjectwipro" id="s1" pass="0" fail="5" skip="0">pythonProjectwipro</stat>
<stat name="UI Ecommerce Project" id="s1-s1" pass="0" fail="5" skip="0">pythonProjectwipro.UI Ecommerce Project</stat>
<stat name="Robot" id="s1-s1-s1" pass="0" fail="5" skip="0">pythonProjectwipro.UI Ecommerce Project.Robot</stat>
<stat name="Tests" id="s1-s1-s1-s1" pass="0" fail="5" skip="0">pythonProjectwipro.UI Ecommerce Project.Robot.Tests</stat>
<stat name="E2E Flow" id="s1-s1-s1-s1-s1" pass="0" fail="5" skip="0">pythonProjectwipro.UI Ecommerce Project.Robot.Tests.E2E Flow</stat>
</suite>
</statistics>
<errors>
<msg time="2026-02-19T12:29:09.108284" level="WARN">Error in file 'C:\Users\Rohith\PycharmProjects\pythonProjectwipro\Jan2026.robot' on line 55: The '[Return]' setting is deprecated. Use the 'RETURN' statement instead.</msg>
</errors>
</robot>
