<?xml version="1.0" encoding="UTF-8"?>
<robot generator="Robot 7.4.1 (Python 3.14.2 on win32)" generated="2026-02-02T16:59:01.228304" rpa="false" schemaversion="5">
<suite id="s1" name="Setup Teardown" source="C:\Users\Rohith\PycharmProjects\pythonProjectwipro\Techademy_Assessment\Day14\setup_teardown.robot">
<kw name="Suite Level Setup" type="SETUP">
<kw name="Log" owner="BuiltIn">
<msg time="2026-02-02T16:59:02.271387" level="INFO">===== Suite Setup Started =====</msg>
<arg>===== Suite Setup Started =====</arg>
<doc>Logs the given message with the given level.</doc>
<status status="PASS" start="2026-02-02T16:59:02.270490" elapsed="0.001099"/>
</kw>
<status status="PASS" start="2026-02-02T16:59:02.267898" elapsed="0.004604"/>
</kw>
<test id="s1-t1" name="Open Example Site" line="14">
<kw name="Test Level Setup" type="SETUP">
<kw name="Log" owner="BuiltIn">
<msg time="2026-02-02T16:59:02.276661" level="INFO">==== Test Setup Started ======</msg>
<arg>==== Test Setup Started ======</arg>
<doc>Logs the given message with the given level.</doc>
<status status="PASS" start="2026-02-02T16:59:02.275801" elapsed="0.000995"/>
</kw>
<status status="PASS" start="2026-02-02T16:59:02.274334" elapsed="0.002648"/>
</kw>
<kw name="Open Browser" owner="SeleniumLibrary">
<msg time="2026-02-02T16:59:02.278460" level="INFO">Opening browser 'chrome' to base url 'https://example.com'.</msg>
<arg>${URL}</arg>
<arg>${BROWSER}</arg>
<doc>Opens a new browser instance to the optional ``url``.</doc>
<status status="PASS" start="2026-02-02T16:59:02.277942" elapsed="2.816045"/>
</kw>
<kw name="Title Should Be" owner="SeleniumLibrary">
<msg time="2026-02-02T16:59:05.337430" level="INFO">Page title is 'Example Domain'.</msg>
<arg>Example Domain</arg>
<doc>Verifies that the current page title equals ``title``.</doc>
<status status="PASS" start="2026-02-02T16:59:05.107343" elapsed="0.230547"/>
</kw>
<kw name="Sleep" owner="BuiltIn">
<msg time="2026-02-02T16:59:10.350643" level="INFO">Slept 5 seconds.</msg>
<arg>5s</arg>
<doc>Pauses the test executed for the given time.</doc>
<status status="PASS" start="2026-02-02T16:59:05.343955" elapsed="5.007704"/>
</kw>
<kw name="Close Browser" owner="SeleniumLibrary">
<doc>Closes the current browser.</doc>
<status status="PASS" start="2026-02-02T16:59:10.354674" elapsed="3.444878"/>
</kw>
<kw name="Test Level Teardown" type="TEARDOWN">
<kw name="Log" owner="BuiltIn">
<msg time="2026-02-02T16:59:13.801857" level="INFO">==== Test Teardown Completed =====</msg>
<arg>==== Test Teardown Completed =====</arg>
<doc>Logs the given message with the given level.</doc>
<status status="PASS" start="2026-02-02T16:59:13.801264" elapsed="0.000686"/>
</kw>
<status status="PASS" start="2026-02-02T16:59:13.800773" elapsed="0.001300"/>
</kw>
<tag>regression</tag>
<tag>smoke</tag>
<status status="PASS" start="2026-02-02T16:59:02.272830" elapsed="11.529662"/>
</test>
<kw name="Suite Level Teardown" type="TEARDOWN">
<kw name="Log" owner="BuiltIn">
<msg time="2026-02-02T16:59:13.804755" level="INFO">===== Suite Teardown Completed =====</msg>
<arg>===== Suite Teardown Completed =====</arg>
<doc>Logs the given message with the given level.</doc>
<status status="PASS" start="2026-02-02T16:59:13.804475" elapsed="0.000342"/>
</kw>
<status status="PASS" start="2026-02-02T16:59:13.804226" elapsed="0.000678"/>
</kw>
<status status="PASS" start="2026-02-02T16:59:01.236250" elapsed="12.568693"/>
</suite>
<statistics>
<total>
<stat pass="1" fail="0" skip="0">All Tests</stat>
</total>
<tag>
<stat pass="1" fail="0" skip="0">regression</stat>
<stat pass="1" fail="0" skip="0">smoke</stat>
</tag>
<suite>
<stat name="Setup Teardown" id="s1" pass="1" fail="0" skip="0">Setup Teardown</stat>
</suite>
</statistics>
<errors>
</errors>
</robot>
